<?xml version="1.0" encoding="UTF-8"?>
<testsuites>
  <testsuite name="Test suite" timestamp="2023-03-15T13:25:12" time="38.307" tests="2" failures="0" errors="0" skipped="0">
    <properties>
      <property name="specId" value="0"/>
      <property name="suiteName" value="Test suite"/>
      <property name="capabilities" value="chrome.111_0_5563_65.windows"/>
      <property name="file" value="file:///C:/Users/E3RA/Desktop/Epam_Test_2/test/specs/test.spec.js"/>
    </properties>
    <testcase classname="chrome.111_0_5563_65.windows.Test_suite" name="Hurt Me Plenty" time="22.077">
      <system-out><![CDATA[
COMMAND: POST /session/13ab040204d7fbe2b5aee74b909a6e86/window/maximize - {}
COMMAND: POST /session/13ab040204d7fbe2b5aee74b909a6e86/url - {"url":"https://cloud.google.com/"}
RESULT: {}
RESULT: {"url":"https://cloud.google.com/"}
COMMAND: POST /session/13ab040204d7fbe2b5aee74b909a6e86/element - {"using":"xpath","value":"//input[@class = \"devsite-search-field devsite-search-query\"]"}
RESULT: {"using":"xpath","value":"//input[@class = \"devsite-search-field devsite-search-query\"]"}
COMMAND: POST /session/13ab040204d7fbe2b5aee74b909a6e86/element/ed40842e-4a9c-40ae-b98a-32b92e493bda/clear - {}
RESULT: {}
COMMAND: POST /session/13ab040204d7fbe2b5aee74b909a6e86/element/ed40842e-4a9c-40ae-b98a-32b92e493bda/value - {"text":"Google Cloud Platform Pricing Calculator"}
RESULT: {"text":"Google Cloud Platform Pricing Calculator"}
COMMAND: POST /session/13ab040204d7fbe2b5aee74b909a6e86/element - {"using":"xpath","value":"//a[@data-ctorig = \"https://cloud.google.com/products/calculator\"]"}
RESULT: {"using":"xpath","value":"//a[@data-ctorig = \"https://cloud.google.com/products/calculator\"]"}
COMMAND: POST /session/13ab040204d7fbe2b5aee74b909a6e86/elements - {"using":"xpath","value":"//a[@data-ctorig = \"https://cloud.google.com/products/calculator\"]"}
RESULT: {"using":"xpath","value":"//a[@data-ctorig = \"https://cloud.google.com/products/calculator\"]"}
COMMAND: POST /session/13ab040204d7fbe2b5aee74b909a6e86/elements - {"using":"xpath","value":"//a[@data-ctorig = \"https://cloud.google.com/products/calculator\"]"}
RESULT: {"using":"xpath","value":"//a[@data-ctorig = \"https://cloud.google.com/products/calculator\"]"}
COMMAND: POST /session/13ab040204d7fbe2b5aee74b909a6e86/elements - {"using":"xpath","value":"//a[@data-ctorig = \"https://cloud.google.com/products/calculator\"]"}
RESULT: {"using":"xpath","value":"//a[@data-ctorig = \"https://cloud.google.com/products/calculator\"]"}
COMMAND: POST /session/13ab040204d7fbe2b5aee74b909a6e86/elements - {"using":"xpath","value":"//a[@data-ctorig = \"https://cloud.google.com/products/calculator\"]"}
RESULT: {"using":"xpath","value":"//a[@data-ctorig = \"https://cloud.google.com/products/calculator\"]"}
COMMAND: POST /session/13ab040204d7fbe2b5aee74b909a6e86/elements - {"using":"xpath","value":"//a[@data-ctorig = \"https://cloud.google.com/products/calculator\"]"}
RESULT: {"using":"xpath","value":"//a[@data-ctorig = \"https://cloud.google.com/products/calculator\"]"}
COMMAND: POST /session/13ab040204d7fbe2b5aee74b909a6e86/elements - {"using":"xpath","value":"//a[@data-ctorig = \"https://cloud.google.com/products/calculator\"]"}
RESULT: {"using":"xpath","value":"//a[@data-ctorig = \"https://cloud.google.com/products/calculator\"]"}
COMMAND: POST /session/13ab040204d7fbe2b5aee74b909a6e86/element - {"using":"xpath","value":"//a[@data-ctorig = \"https://cloud.google.com/products/calculator\"]"}
RESULT: {"using":"xpath","value":"//a[@data-ctorig = \"https://cloud.google.com/products/calculator\"]"}
COMMAND: POST /session/13ab040204d7fbe2b5aee74b909a6e86/element/c072fbdd-cb15-40c8-8640-5a04a1eb597f/click - {}
RESULT: {}
COMMAND: GET /session/13ab040204d7fbe2b5aee74b909a6e86/title - {}
RESULT: {}
COMMAND: POST /session/13ab040204d7fbe2b5aee74b909a6e86/element - {"using":"css selector","value":"#gc-wrapper cloudx-chat"}
RESULT: {"using":"css selector","value":"#gc-wrapper cloudx-chat"}
COMMAND: POST /session/13ab040204d7fbe2b5aee74b909a6e86/execute/sync - {"script":"return (function (elem, id) {\n        return (function() {\n      // element has a shadowRoot property\n      if (this.shadowRoot) {\n        return this.shadowRoot.querySelector('#container > div.message-container > span.close')\n      }\n      // fall back to querying the element directly if not\n      return this.querySelector('#container > div.message-container > span.close')\n    }).call(elem, id);\n    }).apply(null, arguments)","args":[{"element-6066-11e4-a52e-4f735466cecf":"fc7e3180-1383-447b-b19b-9751e6846adc","ELEMENT":"fc7e3180-1383-447b-b19b-9751e6846adc"},null]}
RESULT: {"script":"return (function (elem, id) {\n        return (function() {\n      // element has a shadowRoot property\n      if (this.shadowRoot) {\n        return this.shadowRoot.querySelector('#container > div.message-container > span.close')\n      }\n      // fall back to querying the element directly if not\n      return this.querySelector('#container > div.message-container > span.close')\n    }).call(elem, id);\n    }).apply(null, arguments)","args":[{"element-6066-11e4-a52e-4f735466cecf":"fc7e3180-1383-447b-b19b-9751e6846adc","ELEMENT":"fc7e3180-1383-447b-b19b-9751e6846adc"},null]}
COMMAND: POST /session/13ab040204d7fbe2b5aee74b909a6e86/execute/sync - {"script":"return (function isElementDisplayed(element) {\n    function nodeIsElement(node) {\n        if (!node) {\n            return false;\n        }\n        switch (node.nodeType) {\n            case Node.ELEMEN ... (7807 more bytes)","args":[{"element-6066-11e4-a52e-4f735466cecf":"7c386984-e9f2-4ac6-8ad7-afbb694ad03b","ELEMENT":"7c386984-e9f2-4ac6-8ad7-afbb694ad03b"}]}
RESULT: {"script":"return (function isElementDisplayed(element) {\n    function nodeIsElement(node) {\n        if (!node) {\n            return false;\n        }\n        switch (node.nodeType) {\n            case Node.ELEMEN ... (7807 more bytes)","args":[{"element-6066-11e4-a52e-4f735466cecf":"7c386984-e9f2-4ac6-8ad7-afbb694ad03b","ELEMENT":"7c386984-e9f2-4ac6-8ad7-afbb694ad03b"}]}
COMMAND: POST /session/13ab040204d7fbe2b5aee74b909a6e86/execute/sync - {"script":"return (function isElementDisplayed(element) {\n    function nodeIsElement(node) {\n        if (!node) {\n            return false;\n        }\n        switch (node.nodeType) {\n            case Node.ELEMEN ... (7807 more bytes)","args":[{"element-6066-11e4-a52e-4f735466cecf":"7c386984-e9f2-4ac6-8ad7-afbb694ad03b","ELEMENT":"7c386984-e9f2-4ac6-8ad7-afbb694ad03b"}]}
RESULT: {"script":"return (function isElementDisplayed(element) {\n    function nodeIsElement(node) {\n        if (!node) {\n            return false;\n        }\n        switch (node.nodeType) {\n            case Node.ELEMEN ... (7807 more bytes)","args":[{"element-6066-11e4-a52e-4f735466cecf":"7c386984-e9f2-4ac6-8ad7-afbb694ad03b","ELEMENT":"7c386984-e9f2-4ac6-8ad7-afbb694ad03b"}]}
COMMAND: POST /session/13ab040204d7fbe2b5aee74b909a6e86/element - {"using":"css selector","value":"#gc-wrapper cloudx-chat"}
RESULT: {"using":"css selector","value":"#gc-wrapper cloudx-chat"}
COMMAND: POST /session/13ab040204d7fbe2b5aee74b909a6e86/execute/sync - {"script":"return (function (elem, id) {\n        return (function() {\n      // element has a shadowRoot property\n      if (this.shadowRoot) {\n        return this.shadowRoot.querySelector('#container > div.message-container > span.close')\n      }\n      // fall back to querying the element directly if not\n      return this.querySelector('#container > div.message-container > span.close')\n    }).call(elem, id);\n    }).apply(null, arguments)","args":[{"element-6066-11e4-a52e-4f735466cecf":"fc7e3180-1383-447b-b19b-9751e6846adc","ELEMENT":"fc7e3180-1383-447b-b19b-9751e6846adc"},null]}
RESULT: {"script":"return (function (elem, id) {\n        return (function() {\n      // element has a shadowRoot property\n      if (this.shadowRoot) {\n        return this.shadowRoot.querySelector('#container > div.message-container > span.close')\n      }\n      // fall back to querying the element directly if not\n      return this.querySelector('#container > div.message-container > span.close')\n    }).call(elem, id);\n    }).apply(null, arguments)","args":[{"element-6066-11e4-a52e-4f735466cecf":"fc7e3180-1383-447b-b19b-9751e6846adc","ELEMENT":"fc7e3180-1383-447b-b19b-9751e6846adc"},null]}
COMMAND: POST /session/13ab040204d7fbe2b5aee74b909a6e86/element/7c386984-e9f2-4ac6-8ad7-afbb694ad03b/click - {}
RESULT: {}
COMMAND: POST /session/13ab040204d7fbe2b5aee74b909a6e86/element - {"using":"css selector","value":"#cloud-site  iframe"}
RESULT: {"using":"css selector","value":"#cloud-site  iframe"}
COMMAND: POST /session/13ab040204d7fbe2b5aee74b909a6e86/execute/sync - {"script":"return (function isElementDisplayed(element) {\n    function nodeIsElement(node) {\n        if (!node) {\n            return false;\n        }\n        switch (node.nodeType) {\n            case Node.ELEMEN ... (7807 more bytes)","args":[{"element-6066-11e4-a52e-4f735466cecf":"0c050dec-32f5-41ee-bcb4-283e6b454792","ELEMENT":"0c050dec-32f5-41ee-bcb4-283e6b454792"}]}
RESULT: {"script":"return (function isElementDisplayed(element) {\n    function nodeIsElement(node) {\n        if (!node) {\n            return false;\n        }\n        switch (node.nodeType) {\n            case Node.ELEMEN ... (7807 more bytes)","args":[{"element-6066-11e4-a52e-4f735466cecf":"0c050dec-32f5-41ee-bcb4-283e6b454792","ELEMENT":"0c050dec-32f5-41ee-bcb4-283e6b454792"}]}
COMMAND: POST /session/13ab040204d7fbe2b5aee74b909a6e86/element - {"using":"css selector","value":"#cloud-site  iframe"}
RESULT: {"using":"css selector","value":"#cloud-site  iframe"}
COMMAND: POST /session/13ab040204d7fbe2b5aee74b909a6e86/frame - {"id":{"sessionId":"13ab040204d7fbe2b5aee74b909a6e86","elementId":"0c050dec-32f5-41ee-bcb4-283e6b454792","element-6066-11e4-a52e-4f735466cecf":"0c050dec-32f5-41ee-bcb4-283e6b454792","selector":"#cloud-site  iframe","parent":{"capabilities":{"acceptInsecureCerts":true,"browserName":"chrome","browserVersion":"111.0.5563.65","chrome":{"chromedriverVersion":"110.0.5481.77 (65ed616c6e8ee3fe0ad64fe83796c020644d42af-refs/branch-heads/5481@{#839})","userDataDir":"C:\\Users\\E3RA\\AppData\\Local\\Temp\\scoped_dir2444_2103438081"},"goog:chromeOptions":{"debuggerAddress":"localhost:58780"},"networkConnectionEnabled":false,"pageLoadStrategy":"normal","platformName":"windows","proxy":{},"setWindowRect":true,"_":"6 more keys: [\"strictFileInteractability\",\"timeouts\",\"unhandledPromptBehavior\",\"webauthn:extension:credBlob\",\"webauthn:extension:largeBlob\",\"webauthn:virtualAuthenticators\"]"}},"isReactElement":false}}
RESULT: {"id":{"sessionId":"13ab040204d7fbe2b5aee74b909a6e86","elementId":"0c050dec-32f5-41ee-bcb4-283e6b454792","element-6066-11e4-a52e-4f735466cecf":"0c050dec-32f5-41ee-bcb4-283e6b454792","selector":"#cloud-site  iframe","parent":{"capabilities":{"acceptInsecureCerts":true,"browserName":"chrome","browserVersion":"111.0.5563.65","chrome":{"chromedriverVersion":"110.0.5481.77 (65ed616c6e8ee3fe0ad64fe83796c020644d42af-refs/branch-heads/5481@{#839})","userDataDir":"C:\\Users\\E3RA\\AppData\\Local\\Temp\\scoped_dir2444_2103438081"},"goog:chromeOptions":{"debuggerAddress":"localhost:58780"},"networkConnectionEnabled":false,"pageLoadStrategy":"normal","platformName":"windows","proxy":{},"setWindowRect":true,"_":"6 more keys: [\"strictFileInteractability\",\"timeouts\",\"unhandledPromptBehavior\",\"webauthn:extension:credBlob\",\"webauthn:extension:largeBlob\",\"webauthn:virtualAuthenticators\"]"}},"isReactElement":false}}
COMMAND: POST /session/13ab040204d7fbe2b5aee74b909a6e86/element - {"using":"css selector","value":"#myFrame"}
RESULT: {"using":"css selector","value":"#myFrame"}
COMMAND: POST /session/13ab040204d7fbe2b5aee74b909a6e86/execute/sync - {"script":"return (function isElementDisplayed(element) {\n    function nodeIsElement(node) {\n        if (!node) {\n            return false;\n        }\n        switch (node.nodeType) {\n            case Node.ELEMEN ... (7807 more bytes)","args":[{"element-6066-11e4-a52e-4f735466cecf":"1a5727e1-5185-4bf2-b8f2-f42340078379","ELEMENT":"1a5727e1-5185-4bf2-b8f2-f42340078379"}]}
RESULT: {"script":"return (function isElementDisplayed(element) {\n    function nodeIsElement(node) {\n        if (!node) {\n            return false;\n        }\n        switch (node.nodeType) {\n            case Node.ELEMEN ... (7807 more bytes)","args":[{"element-6066-11e4-a52e-4f735466cecf":"1a5727e1-5185-4bf2-b8f2-f42340078379","ELEMENT":"1a5727e1-5185-4bf2-b8f2-f42340078379"}]}
COMMAND: POST /session/13ab040204d7fbe2b5aee74b909a6e86/element - {"using":"css selector","value":"#myFrame"}
RESULT: {"using":"css selector","value":"#myFrame"}
COMMAND: POST /session/13ab040204d7fbe2b5aee74b909a6e86/frame - {"id":{"sessionId":"13ab040204d7fbe2b5aee74b909a6e86","elementId":"1a5727e1-5185-4bf2-b8f2-f42340078379","element-6066-11e4-a52e-4f735466cecf":"1a5727e1-5185-4bf2-b8f2-f42340078379","selector":"#myFrame","parent":{"capabilities":{"acceptInsecureCerts":true,"browserName":"chrome","browserVersion":"111.0.5563.65","chrome":{"chromedriverVersion":"110.0.5481.77 (65ed616c6e8ee3fe0ad64fe83796c020644d42af-refs/branch-heads/5481@{#839})","userDataDir":"C:\\Users\\E3RA\\AppData\\Local\\Temp\\scoped_dir2444_2103438081"},"goog:chromeOptions":{"debuggerAddress":"localhost:58780"},"networkConnectionEnabled":false,"pageLoadStrategy":"normal","platformName":"windows","proxy":{},"setWindowRect":true,"_":"6 more keys: [\"strictFileInteractability\",\"timeouts\",\"unhandledPromptBehavior\",\"webauthn:extension:credBlob\",\"webauthn:extension:largeBlob\",\"webauthn:virtualAuthenticators\"]"}},"isReactElement":false}}
RESULT: {"id":{"sessionId":"13ab040204d7fbe2b5aee74b909a6e86","elementId":"1a5727e1-5185-4bf2-b8f2-f42340078379","element-6066-11e4-a52e-4f735466cecf":"1a5727e1-5185-4bf2-b8f2-f42340078379","selector":"#myFrame","parent":{"capabilities":{"acceptInsecureCerts":true,"browserName":"chrome","browserVersion":"111.0.5563.65","chrome":{"chromedriverVersion":"110.0.5481.77 (65ed616c6e8ee3fe0ad64fe83796c020644d42af-refs/branch-heads/5481@{#839})","userDataDir":"C:\\Users\\E3RA\\AppData\\Local\\Temp\\scoped_dir2444_2103438081"},"goog:chromeOptions":{"debuggerAddress":"localhost:58780"},"networkConnectionEnabled":false,"pageLoadStrategy":"normal","platformName":"windows","proxy":{},"setWindowRect":true,"_":"6 more keys: [\"strictFileInteractability\",\"timeouts\",\"unhandledPromptBehavior\",\"webauthn:extension:credBlob\",\"webauthn:extension:largeBlob\",\"webauthn:virtualAuthenticators\"]"}},"isReactElement":false}}
COMMAND: POST /session/13ab040204d7fbe2b5aee74b909a6e86/element - {"using":"css selector","value":"#input_93"}
RESULT: {"using":"css selector","value":"#input_93"}
COMMAND: POST /session/13ab040204d7fbe2b5aee74b909a6e86/element/aa2d76e7-7e79-4425-927b-f6fd42f528f8/click - {}
RESULT: {}
COMMAND: POST /session/13ab040204d7fbe2b5aee74b909a6e86/element - {"using":"css selector","value":"#input_93"}
RESULT: {"using":"css selector","value":"#input_93"}
COMMAND: POST /session/13ab040204d7fbe2b5aee74b909a6e86/element/aa2d76e7-7e79-4425-927b-f6fd42f528f8/clear - {}
RESULT: {}
COMMAND: POST /session/13ab040204d7fbe2b5aee74b909a6e86/element/aa2d76e7-7e79-4425-927b-f6fd42f528f8/value - {"text":"4"}
RESULT: {"text":"4"}
COMMAND: POST /session/13ab040204d7fbe2b5aee74b909a6e86/element - {"using":"css selector","value":"#select_value_label_88"}
RESULT: {"using":"css selector","value":"#select_value_label_88"}
COMMAND: POST /session/13ab040204d7fbe2b5aee74b909a6e86/element/ad5b6d12-f069-458e-a022-ee801f0551e5/click - {}
RESULT: {}
COMMAND: POST /session/13ab040204d7fbe2b5aee74b909a6e86/element - {"using":"xpath","value":"//div[contains (text(), \"N1\")]"}
RESULT: {"using":"xpath","value":"//div[contains (text(), \"N1\")]"}
COMMAND: POST /session/13ab040204d7fbe2b5aee74b909a6e86/execute/sync - {"script":"return (function isElementDisplayed(element) {\n    function nodeIsElement(node) {\n        if (!node) {\n            return false;\n        }\n        switch (node.nodeType) {\n            case Node.ELEMEN ... (7807 more bytes)","args":[{"element-6066-11e4-a52e-4f735466cecf":"0dd554c3-7114-40f2-8e6a-da2d8424eda6","ELEMENT":"0dd554c3-7114-40f2-8e6a-da2d8424eda6"}]}
RESULT: {"script":"return (function isElementDisplayed(element) {\n    function nodeIsElement(node) {\n        if (!node) {\n            return false;\n        }\n        switch (node.nodeType) {\n            case Node.ELEMEN ... (7807 more bytes)","args":[{"element-6066-11e4-a52e-4f735466cecf":"0dd554c3-7114-40f2-8e6a-da2d8424eda6","ELEMENT":"0dd554c3-7114-40f2-8e6a-da2d8424eda6"}]}
COMMAND: POST /session/13ab040204d7fbe2b5aee74b909a6e86/execute/sync - {"script":"return (function isElementDisplayed(element) {\n    function nodeIsElement(node) {\n        if (!node) {\n            return false;\n        }\n        switch (node.nodeType) {\n            case Node.ELEMEN ... (7807 more bytes)","args":[{"element-6066-11e4-a52e-4f735466cecf":"0dd554c3-7114-40f2-8e6a-da2d8424eda6","ELEMENT":"0dd554c3-7114-40f2-8e6a-da2d8424eda6"}]}
RESULT: {"script":"return (function isElementDisplayed(element) {\n    function nodeIsElement(node) {\n        if (!node) {\n            return false;\n        }\n        switch (node.nodeType) {\n            case Node.ELEMEN ... (7807 more bytes)","args":[{"element-6066-11e4-a52e-4f735466cecf":"0dd554c3-7114-40f2-8e6a-da2d8424eda6","ELEMENT":"0dd554c3-7114-40f2-8e6a-da2d8424eda6"}]}
COMMAND: POST /session/13ab040204d7fbe2b5aee74b909a6e86/element - {"using":"xpath","value":"//div[contains (text(), \"N1\")]"}
RESULT: {"using":"xpath","value":"//div[contains (text(), \"N1\")]"}
COMMAND: POST /session/13ab040204d7fbe2b5aee74b909a6e86/element/0dd554c3-7114-40f2-8e6a-da2d8424eda6/click - {}
RESULT: {}
COMMAND: POST /session/13ab040204d7fbe2b5aee74b909a6e86/element - {"using":"css selector","value":"#select_value_label_89"}
RESULT: {"using":"css selector","value":"#select_value_label_89"}
COMMAND: POST /session/13ab040204d7fbe2b5aee74b909a6e86/element/98038f95-3c56-4fd1-bb2f-79f0f3946163/click - {}
RESULT: {}
COMMAND: POST /session/13ab040204d7fbe2b5aee74b909a6e86/element - {"using":"xpath","value":"//div[contains (text(), \"n1-standard-8 (vCPUs: 8, RAM: 30GB\")]"}
RESULT: {"using":"xpath","value":"//div[contains (text(), \"n1-standard-8 (vCPUs: 8, RAM: 30GB\")]"}
COMMAND: POST /session/13ab040204d7fbe2b5aee74b909a6e86/execute/sync - {"script":"return (function isElementDisplayed(element) {\n    function nodeIsElement(node) {\n        if (!node) {\n            return false;\n        }\n        switch (node.nodeType) {\n            case Node.ELEMEN ... (7807 more bytes)","args":[{"element-6066-11e4-a52e-4f735466cecf":"86e67aa5-f007-4402-99c0-679ab6c22143","ELEMENT":"86e67aa5-f007-4402-99c0-679ab6c22143"}]}
RESULT: {"script":"return (function isElementDisplayed(element) {\n    function nodeIsElement(node) {\n        if (!node) {\n            return false;\n        }\n        switch (node.nodeType) {\n            case Node.ELEMEN ... (7807 more bytes)","args":[{"element-6066-11e4-a52e-4f735466cecf":"86e67aa5-f007-4402-99c0-679ab6c22143","ELEMENT":"86e67aa5-f007-4402-99c0-679ab6c22143"}]}
COMMAND: POST /session/13ab040204d7fbe2b5aee74b909a6e86/execute/sync - {"script":"return (function isElementDisplayed(element) {\n    function nodeIsElement(node) {\n        if (!node) {\n            return false;\n        }\n        switch (node.nodeType) {\n            case Node.ELEMEN ... (7807 more bytes)","args":[{"element-6066-11e4-a52e-4f735466cecf":"86e67aa5-f007-4402-99c0-679ab6c22143","ELEMENT":"86e67aa5-f007-4402-99c0-679ab6c22143"}]}
RESULT: {"script":"return (function isElementDisplayed(element) {\n    function nodeIsElement(node) {\n        if (!node) {\n            return false;\n        }\n        switch (node.nodeType) {\n            case Node.ELEMEN ... (7807 more bytes)","args":[{"element-6066-11e4-a52e-4f735466cecf":"86e67aa5-f007-4402-99c0-679ab6c22143","ELEMENT":"86e67aa5-f007-4402-99c0-679ab6c22143"}]}
COMMAND: POST /session/13ab040204d7fbe2b5aee74b909a6e86/element - {"using":"xpath","value":"//div[contains (text(), \"n1-standard-8 (vCPUs: 8, RAM: 30GB\")]"}
RESULT: {"using":"xpath","value":"//div[contains (text(), \"n1-standard-8 (vCPUs: 8, RAM: 30GB\")]"}
COMMAND: POST /session/13ab040204d7fbe2b5aee74b909a6e86/element/86e67aa5-f007-4402-99c0-679ab6c22143/click - {}
RESULT: {}
COMMAND: POST /session/13ab040204d7fbe2b5aee74b909a6e86/element - {"using":"xpath","value":"//md-checkbox[@ng-disabled = \"!listingCtrl.isGpuOptionAvailable('computeServer')\"]"}
RESULT: {"using":"xpath","value":"//md-checkbox[@ng-disabled = \"!listingCtrl.isGpuOptionAvailable('computeServer')\"]"}
COMMAND: POST /session/13ab040204d7fbe2b5aee74b909a6e86/element/08374993-dd3e-4a7f-8ebc-cdc988225025/click - {}
RESULT: {}
COMMAND: POST /session/13ab040204d7fbe2b5aee74b909a6e86/element - {"using":"xpath","value":"//md-select[@placeholder =\"GPU type\"]"}
RESULT: {"using":"xpath","value":"//md-select[@placeholder =\"GPU type\"]"}
COMMAND: POST /session/13ab040204d7fbe2b5aee74b909a6e86/execute/sync - {"script":"return (function isElementDisplayed(element) {\n    function nodeIsElement(node) {\n        if (!node) {\n            return false;\n        }\n        switch (node.nodeType) {\n            case Node.ELEMEN ... (7807 more bytes)","args":[{"element-6066-11e4-a52e-4f735466cecf":"301faed1-4c58-41e2-924a-eed86bad615f","ELEMENT":"301faed1-4c58-41e2-924a-eed86bad615f"}]}
RESULT: {"script":"return (function isElementDisplayed(element) {\n    function nodeIsElement(node) {\n        if (!node) {\n            return false;\n        }\n        switch (node.nodeType) {\n            case Node.ELEMEN ... (7807 more bytes)","args":[{"element-6066-11e4-a52e-4f735466cecf":"301faed1-4c58-41e2-924a-eed86bad615f","ELEMENT":"301faed1-4c58-41e2-924a-eed86bad615f"}]}
COMMAND: POST /session/13ab040204d7fbe2b5aee74b909a6e86/element - {"using":"xpath","value":"//md-select[@placeholder = \"Number of GPUs\"]"}
RESULT: {"using":"xpath","value":"//md-select[@placeholder = \"Number of GPUs\"]"}
COMMAND: POST /session/13ab040204d7fbe2b5aee74b909a6e86/execute/sync - {"script":"return (function isElementDisplayed(element) {\n    function nodeIsElement(node) {\n        if (!node) {\n            return false;\n        }\n        switch (node.nodeType) {\n            case Node.ELEMEN ... (7807 more bytes)","args":[{"element-6066-11e4-a52e-4f735466cecf":"465a3714-5452-4eb0-9674-674a9a8f4773","ELEMENT":"465a3714-5452-4eb0-9674-674a9a8f4773"}]}
RESULT: {"script":"return (function isElementDisplayed(element) {\n    function nodeIsElement(node) {\n        if (!node) {\n            return false;\n        }\n        switch (node.nodeType) {\n            case Node.ELEMEN ... (7807 more bytes)","args":[{"element-6066-11e4-a52e-4f735466cecf":"465a3714-5452-4eb0-9674-674a9a8f4773","ELEMENT":"465a3714-5452-4eb0-9674-674a9a8f4773"}]}
COMMAND: POST /session/13ab040204d7fbe2b5aee74b909a6e86/element - {"using":"xpath","value":"//md-select[@placeholder =\"GPU type\"]"}
RESULT: {"using":"xpath","value":"//md-select[@placeholder =\"GPU type\"]"}
COMMAND: POST /session/13ab040204d7fbe2b5aee74b909a6e86/element/301faed1-4c58-41e2-924a-eed86bad615f/click - {}
RESULT: {}
COMMAND: POST /session/13ab040204d7fbe2b5aee74b909a6e86/element - {"using":"xpath","value":"//div[contains (text(), \"NVIDIA Tesla V100\")]"}
RESULT: {"using":"xpath","value":"//div[contains (text(), \"NVIDIA Tesla V100\")]"}
COMMAND: POST /session/13ab040204d7fbe2b5aee74b909a6e86/execute/sync - {"script":"return (function isElementDisplayed(element) {\n    function nodeIsElement(node) {\n        if (!node) {\n            return false;\n        }\n        switch (node.nodeType) {\n            case Node.ELEMEN ... (7807 more bytes)","args":[{"element-6066-11e4-a52e-4f735466cecf":"af15ba04-fdfe-40b1-bb7a-51b608bc906c","ELEMENT":"af15ba04-fdfe-40b1-bb7a-51b608bc906c"}]}
RESULT: {"script":"return (function isElementDisplayed(element) {\n    function nodeIsElement(node) {\n        if (!node) {\n            return false;\n        }\n        switch (node.nodeType) {\n            case Node.ELEMEN ... (7807 more bytes)","args":[{"element-6066-11e4-a52e-4f735466cecf":"af15ba04-fdfe-40b1-bb7a-51b608bc906c","ELEMENT":"af15ba04-fdfe-40b1-bb7a-51b608bc906c"}]}
COMMAND: POST /session/13ab040204d7fbe2b5aee74b909a6e86/execute/sync - {"script":"return (function isElementDisplayed(element) {\n    function nodeIsElement(node) {\n        if (!node) {\n            return false;\n        }\n        switch (node.nodeType) {\n            case Node.ELEMEN ... (7807 more bytes)","args":[{"element-6066-11e4-a52e-4f735466cecf":"af15ba04-fdfe-40b1-bb7a-51b608bc906c","ELEMENT":"af15ba04-fdfe-40b1-bb7a-51b608bc906c"}]}
RESULT: {"script":"return (function isElementDisplayed(element) {\n    function nodeIsElement(node) {\n        if (!node) {\n            return false;\n        }\n        switch (node.nodeType) {\n            case Node.ELEMEN ... (7807 more bytes)","args":[{"element-6066-11e4-a52e-4f735466cecf":"af15ba04-fdfe-40b1-bb7a-51b608bc906c","ELEMENT":"af15ba04-fdfe-40b1-bb7a-51b608bc906c"}]}
COMMAND: POST /session/13ab040204d7fbe2b5aee74b909a6e86/element - {"using":"xpath","value":"//div[contains (text(), \"NVIDIA Tesla V100\")]"}
RESULT: {"using":"xpath","value":"//div[contains (text(), \"NVIDIA Tesla V100\")]"}
COMMAND: POST /session/13ab040204d7fbe2b5aee74b909a6e86/element/af15ba04-fdfe-40b1-bb7a-51b608bc906c/click - {}
RESULT: {}
COMMAND: POST /session/13ab040204d7fbe2b5aee74b909a6e86/element - {"using":"xpath","value":"//md-select[@placeholder = \"Number of GPUs\"]"}
RESULT: {"using":"xpath","value":"//md-select[@placeholder = \"Number of GPUs\"]"}
COMMAND: POST /session/13ab040204d7fbe2b5aee74b909a6e86/element/465a3714-5452-4eb0-9674-674a9a8f4773/click - {}
RESULT: {}
COMMAND: POST /session/13ab040204d7fbe2b5aee74b909a6e86/element - {"using":"xpath","value":"//md-option[@ng-disabled=\"item.value != 0 && item.value < listingCtrl.minGPU\"][@value = \"1\"]"}
RESULT: {"using":"xpath","value":"//md-option[@ng-disabled=\"item.value != 0 && item.value < listingCtrl.minGPU\"][@value = \"1\"]"}
COMMAND: POST /session/13ab040204d7fbe2b5aee74b909a6e86/execute/sync - {"script":"return (function isElementDisplayed(element) {\n    function nodeIsElement(node) {\n        if (!node) {\n            return false;\n        }\n        switch (node.nodeType) {\n            case Node.ELEMEN ... (7807 more bytes)","args":[{"element-6066-11e4-a52e-4f735466cecf":"5e35436d-9aac-467d-ac71-287ba33a4dab","ELEMENT":"5e35436d-9aac-467d-ac71-287ba33a4dab"}]}
RESULT: {"script":"return (function isElementDisplayed(element) {\n    function nodeIsElement(node) {\n        if (!node) {\n            return false;\n        }\n        switch (node.nodeType) {\n            case Node.ELEMEN ... (7807 more bytes)","args":[{"element-6066-11e4-a52e-4f735466cecf":"5e35436d-9aac-467d-ac71-287ba33a4dab","ELEMENT":"5e35436d-9aac-467d-ac71-287ba33a4dab"}]}
COMMAND: POST /session/13ab040204d7fbe2b5aee74b909a6e86/execute/sync - {"script":"return (function isElementDisplayed(element) {\n    function nodeIsElement(node) {\n        if (!node) {\n            return false;\n        }\n        switch (node.nodeType) {\n            case Node.ELEMEN ... (7807 more bytes)","args":[{"element-6066-11e4-a52e-4f735466cecf":"5e35436d-9aac-467d-ac71-287ba33a4dab","ELEMENT":"5e35436d-9aac-467d-ac71-287ba33a4dab"}]}
RESULT: {"script":"return (function isElementDisplayed(element) {\n    function nodeIsElement(node) {\n        if (!node) {\n            return false;\n        }\n        switch (node.nodeType) {\n            case Node.ELEMEN ... (7807 more bytes)","args":[{"element-6066-11e4-a52e-4f735466cecf":"5e35436d-9aac-467d-ac71-287ba33a4dab","ELEMENT":"5e35436d-9aac-467d-ac71-287ba33a4dab"}]}
COMMAND: POST /session/13ab040204d7fbe2b5aee74b909a6e86/element - {"using":"xpath","value":"//md-option[@ng-disabled=\"item.value != 0 && item.value < listingCtrl.minGPU\"][@value = \"1\"]"}
RESULT: {"using":"xpath","value":"//md-option[@ng-disabled=\"item.value != 0 && item.value < listingCtrl.minGPU\"][@value = \"1\"]"}
COMMAND: POST /session/13ab040204d7fbe2b5aee74b909a6e86/element/5e35436d-9aac-467d-ac71-287ba33a4dab/click - {}
RESULT: {}
COMMAND: POST /session/13ab040204d7fbe2b5aee74b909a6e86/element - {"using":"xpath","value":"//md-select[@ng-model = \"listingCtrl.computeServer.ssd\"]"}
RESULT: {"using":"xpath","value":"//md-select[@ng-model = \"listingCtrl.computeServer.ssd\"]"}
COMMAND: POST /session/13ab040204d7fbe2b5aee74b909a6e86/element/46198e26-7299-4376-a3c0-445e342d7c40/click - {}
RESULT: {}
COMMAND: POST /session/13ab040204d7fbe2b5aee74b909a6e86/element - {"using":"xpath","value":"//div[contains(text(), \"2x375 GB\")]"}
RESULT: {"using":"xpath","value":"//div[contains(text(), \"2x375 GB\")]"}
COMMAND: POST /session/13ab040204d7fbe2b5aee74b909a6e86/execute/sync - {"script":"return (function isElementDisplayed(element) {\n    function nodeIsElement(node) {\n        if (!node) {\n            return false;\n        }\n        switch (node.nodeType) {\n            case Node.ELEMEN ... (7807 more bytes)","args":[{"element-6066-11e4-a52e-4f735466cecf":"b7f9872f-62ad-4615-a347-4f7f9ff4c190","ELEMENT":"b7f9872f-62ad-4615-a347-4f7f9ff4c190"}]}
RESULT: {"script":"return (function isElementDisplayed(element) {\n    function nodeIsElement(node) {\n        if (!node) {\n            return false;\n        }\n        switch (node.nodeType) {\n            case Node.ELEMEN ... (7807 more bytes)","args":[{"element-6066-11e4-a52e-4f735466cecf":"b7f9872f-62ad-4615-a347-4f7f9ff4c190","ELEMENT":"b7f9872f-62ad-4615-a347-4f7f9ff4c190"}]}
COMMAND: POST /session/13ab040204d7fbe2b5aee74b909a6e86/execute/sync - {"script":"return (function isElementDisplayed(element) {\n    function nodeIsElement(node) {\n        if (!node) {\n            return false;\n        }\n        switch (node.nodeType) {\n            case Node.ELEMEN ... (7807 more bytes)","args":[{"element-6066-11e4-a52e-4f735466cecf":"b7f9872f-62ad-4615-a347-4f7f9ff4c190","ELEMENT":"b7f9872f-62ad-4615-a347-4f7f9ff4c190"}]}
RESULT: {"script":"return (function isElementDisplayed(element) {\n    function nodeIsElement(node) {\n        if (!node) {\n            return false;\n        }\n        switch (node.nodeType) {\n            case Node.ELEMEN ... (7807 more bytes)","args":[{"element-6066-11e4-a52e-4f735466cecf":"b7f9872f-62ad-4615-a347-4f7f9ff4c190","ELEMENT":"b7f9872f-62ad-4615-a347-4f7f9ff4c190"}]}
COMMAND: POST /session/13ab040204d7fbe2b5aee74b909a6e86/element - {"using":"xpath","value":"//div[contains(text(), \"2x375 GB\")]"}
RESULT: {"using":"xpath","value":"//div[contains(text(), \"2x375 GB\")]"}
COMMAND: POST /session/13ab040204d7fbe2b5aee74b909a6e86/element/b7f9872f-62ad-4615-a347-4f7f9ff4c190/click - {}
RESULT: {}
COMMAND: POST /session/13ab040204d7fbe2b5aee74b909a6e86/element - {"using":"xpath","value":"//md-select[@ng-model = \"listingCtrl.computeServer.location\"]"}
RESULT: {"using":"xpath","value":"//md-select[@ng-model = \"listingCtrl.computeServer.location\"]"}
COMMAND: POST /session/13ab040204d7fbe2b5aee74b909a6e86/element/a93ec8d9-5ce1-4b10-b512-31323822b765/click - {}
RESULT: {}
COMMAND: POST /session/13ab040204d7fbe2b5aee74b909a6e86/element - {"using":"xpath","value":"//md-option[@id=\"select_option_231\"]"}
RESULT: {"using":"xpath","value":"//md-option[@id=\"select_option_231\"]"}
COMMAND: POST /session/13ab040204d7fbe2b5aee74b909a6e86/execute/sync - {"script":"return (function isElementDisplayed(element) {\n    function nodeIsElement(node) {\n        if (!node) {\n            return false;\n        }\n        switch (node.nodeType) {\n            case Node.ELEMEN ... (7807 more bytes)","args":[{"element-6066-11e4-a52e-4f735466cecf":"83b677ae-9ea4-42e7-afd5-6b43fe3e50b0","ELEMENT":"83b677ae-9ea4-42e7-afd5-6b43fe3e50b0"}]}
RESULT: {"script":"return (function isElementDisplayed(element) {\n    function nodeIsElement(node) {\n        if (!node) {\n            return false;\n        }\n        switch (node.nodeType) {\n            case Node.ELEMEN ... (7807 more bytes)","args":[{"element-6066-11e4-a52e-4f735466cecf":"83b677ae-9ea4-42e7-afd5-6b43fe3e50b0","ELEMENT":"83b677ae-9ea4-42e7-afd5-6b43fe3e50b0"}]}
COMMAND: POST /session/13ab040204d7fbe2b5aee74b909a6e86/execute/sync - {"script":"return (function isElementDisplayed(element) {\n    function nodeIsElement(node) {\n        if (!node) {\n            return false;\n        }\n        switch (node.nodeType) {\n            case Node.ELEMEN ... (7807 more bytes)","args":[{"element-6066-11e4-a52e-4f735466cecf":"83b677ae-9ea4-42e7-afd5-6b43fe3e50b0","ELEMENT":"83b677ae-9ea4-42e7-afd5-6b43fe3e50b0"}]}
RESULT: {"script":"return (function isElementDisplayed(element) {\n    function nodeIsElement(node) {\n        if (!node) {\n            return false;\n        }\n        switch (node.nodeType) {\n            case Node.ELEMEN ... (7807 more bytes)","args":[{"element-6066-11e4-a52e-4f735466cecf":"83b677ae-9ea4-42e7-afd5-6b43fe3e50b0","ELEMENT":"83b677ae-9ea4-42e7-afd5-6b43fe3e50b0"}]}
COMMAND: POST /session/13ab040204d7fbe2b5aee74b909a6e86/element - {"using":"xpath","value":"//md-option[@id=\"select_option_231\"]"}
RESULT: {"using":"xpath","value":"//md-option[@id=\"select_option_231\"]"}
COMMAND: POST /session/13ab040204d7fbe2b5aee74b909a6e86/element/83b677ae-9ea4-42e7-afd5-6b43fe3e50b0/click - {}
RESULT: {}
COMMAND: POST /session/13ab040204d7fbe2b5aee74b909a6e86/element - {"using":"xpath","value":"//md-select[@id=\"select_133\"]"}
RESULT: {"using":"xpath","value":"//md-select[@id=\"select_133\"]"}
COMMAND: POST /session/13ab040204d7fbe2b5aee74b909a6e86/element/6a3e75a0-97b8-4a1c-a92d-965cdd608f3c/click - {}
RESULT: {}
COMMAND: POST /session/13ab040204d7fbe2b5aee74b909a6e86/element - {"using":"xpath","value":"//md-option[@id = \"select_option_131\"]"}
RESULT: {"using":"xpath","value":"//md-option[@id = \"select_option_131\"]"}
COMMAND: POST /session/13ab040204d7fbe2b5aee74b909a6e86/execute/sync - {"script":"return (function isElementDisplayed(element) {\n    function nodeIsElement(node) {\n        if (!node) {\n            return false;\n        }\n        switch (node.nodeType) {\n            case Node.ELEMEN ... (7807 more bytes)","args":[{"element-6066-11e4-a52e-4f735466cecf":"57f05752-1d32-4e89-9afe-b32ea3cd786b","ELEMENT":"57f05752-1d32-4e89-9afe-b32ea3cd786b"}]}
RESULT: {"script":"return (function isElementDisplayed(element) {\n    function nodeIsElement(node) {\n        if (!node) {\n            return false;\n        }\n        switch (node.nodeType) {\n            case Node.ELEMEN ... (7807 more bytes)","args":[{"element-6066-11e4-a52e-4f735466cecf":"57f05752-1d32-4e89-9afe-b32ea3cd786b","ELEMENT":"57f05752-1d32-4e89-9afe-b32ea3cd786b"}]}
COMMAND: POST /session/13ab040204d7fbe2b5aee74b909a6e86/execute/sync - {"script":"return (function isElementDisplayed(element) {\n    function nodeIsElement(node) {\n        if (!node) {\n            return false;\n        }\n        switch (node.nodeType) {\n            case Node.ELEMEN ... (7807 more bytes)","args":[{"element-6066-11e4-a52e-4f735466cecf":"57f05752-1d32-4e89-9afe-b32ea3cd786b","ELEMENT":"57f05752-1d32-4e89-9afe-b32ea3cd786b"}]}
RESULT: {"script":"return (function isElementDisplayed(element) {\n    function nodeIsElement(node) {\n        if (!node) {\n            return false;\n        }\n        switch (node.nodeType) {\n            case Node.ELEMEN ... (7807 more bytes)","args":[{"element-6066-11e4-a52e-4f735466cecf":"57f05752-1d32-4e89-9afe-b32ea3cd786b","ELEMENT":"57f05752-1d32-4e89-9afe-b32ea3cd786b"}]}
COMMAND: POST /session/13ab040204d7fbe2b5aee74b909a6e86/element - {"using":"xpath","value":"//md-option[@id = \"select_option_131\"]"}
RESULT: {"using":"xpath","value":"//md-option[@id = \"select_option_131\"]"}
COMMAND: POST /session/13ab040204d7fbe2b5aee74b909a6e86/element/57f05752-1d32-4e89-9afe-b32ea3cd786b/click - {}
RESULT: {}
COMMAND: POST /session/13ab040204d7fbe2b5aee74b909a6e86/element - {"using":"xpath","value":"//button[@ng-click=\"listingCtrl.addComputeServer(ComputeEngineForm);\"]"}
RESULT: {"using":"xpath","value":"//button[@ng-click=\"listingCtrl.addComputeServer(ComputeEngineForm);\"]"}
COMMAND: POST /session/13ab040204d7fbe2b5aee74b909a6e86/element/469fe880-4d57-4c23-8e65-0e53880ede49/click - {}
RESULT: {}
COMMAND: POST /session/13ab040204d7fbe2b5aee74b909a6e86/element - {"using":"xpath","value":"//md-card-content[@class = \"flex-sm-100 flex-gt-sm-40\"]"}
RESULT: {"using":"xpath","value":"//md-card-content[@class = \"flex-sm-100 flex-gt-sm-40\"]"}
COMMAND: POST /session/13ab040204d7fbe2b5aee74b909a6e86/elements - {"using":"xpath","value":"//md-card-content[@class = \"flex-sm-100 flex-gt-sm-40\"]"}
RESULT: {"using":"xpath","value":"//md-card-content[@class = \"flex-sm-100 flex-gt-sm-40\"]"}
COMMAND: POST /session/13ab040204d7fbe2b5aee74b909a6e86/element - {"using":"xpath","value":"//md-card-content[@class = \"flex-sm-100 flex-gt-sm-40\"]"}
RESULT: {"using":"xpath","value":"//md-card-content[@class = \"flex-sm-100 flex-gt-sm-40\"]"}
COMMAND: GET /session/13ab040204d7fbe2b5aee74b909a6e86/element/d336111e-d46f-421f-b610-1b68cb683938/text - {}
RESULT: {}
COMMAND: POST /session/13ab040204d7fbe2b5aee74b909a6e86/element - {"using":"xpath","value":"//md-card-content[@class = \"flex-sm-100 flex-gt-sm-40\"]"}
RESULT: {"using":"xpath","value":"//md-card-content[@class = \"flex-sm-100 flex-gt-sm-40\"]"}
COMMAND: GET /session/13ab040204d7fbe2b5aee74b909a6e86/element/d336111e-d46f-421f-b610-1b68cb683938/text - {}
RESULT: {}
COMMAND: POST /session/13ab040204d7fbe2b5aee74b909a6e86/element - {"using":"xpath","value":"//md-card-content[@class = \"flex-sm-100 flex-gt-sm-40\"]"}
RESULT: {"using":"xpath","value":"//md-card-content[@class = \"flex-sm-100 flex-gt-sm-40\"]"}
COMMAND: GET /session/13ab040204d7fbe2b5aee74b909a6e86/element/d336111e-d46f-421f-b610-1b68cb683938/text - {}
RESULT: {}
COMMAND: POST /session/13ab040204d7fbe2b5aee74b909a6e86/element - {"using":"xpath","value":"//md-card-content[@class = \"flex-sm-100 flex-gt-sm-40\"]"}
RESULT: {"using":"xpath","value":"//md-card-content[@class = \"flex-sm-100 flex-gt-sm-40\"]"}
COMMAND: GET /session/13ab040204d7fbe2b5aee74b909a6e86/element/d336111e-d46f-421f-b610-1b68cb683938/text - {}
RESULT: {}
COMMAND: POST /session/13ab040204d7fbe2b5aee74b909a6e86/element - {"using":"xpath","value":"//md-card-content[@class = \"flex-sm-100 flex-gt-sm-40\"]"}
RESULT: {"using":"xpath","value":"//md-card-content[@class = \"flex-sm-100 flex-gt-sm-40\"]"}
COMMAND: GET /session/13ab040204d7fbe2b5aee74b909a6e86/element/d336111e-d46f-421f-b610-1b68cb683938/text - {}
RESULT: {}
COMMAND: POST /session/13ab040204d7fbe2b5aee74b909a6e86/element - {"using":"xpath","value":"//md-card-content[@class = \"flex-sm-100 flex-gt-sm-40\"]"}
RESULT: {"using":"xpath","value":"//md-card-content[@class = \"flex-sm-100 flex-gt-sm-40\"]"}
COMMAND: GET /session/13ab040204d7fbe2b5aee74b909a6e86/element/d336111e-d46f-421f-b610-1b68cb683938/text - {}
RESULT: {}
COMMAND: POST /session/13ab040204d7fbe2b5aee74b909a6e86/element - {"using":"xpath","value":"//md-card-content[@class = \"flex-sm-100 flex-gt-sm-40\"]"}
RESULT: {"using":"xpath","value":"//md-card-content[@class = \"flex-sm-100 flex-gt-sm-40\"]"}
COMMAND: GET /session/13ab040204d7fbe2b5aee74b909a6e86/element/d336111e-d46f-421f-b610-1b68cb683938/text - {}
RESULT: {}
]]></system-out>
    </testcase>
    <testcase classname="chrome.111_0_5563_65.windows.Test_suite" name="Hardcore" time="16.228">
      <system-out><![CDATA[
COMMAND: POST /session/13ab040204d7fbe2b5aee74b909a6e86/window/maximize - {}
COMMAND: GET /session/13ab040204d7fbe2b5aee74b909a6e86/window - {}
RESULT: {}
RESULT: {}
COMMAND: GET /session/13ab040204d7fbe2b5aee74b909a6e86/window/handles - {}
RESULT: {}
COMMAND: POST /session/13ab040204d7fbe2b5aee74b909a6e86/execute/sync - {"script":"return (function newWindow(url, windowName, windowFeatures) {\n    window.open(url, windowName || '', windowFeatures || '');\n}).apply(null, arguments)","args":["https://etempmail.net/10minutemail","",""]}
RESULT: {"script":"return (function newWindow(url, windowName, windowFeatures) {\n    window.open(url, windowName || '', windowFeatures || '');\n}).apply(null, arguments)","args":["https://etempmail.net/10minutemail","",""]}
COMMAND: GET /session/13ab040204d7fbe2b5aee74b909a6e86/window/handles - {}
RESULT: {}
COMMAND: GET /session/13ab040204d7fbe2b5aee74b909a6e86/window/handles - {}
RESULT: {}
COMMAND: POST /session/13ab040204d7fbe2b5aee74b909a6e86/window - {"handle":"CDwindow-EB9C7BA112DEF509F05744EA2C37C3EA"}
RESULT: {"handle":"CDwindow-EB9C7BA112DEF509F05744EA2C37C3EA"}
COMMAND: POST /session/13ab040204d7fbe2b5aee74b909a6e86/element - {"using":"xpath","value":"//div[@id = \"btn_copy\"]"}
RESULT: {"using":"xpath","value":"//div[@id = \"btn_copy\"]"}
COMMAND: POST /session/13ab040204d7fbe2b5aee74b909a6e86/element/cba2938c-2f4d-4402-8818-4c6bfb175ba8/click - {}
RESULT: {}
COMMAND: GET /session/13ab040204d7fbe2b5aee74b909a6e86/window - {}
RESULT: {}
COMMAND: POST /session/13ab040204d7fbe2b5aee74b909a6e86/window - {"handle":"CDwindow-13A338F2057C58BD7BDE9E9EE4889867"}
RESULT: {"handle":"CDwindow-13A338F2057C58BD7BDE9E9EE4889867"}
COMMAND: POST /session/13ab040204d7fbe2b5aee74b909a6e86/element - {"using":"css selector","value":"#cloud-site  iframe"}
RESULT: {"using":"css selector","value":"#cloud-site  iframe"}
COMMAND: POST /session/13ab040204d7fbe2b5aee74b909a6e86/execute/sync - {"script":"return (function isElementDisplayed(element) {\n    function nodeIsElement(node) {\n        if (!node) {\n            return false;\n        }\n        switch (node.nodeType) {\n            case Node.ELEMEN ... (7807 more bytes)","args":[{"element-6066-11e4-a52e-4f735466cecf":"0c050dec-32f5-41ee-bcb4-283e6b454792","ELEMENT":"0c050dec-32f5-41ee-bcb4-283e6b454792"}]}
RESULT: {"script":"return (function isElementDisplayed(element) {\n    function nodeIsElement(node) {\n        if (!node) {\n            return false;\n        }\n        switch (node.nodeType) {\n            case Node.ELEMEN ... (7807 more bytes)","args":[{"element-6066-11e4-a52e-4f735466cecf":"0c050dec-32f5-41ee-bcb4-283e6b454792","ELEMENT":"0c050dec-32f5-41ee-bcb4-283e6b454792"}]}
COMMAND: POST /session/13ab040204d7fbe2b5aee74b909a6e86/element - {"using":"css selector","value":"#cloud-site  iframe"}
RESULT: {"using":"css selector","value":"#cloud-site  iframe"}
COMMAND: POST /session/13ab040204d7fbe2b5aee74b909a6e86/frame - {"id":{"sessionId":"13ab040204d7fbe2b5aee74b909a6e86","elementId":"0c050dec-32f5-41ee-bcb4-283e6b454792","element-6066-11e4-a52e-4f735466cecf":"0c050dec-32f5-41ee-bcb4-283e6b454792","selector":"#cloud-site  iframe","parent":{"capabilities":{"acceptInsecureCerts":true,"browserName":"chrome","browserVersion":"111.0.5563.65","chrome":{"chromedriverVersion":"110.0.5481.77 (65ed616c6e8ee3fe0ad64fe83796c020644d42af-refs/branch-heads/5481@{#839})","userDataDir":"C:\\Users\\E3RA\\AppData\\Local\\Temp\\scoped_dir2444_2103438081"},"goog:chromeOptions":{"debuggerAddress":"localhost:58780"},"networkConnectionEnabled":false,"pageLoadStrategy":"normal","platformName":"windows","proxy":{},"setWindowRect":true,"_":"6 more keys: [\"strictFileInteractability\",\"timeouts\",\"unhandledPromptBehavior\",\"webauthn:extension:credBlob\",\"webauthn:extension:largeBlob\",\"webauthn:virtualAuthenticators\"]"}},"isReactElement":false}}
RESULT: {"id":{"sessionId":"13ab040204d7fbe2b5aee74b909a6e86","elementId":"0c050dec-32f5-41ee-bcb4-283e6b454792","element-6066-11e4-a52e-4f735466cecf":"0c050dec-32f5-41ee-bcb4-283e6b454792","selector":"#cloud-site  iframe","parent":{"capabilities":{"acceptInsecureCerts":true,"browserName":"chrome","browserVersion":"111.0.5563.65","chrome":{"chromedriverVersion":"110.0.5481.77 (65ed616c6e8ee3fe0ad64fe83796c020644d42af-refs/branch-heads/5481@{#839})","userDataDir":"C:\\Users\\E3RA\\AppData\\Local\\Temp\\scoped_dir2444_2103438081"},"goog:chromeOptions":{"debuggerAddress":"localhost:58780"},"networkConnectionEnabled":false,"pageLoadStrategy":"normal","platformName":"windows","proxy":{},"setWindowRect":true,"_":"6 more keys: [\"strictFileInteractability\",\"timeouts\",\"unhandledPromptBehavior\",\"webauthn:extension:credBlob\",\"webauthn:extension:largeBlob\",\"webauthn:virtualAuthenticators\"]"}},"isReactElement":false}}
COMMAND: POST /session/13ab040204d7fbe2b5aee74b909a6e86/element - {"using":"css selector","value":"#myFrame"}
RESULT: {"using":"css selector","value":"#myFrame"}
COMMAND: POST /session/13ab040204d7fbe2b5aee74b909a6e86/execute/sync - {"script":"return (function isElementDisplayed(element) {\n    function nodeIsElement(node) {\n        if (!node) {\n            return false;\n        }\n        switch (node.nodeType) {\n            case Node.ELEMEN ... (7807 more bytes)","args":[{"element-6066-11e4-a52e-4f735466cecf":"1a5727e1-5185-4bf2-b8f2-f42340078379","ELEMENT":"1a5727e1-5185-4bf2-b8f2-f42340078379"}]}
RESULT: {"script":"return (function isElementDisplayed(element) {\n    function nodeIsElement(node) {\n        if (!node) {\n            return false;\n        }\n        switch (node.nodeType) {\n            case Node.ELEMEN ... (7807 more bytes)","args":[{"element-6066-11e4-a52e-4f735466cecf":"1a5727e1-5185-4bf2-b8f2-f42340078379","ELEMENT":"1a5727e1-5185-4bf2-b8f2-f42340078379"}]}
COMMAND: POST /session/13ab040204d7fbe2b5aee74b909a6e86/element - {"using":"css selector","value":"#myFrame"}
RESULT: {"using":"css selector","value":"#myFrame"}
COMMAND: POST /session/13ab040204d7fbe2b5aee74b909a6e86/frame - {"id":{"sessionId":"13ab040204d7fbe2b5aee74b909a6e86","elementId":"1a5727e1-5185-4bf2-b8f2-f42340078379","element-6066-11e4-a52e-4f735466cecf":"1a5727e1-5185-4bf2-b8f2-f42340078379","selector":"#myFrame","parent":{"capabilities":{"acceptInsecureCerts":true,"browserName":"chrome","browserVersion":"111.0.5563.65","chrome":{"chromedriverVersion":"110.0.5481.77 (65ed616c6e8ee3fe0ad64fe83796c020644d42af-refs/branch-heads/5481@{#839})","userDataDir":"C:\\Users\\E3RA\\AppData\\Local\\Temp\\scoped_dir2444_2103438081"},"goog:chromeOptions":{"debuggerAddress":"localhost:58780"},"networkConnectionEnabled":false,"pageLoadStrategy":"normal","platformName":"windows","proxy":{},"setWindowRect":true,"_":"6 more keys: [\"strictFileInteractability\",\"timeouts\",\"unhandledPromptBehavior\",\"webauthn:extension:credBlob\",\"webauthn:extension:largeBlob\",\"webauthn:virtualAuthenticators\"]"}},"isReactElement":false}}
RESULT: {"id":{"sessionId":"13ab040204d7fbe2b5aee74b909a6e86","elementId":"1a5727e1-5185-4bf2-b8f2-f42340078379","element-6066-11e4-a52e-4f735466cecf":"1a5727e1-5185-4bf2-b8f2-f42340078379","selector":"#myFrame","parent":{"capabilities":{"acceptInsecureCerts":true,"browserName":"chrome","browserVersion":"111.0.5563.65","chrome":{"chromedriverVersion":"110.0.5481.77 (65ed616c6e8ee3fe0ad64fe83796c020644d42af-refs/branch-heads/5481@{#839})","userDataDir":"C:\\Users\\E3RA\\AppData\\Local\\Temp\\scoped_dir2444_2103438081"},"goog:chromeOptions":{"debuggerAddress":"localhost:58780"},"networkConnectionEnabled":false,"pageLoadStrategy":"normal","platformName":"windows","proxy":{},"setWindowRect":true,"_":"6 more keys: [\"strictFileInteractability\",\"timeouts\",\"unhandledPromptBehavior\",\"webauthn:extension:credBlob\",\"webauthn:extension:largeBlob\",\"webauthn:virtualAuthenticators\"]"}},"isReactElement":false}}
COMMAND: POST /session/13ab040204d7fbe2b5aee74b909a6e86/element - {"using":"xpath","value":"//button[@id = \"Email Estimate\"]"}
RESULT: {"using":"xpath","value":"//button[@id = \"Email Estimate\"]"}
COMMAND: POST /session/13ab040204d7fbe2b5aee74b909a6e86/elements - {"using":"xpath","value":"//button[@id = \"Email Estimate\"]"}
RESULT: {"using":"xpath","value":"//button[@id = \"Email Estimate\"]"}
COMMAND: POST /session/13ab040204d7fbe2b5aee74b909a6e86/element - {"using":"xpath","value":"//button[@id = \"Email Estimate\"]"}
RESULT: {"using":"xpath","value":"//button[@id = \"Email Estimate\"]"}
COMMAND: POST /session/13ab040204d7fbe2b5aee74b909a6e86/element/9b73e87d-96d0-48bc-9f97-7935380820d0/click - {}
RESULT: {}
COMMAND: POST /session/13ab040204d7fbe2b5aee74b909a6e86/element - {"using":"css selector","value":"body div.md-dialog-container.ng-scope"}
RESULT: {"using":"css selector","value":"body div.md-dialog-container.ng-scope"}
COMMAND: POST /session/13ab040204d7fbe2b5aee74b909a6e86/execute/sync - {"script":"return (function isElementDisplayed(element) {\n    function nodeIsElement(node) {\n        if (!node) {\n            return false;\n        }\n        switch (node.nodeType) {\n            case Node.ELEMEN ... (7807 more bytes)","args":[{"element-6066-11e4-a52e-4f735466cecf":"21b47173-3645-4e1f-9af8-6afaf4616dcf","ELEMENT":"21b47173-3645-4e1f-9af8-6afaf4616dcf"}]}
RESULT: {"script":"return (function isElementDisplayed(element) {\n    function nodeIsElement(node) {\n        if (!node) {\n            return false;\n        }\n        switch (node.nodeType) {\n            case Node.ELEMEN ... (7807 more bytes)","args":[{"element-6066-11e4-a52e-4f735466cecf":"21b47173-3645-4e1f-9af8-6afaf4616dcf","ELEMENT":"21b47173-3645-4e1f-9af8-6afaf4616dcf"}]}
COMMAND: POST /session/13ab040204d7fbe2b5aee74b909a6e86/element - {"using":"xpath","value":"//input[@ng-model = \"emailQuote.user.email\"]"}
RESULT: {"using":"xpath","value":"//input[@ng-model = \"emailQuote.user.email\"]"}
COMMAND: POST /session/13ab040204d7fbe2b5aee74b909a6e86/elements - {"using":"xpath","value":"//input[@ng-model = \"emailQuote.user.email\"]"}
RESULT: {"using":"xpath","value":"//input[@ng-model = \"emailQuote.user.email\"]"}
COMMAND: POST /session/13ab040204d7fbe2b5aee74b909a6e86/element - {"using":"xpath","value":"//input[@ng-model = \"emailQuote.user.email\"]"}
RESULT: {"using":"xpath","value":"//input[@ng-model = \"emailQuote.user.email\"]"}
COMMAND: POST /session/13ab040204d7fbe2b5aee74b909a6e86/element/c0dd525e-e0f7-422c-9f30-56838ec654e4/clear - {}
RESULT: {}
COMMAND: POST /session/13ab040204d7fbe2b5aee74b909a6e86/element/c0dd525e-e0f7-422c-9f30-56838ec654e4/value - {"text":""}
RESULT: {"text":""}
COMMAND: POST /session/13ab040204d7fbe2b5aee74b909a6e86/actions - {"actions":[{"id":"action1","type":"key","parameters":{},"actions":[{"type":"keyDown","value":""},{"type":"keyDown","value":"v"},{"type":"pause","duration":10},{"type":"keyUp","value":""},{"type":"keyUp","value":"v"}]}]}
RESULT: {"actions":[{"id":"action1","type":"key","parameters":{},"actions":[{"type":"keyDown","value":""},{"type":"keyDown","value":"v"},{"type":"pause","duration":10},{"type":"keyUp","value":""},{"type":"keyUp","value":"v"}]}]}
COMMAND: DELETE /session/13ab040204d7fbe2b5aee74b909a6e86/actions - {}
RESULT: {}
COMMAND: POST /session/13ab040204d7fbe2b5aee74b909a6e86/element - {"using":"xpath","value":"//button[contains (text() , \"Send Email\")]"}
RESULT: {"using":"xpath","value":"//button[contains (text() , \"Send Email\")]"}
COMMAND: POST /session/13ab040204d7fbe2b5aee74b909a6e86/execute/sync - {"script":"return (function isElementDisplayed(element) {\n    function nodeIsElement(node) {\n        if (!node) {\n            return false;\n        }\n        switch (node.nodeType) {\n            case Node.ELEMEN ... (7807 more bytes)","args":[{"element-6066-11e4-a52e-4f735466cecf":"d2a7ff02-2bec-4ccd-b6c0-51762d81ebf5","ELEMENT":"d2a7ff02-2bec-4ccd-b6c0-51762d81ebf5"}]}
RESULT: {"script":"return (function isElementDisplayed(element) {\n    function nodeIsElement(node) {\n        if (!node) {\n            return false;\n        }\n        switch (node.nodeType) {\n            case Node.ELEMEN ... (7807 more bytes)","args":[{"element-6066-11e4-a52e-4f735466cecf":"d2a7ff02-2bec-4ccd-b6c0-51762d81ebf5","ELEMENT":"d2a7ff02-2bec-4ccd-b6c0-51762d81ebf5"}]}
COMMAND: POST /session/13ab040204d7fbe2b5aee74b909a6e86/element - {"using":"xpath","value":"//button[contains (text() , \"Send Email\")]"}
RESULT: {"using":"xpath","value":"//button[contains (text() , \"Send Email\")]"}
COMMAND: POST /session/13ab040204d7fbe2b5aee74b909a6e86/element/d2a7ff02-2bec-4ccd-b6c0-51762d81ebf5/click - {}
RESULT: {}
COMMAND: POST /session/13ab040204d7fbe2b5aee74b909a6e86/window - {"handle":"CDwindow-EB9C7BA112DEF509F05744EA2C37C3EA"}
RESULT: {"handle":"CDwindow-EB9C7BA112DEF509F05744EA2C37C3EA"}
COMMAND: POST /session/13ab040204d7fbe2b5aee74b909a6e86/element - {"using":"xpath","value":"//div[@id=\"cookie_close\"]"}
RESULT: {"using":"xpath","value":"//div[@id=\"cookie_close\"]"}
COMMAND: POST /session/13ab040204d7fbe2b5aee74b909a6e86/execute/sync - {"script":"return (function isElementDisplayed(element) {\n    function nodeIsElement(node) {\n        if (!node) {\n            return false;\n        }\n        switch (node.nodeType) {\n            case Node.ELEMEN ... (7807 more bytes)","args":[{"element-6066-11e4-a52e-4f735466cecf":"7fbeddca-9208-4e7a-9771-1fa778c6f4e6","ELEMENT":"7fbeddca-9208-4e7a-9771-1fa778c6f4e6"}]}
RESULT: {"script":"return (function isElementDisplayed(element) {\n    function nodeIsElement(node) {\n        if (!node) {\n            return false;\n        }\n        switch (node.nodeType) {\n            case Node.ELEMEN ... (7807 more bytes)","args":[{"element-6066-11e4-a52e-4f735466cecf":"7fbeddca-9208-4e7a-9771-1fa778c6f4e6","ELEMENT":"7fbeddca-9208-4e7a-9771-1fa778c6f4e6"}]}
COMMAND: POST /session/13ab040204d7fbe2b5aee74b909a6e86/element - {"using":"xpath","value":"//div[@id=\"cookie_close\"]"}
RESULT: {"using":"xpath","value":"//div[@id=\"cookie_close\"]"}
COMMAND: POST /session/13ab040204d7fbe2b5aee74b909a6e86/element/7fbeddca-9208-4e7a-9771-1fa778c6f4e6/click - {}
RESULT: {}
COMMAND: POST /session/13ab040204d7fbe2b5aee74b909a6e86/element - {"using":"xpath","value":"//div[contains (text(), \"gcp-estimate@cloudpricingcalculator.appspotmail.com\")]"}
RESULT: {"using":"xpath","value":"//div[contains (text(), \"gcp-estimate@cloudpricingcalculator.appspotmail.com\")]"}
COMMAND: POST /session/13ab040204d7fbe2b5aee74b909a6e86/element - {"using":"xpath","value":"//div[contains (text(), \"gcp-estimate@cloudpricingcalculator.appspotmail.com\")]"}
RESULT: {"using":"xpath","value":"//div[contains (text(), \"gcp-estimate@cloudpricingcalculator.appspotmail.com\")]"}
COMMAND: POST /session/13ab040204d7fbe2b5aee74b909a6e86/element - {"using":"xpath","value":"//div[contains (text(), \"gcp-estimate@cloudpricingcalculator.appspotmail.com\")]"}
RESULT: {"using":"xpath","value":"//div[contains (text(), \"gcp-estimate@cloudpricingcalculator.appspotmail.com\")]"}
COMMAND: POST /session/13ab040204d7fbe2b5aee74b909a6e86/element - {"using":"xpath","value":"//div[contains (text(), \"gcp-estimate@cloudpricingcalculator.appspotmail.com\")]"}
RESULT: {"using":"xpath","value":"//div[contains (text(), \"gcp-estimate@cloudpricingcalculator.appspotmail.com\")]"}
COMMAND: POST /session/13ab040204d7fbe2b5aee74b909a6e86/element - {"using":"xpath","value":"//div[contains (text(), \"gcp-estimate@cloudpricingcalculator.appspotmail.com\")]"}
RESULT: {"using":"xpath","value":"//div[contains (text(), \"gcp-estimate@cloudpricingcalculator.appspotmail.com\")]"}
COMMAND: POST /session/13ab040204d7fbe2b5aee74b909a6e86/element - {"using":"xpath","value":"//div[contains (text(), \"gcp-estimate@cloudpricingcalculator.appspotmail.com\")]"}
RESULT: {"using":"xpath","value":"//div[contains (text(), \"gcp-estimate@cloudpricingcalculator.appspotmail.com\")]"}
COMMAND: POST /session/13ab040204d7fbe2b5aee74b909a6e86/element - {"using":"xpath","value":"//div[contains (text(), \"gcp-estimate@cloudpricingcalculator.appspotmail.com\")]"}
RESULT: {"using":"xpath","value":"//div[contains (text(), \"gcp-estimate@cloudpricingcalculator.appspotmail.com\")]"}
COMMAND: POST /session/13ab040204d7fbe2b5aee74b909a6e86/element - {"using":"xpath","value":"//div[contains (text(), \"gcp-estimate@cloudpricingcalculator.appspotmail.com\")]"}
RESULT: {"using":"xpath","value":"//div[contains (text(), \"gcp-estimate@cloudpricingcalculator.appspotmail.com\")]"}
COMMAND: POST /session/13ab040204d7fbe2b5aee74b909a6e86/element - {"using":"xpath","value":"//div[contains (text(), \"gcp-estimate@cloudpricingcalculator.appspotmail.com\")]"}
RESULT: {"using":"xpath","value":"//div[contains (text(), \"gcp-estimate@cloudpricingcalculator.appspotmail.com\")]"}
COMMAND: POST /session/13ab040204d7fbe2b5aee74b909a6e86/element - {"using":"xpath","value":"//div[contains (text(), \"gcp-estimate@cloudpricingcalculator.appspotmail.com\")]"}
RESULT: {"using":"xpath","value":"//div[contains (text(), \"gcp-estimate@cloudpricingcalculator.appspotmail.com\")]"}
COMMAND: POST /session/13ab040204d7fbe2b5aee74b909a6e86/element - {"using":"xpath","value":"//div[contains (text(), \"gcp-estimate@cloudpricingcalculator.appspotmail.com\")]"}
RESULT: {"using":"xpath","value":"//div[contains (text(), \"gcp-estimate@cloudpricingcalculator.appspotmail.com\")]"}
COMMAND: POST /session/13ab040204d7fbe2b5aee74b909a6e86/element - {"using":"xpath","value":"//div[contains (text(), \"gcp-estimate@cloudpricingcalculator.appspotmail.com\")]"}
RESULT: {"using":"xpath","value":"//div[contains (text(), \"gcp-estimate@cloudpricingcalculator.appspotmail.com\")]"}
COMMAND: POST /session/13ab040204d7fbe2b5aee74b909a6e86/element - {"using":"xpath","value":"//div[contains (text(), \"gcp-estimate@cloudpricingcalculator.appspotmail.com\")]"}
RESULT: {"using":"xpath","value":"//div[contains (text(), \"gcp-estimate@cloudpricingcalculator.appspotmail.com\")]"}
COMMAND: POST /session/13ab040204d7fbe2b5aee74b909a6e86/execute/sync - {"script":"return (function isElementDisplayed(element) {\n    function nodeIsElement(node) {\n        if (!node) {\n            return false;\n        }\n        switch (node.nodeType) {\n            case Node.ELEMEN ... (7807 more bytes)","args":[{"element-6066-11e4-a52e-4f735466cecf":"b20649ff-7359-4343-9c48-4421ade6c7ec","ELEMENT":"b20649ff-7359-4343-9c48-4421ade6c7ec"}]}
RESULT: {"script":"return (function isElementDisplayed(element) {\n    function nodeIsElement(node) {\n        if (!node) {\n            return false;\n        }\n        switch (node.nodeType) {\n            case Node.ELEMEN ... (7807 more bytes)","args":[{"element-6066-11e4-a52e-4f735466cecf":"b20649ff-7359-4343-9c48-4421ade6c7ec","ELEMENT":"b20649ff-7359-4343-9c48-4421ade6c7ec"}]}
COMMAND: POST /session/13ab040204d7fbe2b5aee74b909a6e86/element - {"using":"xpath","value":"//div[contains (text(), \"gcp-estimate@cloudpricingcalculator.appspotmail.com\")]"}
RESULT: {"using":"xpath","value":"//div[contains (text(), \"gcp-estimate@cloudpricingcalculator.appspotmail.com\")]"}
COMMAND: POST /session/13ab040204d7fbe2b5aee74b909a6e86/element/b20649ff-7359-4343-9c48-4421ade6c7ec/click - {}
RESULT: {}
COMMAND: POST /session/13ab040204d7fbe2b5aee74b909a6e86/element - {"using":"xpath","value":"//iframe[@class = \"w-full flex flex-grow min-h-tm-groot-iframe\"]"}
RESULT: {"using":"xpath","value":"//iframe[@class = \"w-full flex flex-grow min-h-tm-groot-iframe\"]"}
COMMAND: POST /session/13ab040204d7fbe2b5aee74b909a6e86/execute/sync - {"script":"return (function isElementDisplayed(element) {\n    function nodeIsElement(node) {\n        if (!node) {\n            return false;\n        }\n        switch (node.nodeType) {\n            case Node.ELEMEN ... (7807 more bytes)","args":[{"element-6066-11e4-a52e-4f735466cecf":"6d2cbe7b-4cd9-4e72-b0f1-976e38477cf5","ELEMENT":"6d2cbe7b-4cd9-4e72-b0f1-976e38477cf5"}]}
RESULT: {"script":"return (function isElementDisplayed(element) {\n    function nodeIsElement(node) {\n        if (!node) {\n            return false;\n        }\n        switch (node.nodeType) {\n            case Node.ELEMEN ... (7807 more bytes)","args":[{"element-6066-11e4-a52e-4f735466cecf":"6d2cbe7b-4cd9-4e72-b0f1-976e38477cf5","ELEMENT":"6d2cbe7b-4cd9-4e72-b0f1-976e38477cf5"}]}
COMMAND: POST /session/13ab040204d7fbe2b5aee74b909a6e86/element - {"using":"xpath","value":"//iframe[@class = \"w-full flex flex-grow min-h-tm-groot-iframe\"]"}
RESULT: {"using":"xpath","value":"//iframe[@class = \"w-full flex flex-grow min-h-tm-groot-iframe\"]"}
COMMAND: POST /session/13ab040204d7fbe2b5aee74b909a6e86/frame - {"id":{"sessionId":"13ab040204d7fbe2b5aee74b909a6e86","elementId":"6d2cbe7b-4cd9-4e72-b0f1-976e38477cf5","element-6066-11e4-a52e-4f735466cecf":"6d2cbe7b-4cd9-4e72-b0f1-976e38477cf5","selector":"//iframe[@class = \"w-full flex flex-grow min-h-tm-groot-iframe\"]","parent":{"capabilities":{"acceptInsecureCerts":true,"browserName":"chrome","browserVersion":"111.0.5563.65","chrome":{"chromedriverVersion":"110.0.5481.77 (65ed616c6e8ee3fe0ad64fe83796c020644d42af-refs/branch-heads/5481@{#839})","userDataDir":"C:\\Users\\E3RA\\AppData\\Local\\Temp\\scoped_dir2444_2103438081"},"goog:chromeOptions":{"debuggerAddress":"localhost:58780"},"networkConnectionEnabled":false,"pageLoadStrategy":"normal","platformName":"windows","proxy":{},"setWindowRect":true,"_":"6 more keys: [\"strictFileInteractability\",\"timeouts\",\"unhandledPromptBehavior\",\"webauthn:extension:credBlob\",\"webauthn:extension:largeBlob\",\"webauthn:virtualAuthenticators\"]"}},"isReactElement":false}}
RESULT: {"id":{"sessionId":"13ab040204d7fbe2b5aee74b909a6e86","elementId":"6d2cbe7b-4cd9-4e72-b0f1-976e38477cf5","element-6066-11e4-a52e-4f735466cecf":"6d2cbe7b-4cd9-4e72-b0f1-976e38477cf5","selector":"//iframe[@class = \"w-full flex flex-grow min-h-tm-groot-iframe\"]","parent":{"capabilities":{"acceptInsecureCerts":true,"browserName":"chrome","browserVersion":"111.0.5563.65","chrome":{"chromedriverVersion":"110.0.5481.77 (65ed616c6e8ee3fe0ad64fe83796c020644d42af-refs/branch-heads/5481@{#839})","userDataDir":"C:\\Users\\E3RA\\AppData\\Local\\Temp\\scoped_dir2444_2103438081"},"goog:chromeOptions":{"debuggerAddress":"localhost:58780"},"networkConnectionEnabled":false,"pageLoadStrategy":"normal","platformName":"windows","proxy":{},"setWindowRect":true,"_":"6 more keys: [\"strictFileInteractability\",\"timeouts\",\"unhandledPromptBehavior\",\"webauthn:extension:credBlob\",\"webauthn:extension:largeBlob\",\"webauthn:virtualAuthenticators\"]"}},"isReactElement":false}}
COMMAND: POST /session/13ab040204d7fbe2b5aee74b909a6e86/element - {"using":"xpath","value":"//table[@class=\"quote\"]"}
RESULT: {"using":"xpath","value":"//table[@class=\"quote\"]"}
COMMAND: POST /session/13ab040204d7fbe2b5aee74b909a6e86/execute/sync - {"script":"return (function isElementDisplayed(element) {\n    function nodeIsElement(node) {\n        if (!node) {\n            return false;\n        }\n        switch (node.nodeType) {\n            case Node.ELEMEN ... (7807 more bytes)","args":[{"element-6066-11e4-a52e-4f735466cecf":"a3d89300-c51e-4562-8201-e03d3d83b6f3","ELEMENT":"a3d89300-c51e-4562-8201-e03d3d83b6f3"}]}
RESULT: {"script":"return (function isElementDisplayed(element) {\n    function nodeIsElement(node) {\n        if (!node) {\n            return false;\n        }\n        switch (node.nodeType) {\n            case Node.ELEMEN ... (7807 more bytes)","args":[{"element-6066-11e4-a52e-4f735466cecf":"a3d89300-c51e-4562-8201-e03d3d83b6f3","ELEMENT":"a3d89300-c51e-4562-8201-e03d3d83b6f3"}]}
COMMAND: POST /session/13ab040204d7fbe2b5aee74b909a6e86/element - {"using":"xpath","value":"//table[@class=\"quote\"]"}
RESULT: {"using":"xpath","value":"//table[@class=\"quote\"]"}
COMMAND: GET /session/13ab040204d7fbe2b5aee74b909a6e86/element/a3d89300-c51e-4562-8201-e03d3d83b6f3/text - {}
RESULT: {}
COMMAND: POST /session/13ab040204d7fbe2b5aee74b909a6e86/frame/parent - {}
RESULT: {}
COMMAND: DELETE /session/13ab040204d7fbe2b5aee74b909a6e86 - {}
RESULT: {}
]]></system-out>
    </testcase>
  </testsuite>
</testsuites>