<?xml version="1.0" encoding="UTF-8"?>
<testsuites>
  <testsuite name="Test suite" timestamp="2023-03-11T14:12:52" time="31.06" tests="2" failures="0" errors="0" skipped="0">
    <properties>
      <property name="specId" value="0"/>
      <property name="suiteName" value="Test suite"/>
      <property name="capabilities" value="chrome.111_0_5563_65.windows"/>
      <property name="file" value="file:///C:/Users/E3RA/Desktop/Epam_Test_2/test/specs/test.spec.js"/>
    </properties>
    <testcase classname="chrome.111_0_5563_65.windows.Test_suite" name="Hurt Me Plenty" time="18.416">
      <system-out><![CDATA[
COMMAND: POST /session/aa93ababc1c0f1dc1a6140cace90d12b/window/maximize - {}
COMMAND: POST /session/aa93ababc1c0f1dc1a6140cace90d12b/url - {"url":"https://cloud.google.com/"}
RESULT: {}
RESULT: {"url":"https://cloud.google.com/"}
COMMAND: POST /session/aa93ababc1c0f1dc1a6140cace90d12b/element - {"using":"xpath","value":"//input[@class = \"devsite-search-field devsite-search-query\"]"}
RESULT: {"using":"xpath","value":"//input[@class = \"devsite-search-field devsite-search-query\"]"}
COMMAND: POST /session/aa93ababc1c0f1dc1a6140cace90d12b/element/6466decb-932e-4078-bd3d-2f43801eefd4/clear - {}
RESULT: {}
COMMAND: POST /session/aa93ababc1c0f1dc1a6140cace90d12b/element/6466decb-932e-4078-bd3d-2f43801eefd4/value - {"text":"Google Cloud Platform Pricing Calculator"}
RESULT: {"text":"Google Cloud Platform Pricing Calculator"}
COMMAND: POST /session/aa93ababc1c0f1dc1a6140cace90d12b/element - {"using":"xpath","value":"//a[@data-ctorig = \"https://cloud.google.com/products/calculator\"]"}
RESULT: {"using":"xpath","value":"//a[@data-ctorig = \"https://cloud.google.com/products/calculator\"]"}
COMMAND: POST /session/aa93ababc1c0f1dc1a6140cace90d12b/elements - {"using":"xpath","value":"//a[@data-ctorig = \"https://cloud.google.com/products/calculator\"]"}
RESULT: {"using":"xpath","value":"//a[@data-ctorig = \"https://cloud.google.com/products/calculator\"]"}
COMMAND: POST /session/aa93ababc1c0f1dc1a6140cace90d12b/elements - {"using":"xpath","value":"//a[@data-ctorig = \"https://cloud.google.com/products/calculator\"]"}
RESULT: {"using":"xpath","value":"//a[@data-ctorig = \"https://cloud.google.com/products/calculator\"]"}
COMMAND: POST /session/aa93ababc1c0f1dc1a6140cace90d12b/elements - {"using":"xpath","value":"//a[@data-ctorig = \"https://cloud.google.com/products/calculator\"]"}
RESULT: {"using":"xpath","value":"//a[@data-ctorig = \"https://cloud.google.com/products/calculator\"]"}
COMMAND: POST /session/aa93ababc1c0f1dc1a6140cace90d12b/elements - {"using":"xpath","value":"//a[@data-ctorig = \"https://cloud.google.com/products/calculator\"]"}
RESULT: {"using":"xpath","value":"//a[@data-ctorig = \"https://cloud.google.com/products/calculator\"]"}
COMMAND: POST /session/aa93ababc1c0f1dc1a6140cace90d12b/elements - {"using":"xpath","value":"//a[@data-ctorig = \"https://cloud.google.com/products/calculator\"]"}
RESULT: {"using":"xpath","value":"//a[@data-ctorig = \"https://cloud.google.com/products/calculator\"]"}
COMMAND: POST /session/aa93ababc1c0f1dc1a6140cace90d12b/element - {"using":"xpath","value":"//a[@data-ctorig = \"https://cloud.google.com/products/calculator\"]"}
RESULT: {"using":"xpath","value":"//a[@data-ctorig = \"https://cloud.google.com/products/calculator\"]"}
COMMAND: POST /session/aa93ababc1c0f1dc1a6140cace90d12b/element/6c150fcd-e2ba-42d8-9950-6edaf9d5508b/click - {}
RESULT: {}
COMMAND: GET /session/aa93ababc1c0f1dc1a6140cace90d12b/title - {}
RESULT: {}
COMMAND: POST /session/aa93ababc1c0f1dc1a6140cace90d12b/element - {"using":"css selector","value":"#cloud-site  iframe"}
RESULT: {"using":"css selector","value":"#cloud-site  iframe"}
COMMAND: POST /session/aa93ababc1c0f1dc1a6140cace90d12b/execute/sync - {"script":"return (function isElementDisplayed(element) {\n    function nodeIsElement(node) {\n        if (!node) {\n            return false;\n        }\n        switch (node.nodeType) {\n            case Node.ELEMEN ... (7807 more bytes)","args":[{"element-6066-11e4-a52e-4f735466cecf":"229be605-b2b7-4b76-9e9e-63d3d50a8a50","ELEMENT":"229be605-b2b7-4b76-9e9e-63d3d50a8a50"}]}
RESULT: {"script":"return (function isElementDisplayed(element) {\n    function nodeIsElement(node) {\n        if (!node) {\n            return false;\n        }\n        switch (node.nodeType) {\n            case Node.ELEMEN ... (7807 more bytes)","args":[{"element-6066-11e4-a52e-4f735466cecf":"229be605-b2b7-4b76-9e9e-63d3d50a8a50","ELEMENT":"229be605-b2b7-4b76-9e9e-63d3d50a8a50"}]}
COMMAND: POST /session/aa93ababc1c0f1dc1a6140cace90d12b/element - {"using":"css selector","value":"#cloud-site  iframe"}
RESULT: {"using":"css selector","value":"#cloud-site  iframe"}
COMMAND: POST /session/aa93ababc1c0f1dc1a6140cace90d12b/frame - {"id":{"sessionId":"aa93ababc1c0f1dc1a6140cace90d12b","elementId":"229be605-b2b7-4b76-9e9e-63d3d50a8a50","element-6066-11e4-a52e-4f735466cecf":"229be605-b2b7-4b76-9e9e-63d3d50a8a50","selector":"#cloud-site  iframe","parent":{"capabilities":{"acceptInsecureCerts":true,"browserName":"chrome","browserVersion":"111.0.5563.65","chrome":{"chromedriverVersion":"110.0.5481.77 (65ed616c6e8ee3fe0ad64fe83796c020644d42af-refs/branch-heads/5481@{#839})","userDataDir":"C:\\Users\\E3RA\\AppData\\Local\\Temp\\scoped_dir5716_1696857074"},"goog:chromeOptions":{"debuggerAddress":"localhost:50955"},"networkConnectionEnabled":false,"pageLoadStrategy":"normal","platformName":"windows","proxy":{},"setWindowRect":true,"_":"6 more keys: [\"strictFileInteractability\",\"timeouts\",\"unhandledPromptBehavior\",\"webauthn:extension:credBlob\",\"webauthn:extension:largeBlob\",\"webauthn:virtualAuthenticators\"]"}},"isReactElement":false}}
RESULT: {"id":{"sessionId":"aa93ababc1c0f1dc1a6140cace90d12b","elementId":"229be605-b2b7-4b76-9e9e-63d3d50a8a50","element-6066-11e4-a52e-4f735466cecf":"229be605-b2b7-4b76-9e9e-63d3d50a8a50","selector":"#cloud-site  iframe","parent":{"capabilities":{"acceptInsecureCerts":true,"browserName":"chrome","browserVersion":"111.0.5563.65","chrome":{"chromedriverVersion":"110.0.5481.77 (65ed616c6e8ee3fe0ad64fe83796c020644d42af-refs/branch-heads/5481@{#839})","userDataDir":"C:\\Users\\E3RA\\AppData\\Local\\Temp\\scoped_dir5716_1696857074"},"goog:chromeOptions":{"debuggerAddress":"localhost:50955"},"networkConnectionEnabled":false,"pageLoadStrategy":"normal","platformName":"windows","proxy":{},"setWindowRect":true,"_":"6 more keys: [\"strictFileInteractability\",\"timeouts\",\"unhandledPromptBehavior\",\"webauthn:extension:credBlob\",\"webauthn:extension:largeBlob\",\"webauthn:virtualAuthenticators\"]"}},"isReactElement":false}}
COMMAND: POST /session/aa93ababc1c0f1dc1a6140cace90d12b/element - {"using":"css selector","value":"#myFrame"}
RESULT: {"using":"css selector","value":"#myFrame"}
COMMAND: POST /session/aa93ababc1c0f1dc1a6140cace90d12b/execute/sync - {"script":"return (function isElementDisplayed(element) {\n    function nodeIsElement(node) {\n        if (!node) {\n            return false;\n        }\n        switch (node.nodeType) {\n            case Node.ELEMEN ... (7807 more bytes)","args":[{"element-6066-11e4-a52e-4f735466cecf":"1b7022c4-6903-4ac8-b3a5-36161476583c","ELEMENT":"1b7022c4-6903-4ac8-b3a5-36161476583c"}]}
RESULT: {"script":"return (function isElementDisplayed(element) {\n    function nodeIsElement(node) {\n        if (!node) {\n            return false;\n        }\n        switch (node.nodeType) {\n            case Node.ELEMEN ... (7807 more bytes)","args":[{"element-6066-11e4-a52e-4f735466cecf":"1b7022c4-6903-4ac8-b3a5-36161476583c","ELEMENT":"1b7022c4-6903-4ac8-b3a5-36161476583c"}]}
COMMAND: POST /session/aa93ababc1c0f1dc1a6140cace90d12b/element - {"using":"css selector","value":"#myFrame"}
RESULT: {"using":"css selector","value":"#myFrame"}
COMMAND: POST /session/aa93ababc1c0f1dc1a6140cace90d12b/frame - {"id":{"sessionId":"aa93ababc1c0f1dc1a6140cace90d12b","elementId":"1b7022c4-6903-4ac8-b3a5-36161476583c","element-6066-11e4-a52e-4f735466cecf":"1b7022c4-6903-4ac8-b3a5-36161476583c","selector":"#myFrame","parent":{"capabilities":{"acceptInsecureCerts":true,"browserName":"chrome","browserVersion":"111.0.5563.65","chrome":{"chromedriverVersion":"110.0.5481.77 (65ed616c6e8ee3fe0ad64fe83796c020644d42af-refs/branch-heads/5481@{#839})","userDataDir":"C:\\Users\\E3RA\\AppData\\Local\\Temp\\scoped_dir5716_1696857074"},"goog:chromeOptions":{"debuggerAddress":"localhost:50955"},"networkConnectionEnabled":false,"pageLoadStrategy":"normal","platformName":"windows","proxy":{},"setWindowRect":true,"_":"6 more keys: [\"strictFileInteractability\",\"timeouts\",\"unhandledPromptBehavior\",\"webauthn:extension:credBlob\",\"webauthn:extension:largeBlob\",\"webauthn:virtualAuthenticators\"]"}},"isReactElement":false}}
RESULT: {"id":{"sessionId":"aa93ababc1c0f1dc1a6140cace90d12b","elementId":"1b7022c4-6903-4ac8-b3a5-36161476583c","element-6066-11e4-a52e-4f735466cecf":"1b7022c4-6903-4ac8-b3a5-36161476583c","selector":"#myFrame","parent":{"capabilities":{"acceptInsecureCerts":true,"browserName":"chrome","browserVersion":"111.0.5563.65","chrome":{"chromedriverVersion":"110.0.5481.77 (65ed616c6e8ee3fe0ad64fe83796c020644d42af-refs/branch-heads/5481@{#839})","userDataDir":"C:\\Users\\E3RA\\AppData\\Local\\Temp\\scoped_dir5716_1696857074"},"goog:chromeOptions":{"debuggerAddress":"localhost:50955"},"networkConnectionEnabled":false,"pageLoadStrategy":"normal","platformName":"windows","proxy":{},"setWindowRect":true,"_":"6 more keys: [\"strictFileInteractability\",\"timeouts\",\"unhandledPromptBehavior\",\"webauthn:extension:credBlob\",\"webauthn:extension:largeBlob\",\"webauthn:virtualAuthenticators\"]"}},"isReactElement":false}}
COMMAND: POST /session/aa93ababc1c0f1dc1a6140cace90d12b/element - {"using":"css selector","value":"#input_93"}
RESULT: {"using":"css selector","value":"#input_93"}
COMMAND: POST /session/aa93ababc1c0f1dc1a6140cace90d12b/element/ba77710b-decd-4955-87ab-0be7820d3f78/click - {}
RESULT: {}
COMMAND: POST /session/aa93ababc1c0f1dc1a6140cace90d12b/element - {"using":"css selector","value":"#input_93"}
RESULT: {"using":"css selector","value":"#input_93"}
COMMAND: POST /session/aa93ababc1c0f1dc1a6140cace90d12b/element/ba77710b-decd-4955-87ab-0be7820d3f78/clear - {}
RESULT: {}
COMMAND: POST /session/aa93ababc1c0f1dc1a6140cace90d12b/element/ba77710b-decd-4955-87ab-0be7820d3f78/value - {"text":"4"}
RESULT: {"text":"4"}
COMMAND: POST /session/aa93ababc1c0f1dc1a6140cace90d12b/element - {"using":"css selector","value":"#select_value_label_88"}
RESULT: {"using":"css selector","value":"#select_value_label_88"}
COMMAND: POST /session/aa93ababc1c0f1dc1a6140cace90d12b/element/f95bd1db-6570-426a-b82e-cb2724be8aa0/click - {}
RESULT: {}
COMMAND: POST /session/aa93ababc1c0f1dc1a6140cace90d12b/element - {"using":"xpath","value":"//div[contains (text(), \"N1\")]"}
RESULT: {"using":"xpath","value":"//div[contains (text(), \"N1\")]"}
COMMAND: POST /session/aa93ababc1c0f1dc1a6140cace90d12b/execute/sync - {"script":"return (function isElementDisplayed(element) {\n    function nodeIsElement(node) {\n        if (!node) {\n            return false;\n        }\n        switch (node.nodeType) {\n            case Node.ELEMEN ... (7807 more bytes)","args":[{"element-6066-11e4-a52e-4f735466cecf":"9a3a6135-f90f-49b1-bee1-f979717c09e7","ELEMENT":"9a3a6135-f90f-49b1-bee1-f979717c09e7"}]}
RESULT: {"script":"return (function isElementDisplayed(element) {\n    function nodeIsElement(node) {\n        if (!node) {\n            return false;\n        }\n        switch (node.nodeType) {\n            case Node.ELEMEN ... (7807 more bytes)","args":[{"element-6066-11e4-a52e-4f735466cecf":"9a3a6135-f90f-49b1-bee1-f979717c09e7","ELEMENT":"9a3a6135-f90f-49b1-bee1-f979717c09e7"}]}
COMMAND: POST /session/aa93ababc1c0f1dc1a6140cace90d12b/execute/sync - {"script":"return (function isElementDisplayed(element) {\n    function nodeIsElement(node) {\n        if (!node) {\n            return false;\n        }\n        switch (node.nodeType) {\n            case Node.ELEMEN ... (7807 more bytes)","args":[{"element-6066-11e4-a52e-4f735466cecf":"9a3a6135-f90f-49b1-bee1-f979717c09e7","ELEMENT":"9a3a6135-f90f-49b1-bee1-f979717c09e7"}]}
RESULT: {"script":"return (function isElementDisplayed(element) {\n    function nodeIsElement(node) {\n        if (!node) {\n            return false;\n        }\n        switch (node.nodeType) {\n            case Node.ELEMEN ... (7807 more bytes)","args":[{"element-6066-11e4-a52e-4f735466cecf":"9a3a6135-f90f-49b1-bee1-f979717c09e7","ELEMENT":"9a3a6135-f90f-49b1-bee1-f979717c09e7"}]}
COMMAND: POST /session/aa93ababc1c0f1dc1a6140cace90d12b/element - {"using":"xpath","value":"//div[contains (text(), \"N1\")]"}
RESULT: {"using":"xpath","value":"//div[contains (text(), \"N1\")]"}
COMMAND: POST /session/aa93ababc1c0f1dc1a6140cace90d12b/element/9a3a6135-f90f-49b1-bee1-f979717c09e7/click - {}
RESULT: {}
COMMAND: POST /session/aa93ababc1c0f1dc1a6140cace90d12b/element - {"using":"css selector","value":"#select_value_label_89"}
RESULT: {"using":"css selector","value":"#select_value_label_89"}
COMMAND: POST /session/aa93ababc1c0f1dc1a6140cace90d12b/element/d1d81ec7-d467-4726-8b97-57c825ff1867/click - {}
RESULT: {}
COMMAND: POST /session/aa93ababc1c0f1dc1a6140cace90d12b/element - {"using":"xpath","value":"//div[contains (text(), \"n1-standard-8 (vCPUs: 8, RAM: 30GB\")]"}
RESULT: {"using":"xpath","value":"//div[contains (text(), \"n1-standard-8 (vCPUs: 8, RAM: 30GB\")]"}
COMMAND: POST /session/aa93ababc1c0f1dc1a6140cace90d12b/elements - {"using":"xpath","value":"//div[contains (text(), \"n1-standard-8 (vCPUs: 8, RAM: 30GB\")]"}
RESULT: {"using":"xpath","value":"//div[contains (text(), \"n1-standard-8 (vCPUs: 8, RAM: 30GB\")]"}
COMMAND: POST /session/aa93ababc1c0f1dc1a6140cace90d12b/element - {"using":"xpath","value":"//div[contains (text(), \"n1-standard-8 (vCPUs: 8, RAM: 30GB\")]"}
RESULT: {"using":"xpath","value":"//div[contains (text(), \"n1-standard-8 (vCPUs: 8, RAM: 30GB\")]"}
COMMAND: POST /session/aa93ababc1c0f1dc1a6140cace90d12b/element/14c19b78-c6ff-4eab-8d7c-4632059458e5/click - {}
RESULT: {}
COMMAND: POST /session/aa93ababc1c0f1dc1a6140cace90d12b/element - {"using":"xpath","value":"//md-checkbox[@ng-disabled = \"!listingCtrl.isGpuOptionAvailable('computeServer')\"]"}
RESULT: {"using":"xpath","value":"//md-checkbox[@ng-disabled = \"!listingCtrl.isGpuOptionAvailable('computeServer')\"]"}
COMMAND: POST /session/aa93ababc1c0f1dc1a6140cace90d12b/element/8fa11486-b583-4e5a-99f6-3468e4675520/click - {}
RESULT: {}
COMMAND: POST /session/aa93ababc1c0f1dc1a6140cace90d12b/element - {"using":"xpath","value":"//md-select[@placeholder =\"GPU type\"]"}
RESULT: {"using":"xpath","value":"//md-select[@placeholder =\"GPU type\"]"}
COMMAND: POST /session/aa93ababc1c0f1dc1a6140cace90d12b/execute/sync - {"script":"return (function isElementDisplayed(element) {\n    function nodeIsElement(node) {\n        if (!node) {\n            return false;\n        }\n        switch (node.nodeType) {\n            case Node.ELEMEN ... (7807 more bytes)","args":[{"element-6066-11e4-a52e-4f735466cecf":"b00ab541-3c45-4a9e-985a-3241367f8adf","ELEMENT":"b00ab541-3c45-4a9e-985a-3241367f8adf"}]}
RESULT: {"script":"return (function isElementDisplayed(element) {\n    function nodeIsElement(node) {\n        if (!node) {\n            return false;\n        }\n        switch (node.nodeType) {\n            case Node.ELEMEN ... (7807 more bytes)","args":[{"element-6066-11e4-a52e-4f735466cecf":"b00ab541-3c45-4a9e-985a-3241367f8adf","ELEMENT":"b00ab541-3c45-4a9e-985a-3241367f8adf"}]}
COMMAND: POST /session/aa93ababc1c0f1dc1a6140cace90d12b/element - {"using":"xpath","value":"//md-select[@placeholder = \"Number of GPUs\"]"}
RESULT: {"using":"xpath","value":"//md-select[@placeholder = \"Number of GPUs\"]"}
COMMAND: POST /session/aa93ababc1c0f1dc1a6140cace90d12b/execute/sync - {"script":"return (function isElementDisplayed(element) {\n    function nodeIsElement(node) {\n        if (!node) {\n            return false;\n        }\n        switch (node.nodeType) {\n            case Node.ELEMEN ... (7807 more bytes)","args":[{"element-6066-11e4-a52e-4f735466cecf":"4c6739a8-6c21-4fd3-aaf5-1967a0c3ffa3","ELEMENT":"4c6739a8-6c21-4fd3-aaf5-1967a0c3ffa3"}]}
RESULT: {"script":"return (function isElementDisplayed(element) {\n    function nodeIsElement(node) {\n        if (!node) {\n            return false;\n        }\n        switch (node.nodeType) {\n            case Node.ELEMEN ... (7807 more bytes)","args":[{"element-6066-11e4-a52e-4f735466cecf":"4c6739a8-6c21-4fd3-aaf5-1967a0c3ffa3","ELEMENT":"4c6739a8-6c21-4fd3-aaf5-1967a0c3ffa3"}]}
COMMAND: POST /session/aa93ababc1c0f1dc1a6140cace90d12b/element - {"using":"xpath","value":"//md-select[@placeholder =\"GPU type\"]"}
RESULT: {"using":"xpath","value":"//md-select[@placeholder =\"GPU type\"]"}
COMMAND: POST /session/aa93ababc1c0f1dc1a6140cace90d12b/element/b00ab541-3c45-4a9e-985a-3241367f8adf/click - {}
RESULT: {}
COMMAND: POST /session/aa93ababc1c0f1dc1a6140cace90d12b/element - {"using":"xpath","value":"//div[contains (text(), \"NVIDIA Tesla V100\")]"}
RESULT: {"using":"xpath","value":"//div[contains (text(), \"NVIDIA Tesla V100\")]"}
COMMAND: POST /session/aa93ababc1c0f1dc1a6140cace90d12b/execute/sync - {"script":"return (function isElementDisplayed(element) {\n    function nodeIsElement(node) {\n        if (!node) {\n            return false;\n        }\n        switch (node.nodeType) {\n            case Node.ELEMEN ... (7807 more bytes)","args":[{"element-6066-11e4-a52e-4f735466cecf":"eb57fa1d-6835-4793-b413-3464efc50c60","ELEMENT":"eb57fa1d-6835-4793-b413-3464efc50c60"}]}
RESULT: {"script":"return (function isElementDisplayed(element) {\n    function nodeIsElement(node) {\n        if (!node) {\n            return false;\n        }\n        switch (node.nodeType) {\n            case Node.ELEMEN ... (7807 more bytes)","args":[{"element-6066-11e4-a52e-4f735466cecf":"eb57fa1d-6835-4793-b413-3464efc50c60","ELEMENT":"eb57fa1d-6835-4793-b413-3464efc50c60"}]}
COMMAND: POST /session/aa93ababc1c0f1dc1a6140cace90d12b/execute/sync - {"script":"return (function isElementDisplayed(element) {\n    function nodeIsElement(node) {\n        if (!node) {\n            return false;\n        }\n        switch (node.nodeType) {\n            case Node.ELEMEN ... (7807 more bytes)","args":[{"element-6066-11e4-a52e-4f735466cecf":"eb57fa1d-6835-4793-b413-3464efc50c60","ELEMENT":"eb57fa1d-6835-4793-b413-3464efc50c60"}]}
RESULT: {"script":"return (function isElementDisplayed(element) {\n    function nodeIsElement(node) {\n        if (!node) {\n            return false;\n        }\n        switch (node.nodeType) {\n            case Node.ELEMEN ... (7807 more bytes)","args":[{"element-6066-11e4-a52e-4f735466cecf":"eb57fa1d-6835-4793-b413-3464efc50c60","ELEMENT":"eb57fa1d-6835-4793-b413-3464efc50c60"}]}
COMMAND: POST /session/aa93ababc1c0f1dc1a6140cace90d12b/element - {"using":"xpath","value":"//div[contains (text(), \"NVIDIA Tesla V100\")]"}
RESULT: {"using":"xpath","value":"//div[contains (text(), \"NVIDIA Tesla V100\")]"}
COMMAND: POST /session/aa93ababc1c0f1dc1a6140cace90d12b/element/eb57fa1d-6835-4793-b413-3464efc50c60/click - {}
RESULT: {}
COMMAND: POST /session/aa93ababc1c0f1dc1a6140cace90d12b/element - {"using":"xpath","value":"//md-select[@placeholder = \"Number of GPUs\"]"}
RESULT: {"using":"xpath","value":"//md-select[@placeholder = \"Number of GPUs\"]"}
COMMAND: POST /session/aa93ababc1c0f1dc1a6140cace90d12b/element/4c6739a8-6c21-4fd3-aaf5-1967a0c3ffa3/click - {}
RESULT: {}
COMMAND: POST /session/aa93ababc1c0f1dc1a6140cace90d12b/element - {"using":"xpath","value":"//md-option[@ng-disabled=\"item.value != 0 && item.value < listingCtrl.minGPU\"][@value = \"1\"]"}
RESULT: {"using":"xpath","value":"//md-option[@ng-disabled=\"item.value != 0 && item.value < listingCtrl.minGPU\"][@value = \"1\"]"}
COMMAND: POST /session/aa93ababc1c0f1dc1a6140cace90d12b/execute/sync - {"script":"return (function isElementDisplayed(element) {\n    function nodeIsElement(node) {\n        if (!node) {\n            return false;\n        }\n        switch (node.nodeType) {\n            case Node.ELEMEN ... (7807 more bytes)","args":[{"element-6066-11e4-a52e-4f735466cecf":"375f7ca2-f2a1-4562-ab3a-10d2c3146843","ELEMENT":"375f7ca2-f2a1-4562-ab3a-10d2c3146843"}]}
RESULT: {"script":"return (function isElementDisplayed(element) {\n    function nodeIsElement(node) {\n        if (!node) {\n            return false;\n        }\n        switch (node.nodeType) {\n            case Node.ELEMEN ... (7807 more bytes)","args":[{"element-6066-11e4-a52e-4f735466cecf":"375f7ca2-f2a1-4562-ab3a-10d2c3146843","ELEMENT":"375f7ca2-f2a1-4562-ab3a-10d2c3146843"}]}
COMMAND: POST /session/aa93ababc1c0f1dc1a6140cace90d12b/execute/sync - {"script":"return (function isElementDisplayed(element) {\n    function nodeIsElement(node) {\n        if (!node) {\n            return false;\n        }\n        switch (node.nodeType) {\n            case Node.ELEMEN ... (7807 more bytes)","args":[{"element-6066-11e4-a52e-4f735466cecf":"375f7ca2-f2a1-4562-ab3a-10d2c3146843","ELEMENT":"375f7ca2-f2a1-4562-ab3a-10d2c3146843"}]}
RESULT: {"script":"return (function isElementDisplayed(element) {\n    function nodeIsElement(node) {\n        if (!node) {\n            return false;\n        }\n        switch (node.nodeType) {\n            case Node.ELEMEN ... (7807 more bytes)","args":[{"element-6066-11e4-a52e-4f735466cecf":"375f7ca2-f2a1-4562-ab3a-10d2c3146843","ELEMENT":"375f7ca2-f2a1-4562-ab3a-10d2c3146843"}]}
COMMAND: POST /session/aa93ababc1c0f1dc1a6140cace90d12b/element - {"using":"xpath","value":"//md-option[@ng-disabled=\"item.value != 0 && item.value < listingCtrl.minGPU\"][@value = \"1\"]"}
RESULT: {"using":"xpath","value":"//md-option[@ng-disabled=\"item.value != 0 && item.value < listingCtrl.minGPU\"][@value = \"1\"]"}
COMMAND: POST /session/aa93ababc1c0f1dc1a6140cace90d12b/element/375f7ca2-f2a1-4562-ab3a-10d2c3146843/click - {}
RESULT: {}
COMMAND: POST /session/aa93ababc1c0f1dc1a6140cace90d12b/element - {"using":"xpath","value":"//md-select[@ng-model = \"listingCtrl.computeServer.ssd\"]"}
RESULT: {"using":"xpath","value":"//md-select[@ng-model = \"listingCtrl.computeServer.ssd\"]"}
COMMAND: POST /session/aa93ababc1c0f1dc1a6140cace90d12b/element/35dfdfb9-9ebf-4778-b109-8739b2c306cc/click - {}
RESULT: {}
COMMAND: POST /session/aa93ababc1c0f1dc1a6140cace90d12b/element - {"using":"xpath","value":"//div[contains(text(), \"2x375 GB\")]"}
RESULT: {"using":"xpath","value":"//div[contains(text(), \"2x375 GB\")]"}
COMMAND: POST /session/aa93ababc1c0f1dc1a6140cace90d12b/execute/sync - {"script":"return (function isElementDisplayed(element) {\n    function nodeIsElement(node) {\n        if (!node) {\n            return false;\n        }\n        switch (node.nodeType) {\n            case Node.ELEMEN ... (7807 more bytes)","args":[{"element-6066-11e4-a52e-4f735466cecf":"fb46fc7a-059f-49dc-ba7e-259cd5f0f6da","ELEMENT":"fb46fc7a-059f-49dc-ba7e-259cd5f0f6da"}]}
RESULT: {"script":"return (function isElementDisplayed(element) {\n    function nodeIsElement(node) {\n        if (!node) {\n            return false;\n        }\n        switch (node.nodeType) {\n            case Node.ELEMEN ... (7807 more bytes)","args":[{"element-6066-11e4-a52e-4f735466cecf":"fb46fc7a-059f-49dc-ba7e-259cd5f0f6da","ELEMENT":"fb46fc7a-059f-49dc-ba7e-259cd5f0f6da"}]}
COMMAND: POST /session/aa93ababc1c0f1dc1a6140cace90d12b/execute/sync - {"script":"return (function isElementDisplayed(element) {\n    function nodeIsElement(node) {\n        if (!node) {\n            return false;\n        }\n        switch (node.nodeType) {\n            case Node.ELEMEN ... (7807 more bytes)","args":[{"element-6066-11e4-a52e-4f735466cecf":"fb46fc7a-059f-49dc-ba7e-259cd5f0f6da","ELEMENT":"fb46fc7a-059f-49dc-ba7e-259cd5f0f6da"}]}
RESULT: {"script":"return (function isElementDisplayed(element) {\n    function nodeIsElement(node) {\n        if (!node) {\n            return false;\n        }\n        switch (node.nodeType) {\n            case Node.ELEMEN ... (7807 more bytes)","args":[{"element-6066-11e4-a52e-4f735466cecf":"fb46fc7a-059f-49dc-ba7e-259cd5f0f6da","ELEMENT":"fb46fc7a-059f-49dc-ba7e-259cd5f0f6da"}]}
COMMAND: POST /session/aa93ababc1c0f1dc1a6140cace90d12b/element - {"using":"xpath","value":"//div[contains(text(), \"2x375 GB\")]"}
RESULT: {"using":"xpath","value":"//div[contains(text(), \"2x375 GB\")]"}
COMMAND: POST /session/aa93ababc1c0f1dc1a6140cace90d12b/element/fb46fc7a-059f-49dc-ba7e-259cd5f0f6da/click - {}
RESULT: {}
COMMAND: POST /session/aa93ababc1c0f1dc1a6140cace90d12b/element - {"using":"xpath","value":"//md-select[@ng-model = \"listingCtrl.computeServer.location\"]"}
RESULT: {"using":"xpath","value":"//md-select[@ng-model = \"listingCtrl.computeServer.location\"]"}
COMMAND: POST /session/aa93ababc1c0f1dc1a6140cace90d12b/element/e2dce98c-f658-41ee-b38c-2139dea9f51d/click - {}
RESULT: {}
COMMAND: POST /session/aa93ababc1c0f1dc1a6140cace90d12b/element - {"using":"xpath","value":"//md-option[@id=\"select_option_231\"]"}
RESULT: {"using":"xpath","value":"//md-option[@id=\"select_option_231\"]"}
COMMAND: POST /session/aa93ababc1c0f1dc1a6140cace90d12b/execute/sync - {"script":"return (function isElementDisplayed(element) {\n    function nodeIsElement(node) {\n        if (!node) {\n            return false;\n        }\n        switch (node.nodeType) {\n            case Node.ELEMEN ... (7807 more bytes)","args":[{"element-6066-11e4-a52e-4f735466cecf":"e8ea40d4-f455-47df-963f-d1c8b8cc02f9","ELEMENT":"e8ea40d4-f455-47df-963f-d1c8b8cc02f9"}]}
RESULT: {"script":"return (function isElementDisplayed(element) {\n    function nodeIsElement(node) {\n        if (!node) {\n            return false;\n        }\n        switch (node.nodeType) {\n            case Node.ELEMEN ... (7807 more bytes)","args":[{"element-6066-11e4-a52e-4f735466cecf":"e8ea40d4-f455-47df-963f-d1c8b8cc02f9","ELEMENT":"e8ea40d4-f455-47df-963f-d1c8b8cc02f9"}]}
COMMAND: POST /session/aa93ababc1c0f1dc1a6140cace90d12b/execute/sync - {"script":"return (function isElementDisplayed(element) {\n    function nodeIsElement(node) {\n        if (!node) {\n            return false;\n        }\n        switch (node.nodeType) {\n            case Node.ELEMEN ... (7807 more bytes)","args":[{"element-6066-11e4-a52e-4f735466cecf":"e8ea40d4-f455-47df-963f-d1c8b8cc02f9","ELEMENT":"e8ea40d4-f455-47df-963f-d1c8b8cc02f9"}]}
RESULT: {"script":"return (function isElementDisplayed(element) {\n    function nodeIsElement(node) {\n        if (!node) {\n            return false;\n        }\n        switch (node.nodeType) {\n            case Node.ELEMEN ... (7807 more bytes)","args":[{"element-6066-11e4-a52e-4f735466cecf":"e8ea40d4-f455-47df-963f-d1c8b8cc02f9","ELEMENT":"e8ea40d4-f455-47df-963f-d1c8b8cc02f9"}]}
COMMAND: POST /session/aa93ababc1c0f1dc1a6140cace90d12b/element - {"using":"xpath","value":"//md-option[@id=\"select_option_231\"]"}
RESULT: {"using":"xpath","value":"//md-option[@id=\"select_option_231\"]"}
COMMAND: POST /session/aa93ababc1c0f1dc1a6140cace90d12b/element/e8ea40d4-f455-47df-963f-d1c8b8cc02f9/click - {}
RESULT: {}
COMMAND: POST /session/aa93ababc1c0f1dc1a6140cace90d12b/element - {"using":"xpath","value":"//md-select[@id=\"select_133\"]"}
RESULT: {"using":"xpath","value":"//md-select[@id=\"select_133\"]"}
COMMAND: POST /session/aa93ababc1c0f1dc1a6140cace90d12b/element/32d3cf48-550e-4d01-8c0c-16b6071a88b9/click - {}
RESULT: {}
COMMAND: POST /session/aa93ababc1c0f1dc1a6140cace90d12b/element - {"using":"xpath","value":"//md-option[@id = \"select_option_131\"]"}
RESULT: {"using":"xpath","value":"//md-option[@id = \"select_option_131\"]"}
COMMAND: POST /session/aa93ababc1c0f1dc1a6140cace90d12b/execute/sync - {"script":"return (function isElementDisplayed(element) {\n    function nodeIsElement(node) {\n        if (!node) {\n            return false;\n        }\n        switch (node.nodeType) {\n            case Node.ELEMEN ... (7807 more bytes)","args":[{"element-6066-11e4-a52e-4f735466cecf":"c50e2725-3626-48b5-82b2-756688908faf","ELEMENT":"c50e2725-3626-48b5-82b2-756688908faf"}]}
RESULT: {"script":"return (function isElementDisplayed(element) {\n    function nodeIsElement(node) {\n        if (!node) {\n            return false;\n        }\n        switch (node.nodeType) {\n            case Node.ELEMEN ... (7807 more bytes)","args":[{"element-6066-11e4-a52e-4f735466cecf":"c50e2725-3626-48b5-82b2-756688908faf","ELEMENT":"c50e2725-3626-48b5-82b2-756688908faf"}]}
COMMAND: POST /session/aa93ababc1c0f1dc1a6140cace90d12b/execute/sync - {"script":"return (function isElementDisplayed(element) {\n    function nodeIsElement(node) {\n        if (!node) {\n            return false;\n        }\n        switch (node.nodeType) {\n            case Node.ELEMEN ... (7807 more bytes)","args":[{"element-6066-11e4-a52e-4f735466cecf":"c50e2725-3626-48b5-82b2-756688908faf","ELEMENT":"c50e2725-3626-48b5-82b2-756688908faf"}]}
RESULT: {"script":"return (function isElementDisplayed(element) {\n    function nodeIsElement(node) {\n        if (!node) {\n            return false;\n        }\n        switch (node.nodeType) {\n            case Node.ELEMEN ... (7807 more bytes)","args":[{"element-6066-11e4-a52e-4f735466cecf":"c50e2725-3626-48b5-82b2-756688908faf","ELEMENT":"c50e2725-3626-48b5-82b2-756688908faf"}]}
COMMAND: POST /session/aa93ababc1c0f1dc1a6140cace90d12b/element - {"using":"xpath","value":"//md-option[@id = \"select_option_131\"]"}
RESULT: {"using":"xpath","value":"//md-option[@id = \"select_option_131\"]"}
COMMAND: POST /session/aa93ababc1c0f1dc1a6140cace90d12b/element/c50e2725-3626-48b5-82b2-756688908faf/click - {}
RESULT: {}
COMMAND: POST /session/aa93ababc1c0f1dc1a6140cace90d12b/element - {"using":"xpath","value":"//button[@ng-click=\"listingCtrl.addComputeServer(ComputeEngineForm);\"]"}
RESULT: {"using":"xpath","value":"//button[@ng-click=\"listingCtrl.addComputeServer(ComputeEngineForm);\"]"}
COMMAND: POST /session/aa93ababc1c0f1dc1a6140cace90d12b/element/f53ddac1-91b5-427e-aa57-254cc3e5f35c/click - {}
RESULT: {}
COMMAND: POST /session/aa93ababc1c0f1dc1a6140cace90d12b/element - {"using":"xpath","value":"//md-card-content[@class = \"flex-sm-100 flex-gt-sm-40\"]"}
RESULT: {"using":"xpath","value":"//md-card-content[@class = \"flex-sm-100 flex-gt-sm-40\"]"}
COMMAND: POST /session/aa93ababc1c0f1dc1a6140cace90d12b/elements - {"using":"xpath","value":"//md-card-content[@class = \"flex-sm-100 flex-gt-sm-40\"]"}
RESULT: {"using":"xpath","value":"//md-card-content[@class = \"flex-sm-100 flex-gt-sm-40\"]"}
COMMAND: POST /session/aa93ababc1c0f1dc1a6140cace90d12b/element - {"using":"xpath","value":"//md-card-content[@class = \"flex-sm-100 flex-gt-sm-40\"]"}
RESULT: {"using":"xpath","value":"//md-card-content[@class = \"flex-sm-100 flex-gt-sm-40\"]"}
COMMAND: GET /session/aa93ababc1c0f1dc1a6140cace90d12b/element/4fb50dd2-b2fd-4a14-8d18-5c1a8dd14ac9/text - {}
RESULT: {}
COMMAND: POST /session/aa93ababc1c0f1dc1a6140cace90d12b/element - {"using":"xpath","value":"//md-card-content[@class = \"flex-sm-100 flex-gt-sm-40\"]"}
RESULT: {"using":"xpath","value":"//md-card-content[@class = \"flex-sm-100 flex-gt-sm-40\"]"}
COMMAND: GET /session/aa93ababc1c0f1dc1a6140cace90d12b/element/4fb50dd2-b2fd-4a14-8d18-5c1a8dd14ac9/text - {}
RESULT: {}
COMMAND: POST /session/aa93ababc1c0f1dc1a6140cace90d12b/element - {"using":"xpath","value":"//md-card-content[@class = \"flex-sm-100 flex-gt-sm-40\"]"}
RESULT: {"using":"xpath","value":"//md-card-content[@class = \"flex-sm-100 flex-gt-sm-40\"]"}
COMMAND: GET /session/aa93ababc1c0f1dc1a6140cace90d12b/element/4fb50dd2-b2fd-4a14-8d18-5c1a8dd14ac9/text - {}
RESULT: {}
COMMAND: POST /session/aa93ababc1c0f1dc1a6140cace90d12b/element - {"using":"xpath","value":"//md-card-content[@class = \"flex-sm-100 flex-gt-sm-40\"]"}
RESULT: {"using":"xpath","value":"//md-card-content[@class = \"flex-sm-100 flex-gt-sm-40\"]"}
COMMAND: GET /session/aa93ababc1c0f1dc1a6140cace90d12b/element/4fb50dd2-b2fd-4a14-8d18-5c1a8dd14ac9/text - {}
RESULT: {}
COMMAND: POST /session/aa93ababc1c0f1dc1a6140cace90d12b/element - {"using":"xpath","value":"//md-card-content[@class = \"flex-sm-100 flex-gt-sm-40\"]"}
RESULT: {"using":"xpath","value":"//md-card-content[@class = \"flex-sm-100 flex-gt-sm-40\"]"}
COMMAND: GET /session/aa93ababc1c0f1dc1a6140cace90d12b/element/4fb50dd2-b2fd-4a14-8d18-5c1a8dd14ac9/text - {}
RESULT: {}
COMMAND: POST /session/aa93ababc1c0f1dc1a6140cace90d12b/element - {"using":"xpath","value":"//md-card-content[@class = \"flex-sm-100 flex-gt-sm-40\"]"}
RESULT: {"using":"xpath","value":"//md-card-content[@class = \"flex-sm-100 flex-gt-sm-40\"]"}
COMMAND: GET /session/aa93ababc1c0f1dc1a6140cace90d12b/element/4fb50dd2-b2fd-4a14-8d18-5c1a8dd14ac9/text - {}
RESULT: {}
COMMAND: POST /session/aa93ababc1c0f1dc1a6140cace90d12b/element - {"using":"xpath","value":"//md-card-content[@class = \"flex-sm-100 flex-gt-sm-40\"]"}
RESULT: {"using":"xpath","value":"//md-card-content[@class = \"flex-sm-100 flex-gt-sm-40\"]"}
COMMAND: GET /session/aa93ababc1c0f1dc1a6140cace90d12b/element/4fb50dd2-b2fd-4a14-8d18-5c1a8dd14ac9/text - {}
RESULT: {}
]]></system-out>
    </testcase>
    <testcase classname="chrome.111_0_5563_65.windows.Test_suite" name="Hardcore" time="12.641">
      <system-out><![CDATA[
COMMAND: POST /session/aa93ababc1c0f1dc1a6140cace90d12b/window/maximize - {}
COMMAND: GET /session/aa93ababc1c0f1dc1a6140cace90d12b/window - {}
RESULT: {}
RESULT: {}
COMMAND: GET /session/aa93ababc1c0f1dc1a6140cace90d12b/window/handles - {}
RESULT: {}
COMMAND: POST /session/aa93ababc1c0f1dc1a6140cace90d12b/execute/sync - {"script":"return (function newWindow(url, windowName, windowFeatures) {\n    window.open(url, windowName || '', windowFeatures || '');\n}).apply(null, arguments)","args":["https://etempmail.net/10minutemail","",""]}
RESULT: {"script":"return (function newWindow(url, windowName, windowFeatures) {\n    window.open(url, windowName || '', windowFeatures || '');\n}).apply(null, arguments)","args":["https://etempmail.net/10minutemail","",""]}
COMMAND: GET /session/aa93ababc1c0f1dc1a6140cace90d12b/window/handles - {}
RESULT: {}
COMMAND: GET /session/aa93ababc1c0f1dc1a6140cace90d12b/window/handles - {}
RESULT: {}
COMMAND: POST /session/aa93ababc1c0f1dc1a6140cace90d12b/window - {"handle":"CDwindow-5E90E42BD74DD988DADCF24A8535F4B2"}
RESULT: {"handle":"CDwindow-5E90E42BD74DD988DADCF24A8535F4B2"}
COMMAND: POST /session/aa93ababc1c0f1dc1a6140cace90d12b/element - {"using":"xpath","value":"//div[@id = \"btn_copy\"]"}
RESULT: {"using":"xpath","value":"//div[@id = \"btn_copy\"]"}
COMMAND: POST /session/aa93ababc1c0f1dc1a6140cace90d12b/element/bc7f6cae-91fa-4f55-9993-060991eff877/click - {}
RESULT: {}
COMMAND: GET /session/aa93ababc1c0f1dc1a6140cace90d12b/window - {}
RESULT: {}
COMMAND: POST /session/aa93ababc1c0f1dc1a6140cace90d12b/window - {"handle":"CDwindow-6B970C9E909D7A048C706D0E060A3AB0"}
RESULT: {"handle":"CDwindow-6B970C9E909D7A048C706D0E060A3AB0"}
COMMAND: POST /session/aa93ababc1c0f1dc1a6140cace90d12b/element - {"using":"css selector","value":"#cloud-site  iframe"}
RESULT: {"using":"css selector","value":"#cloud-site  iframe"}
COMMAND: POST /session/aa93ababc1c0f1dc1a6140cace90d12b/execute/sync - {"script":"return (function isElementDisplayed(element) {\n    function nodeIsElement(node) {\n        if (!node) {\n            return false;\n        }\n        switch (node.nodeType) {\n            case Node.ELEMEN ... (7807 more bytes)","args":[{"element-6066-11e4-a52e-4f735466cecf":"229be605-b2b7-4b76-9e9e-63d3d50a8a50","ELEMENT":"229be605-b2b7-4b76-9e9e-63d3d50a8a50"}]}
RESULT: {"script":"return (function isElementDisplayed(element) {\n    function nodeIsElement(node) {\n        if (!node) {\n            return false;\n        }\n        switch (node.nodeType) {\n            case Node.ELEMEN ... (7807 more bytes)","args":[{"element-6066-11e4-a52e-4f735466cecf":"229be605-b2b7-4b76-9e9e-63d3d50a8a50","ELEMENT":"229be605-b2b7-4b76-9e9e-63d3d50a8a50"}]}
COMMAND: POST /session/aa93ababc1c0f1dc1a6140cace90d12b/element - {"using":"css selector","value":"#cloud-site  iframe"}
RESULT: {"using":"css selector","value":"#cloud-site  iframe"}
COMMAND: POST /session/aa93ababc1c0f1dc1a6140cace90d12b/frame - {"id":{"sessionId":"aa93ababc1c0f1dc1a6140cace90d12b","elementId":"229be605-b2b7-4b76-9e9e-63d3d50a8a50","element-6066-11e4-a52e-4f735466cecf":"229be605-b2b7-4b76-9e9e-63d3d50a8a50","selector":"#cloud-site  iframe","parent":{"capabilities":{"acceptInsecureCerts":true,"browserName":"chrome","browserVersion":"111.0.5563.65","chrome":{"chromedriverVersion":"110.0.5481.77 (65ed616c6e8ee3fe0ad64fe83796c020644d42af-refs/branch-heads/5481@{#839})","userDataDir":"C:\\Users\\E3RA\\AppData\\Local\\Temp\\scoped_dir5716_1696857074"},"goog:chromeOptions":{"debuggerAddress":"localhost:50955"},"networkConnectionEnabled":false,"pageLoadStrategy":"normal","platformName":"windows","proxy":{},"setWindowRect":true,"_":"6 more keys: [\"strictFileInteractability\",\"timeouts\",\"unhandledPromptBehavior\",\"webauthn:extension:credBlob\",\"webauthn:extension:largeBlob\",\"webauthn:virtualAuthenticators\"]"}},"isReactElement":false}}
RESULT: {"id":{"sessionId":"aa93ababc1c0f1dc1a6140cace90d12b","elementId":"229be605-b2b7-4b76-9e9e-63d3d50a8a50","element-6066-11e4-a52e-4f735466cecf":"229be605-b2b7-4b76-9e9e-63d3d50a8a50","selector":"#cloud-site  iframe","parent":{"capabilities":{"acceptInsecureCerts":true,"browserName":"chrome","browserVersion":"111.0.5563.65","chrome":{"chromedriverVersion":"110.0.5481.77 (65ed616c6e8ee3fe0ad64fe83796c020644d42af-refs/branch-heads/5481@{#839})","userDataDir":"C:\\Users\\E3RA\\AppData\\Local\\Temp\\scoped_dir5716_1696857074"},"goog:chromeOptions":{"debuggerAddress":"localhost:50955"},"networkConnectionEnabled":false,"pageLoadStrategy":"normal","platformName":"windows","proxy":{},"setWindowRect":true,"_":"6 more keys: [\"strictFileInteractability\",\"timeouts\",\"unhandledPromptBehavior\",\"webauthn:extension:credBlob\",\"webauthn:extension:largeBlob\",\"webauthn:virtualAuthenticators\"]"}},"isReactElement":false}}
COMMAND: POST /session/aa93ababc1c0f1dc1a6140cace90d12b/element - {"using":"css selector","value":"#myFrame"}
RESULT: {"using":"css selector","value":"#myFrame"}
COMMAND: POST /session/aa93ababc1c0f1dc1a6140cace90d12b/execute/sync - {"script":"return (function isElementDisplayed(element) {\n    function nodeIsElement(node) {\n        if (!node) {\n            return false;\n        }\n        switch (node.nodeType) {\n            case Node.ELEMEN ... (7807 more bytes)","args":[{"element-6066-11e4-a52e-4f735466cecf":"1b7022c4-6903-4ac8-b3a5-36161476583c","ELEMENT":"1b7022c4-6903-4ac8-b3a5-36161476583c"}]}
RESULT: {"script":"return (function isElementDisplayed(element) {\n    function nodeIsElement(node) {\n        if (!node) {\n            return false;\n        }\n        switch (node.nodeType) {\n            case Node.ELEMEN ... (7807 more bytes)","args":[{"element-6066-11e4-a52e-4f735466cecf":"1b7022c4-6903-4ac8-b3a5-36161476583c","ELEMENT":"1b7022c4-6903-4ac8-b3a5-36161476583c"}]}
COMMAND: POST /session/aa93ababc1c0f1dc1a6140cace90d12b/element - {"using":"css selector","value":"#myFrame"}
RESULT: {"using":"css selector","value":"#myFrame"}
COMMAND: POST /session/aa93ababc1c0f1dc1a6140cace90d12b/frame - {"id":{"sessionId":"aa93ababc1c0f1dc1a6140cace90d12b","elementId":"1b7022c4-6903-4ac8-b3a5-36161476583c","element-6066-11e4-a52e-4f735466cecf":"1b7022c4-6903-4ac8-b3a5-36161476583c","selector":"#myFrame","parent":{"capabilities":{"acceptInsecureCerts":true,"browserName":"chrome","browserVersion":"111.0.5563.65","chrome":{"chromedriverVersion":"110.0.5481.77 (65ed616c6e8ee3fe0ad64fe83796c020644d42af-refs/branch-heads/5481@{#839})","userDataDir":"C:\\Users\\E3RA\\AppData\\Local\\Temp\\scoped_dir5716_1696857074"},"goog:chromeOptions":{"debuggerAddress":"localhost:50955"},"networkConnectionEnabled":false,"pageLoadStrategy":"normal","platformName":"windows","proxy":{},"setWindowRect":true,"_":"6 more keys: [\"strictFileInteractability\",\"timeouts\",\"unhandledPromptBehavior\",\"webauthn:extension:credBlob\",\"webauthn:extension:largeBlob\",\"webauthn:virtualAuthenticators\"]"}},"isReactElement":false}}
RESULT: {"id":{"sessionId":"aa93ababc1c0f1dc1a6140cace90d12b","elementId":"1b7022c4-6903-4ac8-b3a5-36161476583c","element-6066-11e4-a52e-4f735466cecf":"1b7022c4-6903-4ac8-b3a5-36161476583c","selector":"#myFrame","parent":{"capabilities":{"acceptInsecureCerts":true,"browserName":"chrome","browserVersion":"111.0.5563.65","chrome":{"chromedriverVersion":"110.0.5481.77 (65ed616c6e8ee3fe0ad64fe83796c020644d42af-refs/branch-heads/5481@{#839})","userDataDir":"C:\\Users\\E3RA\\AppData\\Local\\Temp\\scoped_dir5716_1696857074"},"goog:chromeOptions":{"debuggerAddress":"localhost:50955"},"networkConnectionEnabled":false,"pageLoadStrategy":"normal","platformName":"windows","proxy":{},"setWindowRect":true,"_":"6 more keys: [\"strictFileInteractability\",\"timeouts\",\"unhandledPromptBehavior\",\"webauthn:extension:credBlob\",\"webauthn:extension:largeBlob\",\"webauthn:virtualAuthenticators\"]"}},"isReactElement":false}}
COMMAND: POST /session/aa93ababc1c0f1dc1a6140cace90d12b/element - {"using":"xpath","value":"//button[@id = \"Email Estimate\"]"}
RESULT: {"using":"xpath","value":"//button[@id = \"Email Estimate\"]"}
COMMAND: POST /session/aa93ababc1c0f1dc1a6140cace90d12b/elements - {"using":"xpath","value":"//button[@id = \"Email Estimate\"]"}
RESULT: {"using":"xpath","value":"//button[@id = \"Email Estimate\"]"}
COMMAND: POST /session/aa93ababc1c0f1dc1a6140cace90d12b/element - {"using":"xpath","value":"//button[@id = \"Email Estimate\"]"}
RESULT: {"using":"xpath","value":"//button[@id = \"Email Estimate\"]"}
COMMAND: POST /session/aa93ababc1c0f1dc1a6140cace90d12b/element/adec100f-fcd3-4513-89a2-ea5b76538764/click - {}
RESULT: {}
COMMAND: POST /session/aa93ababc1c0f1dc1a6140cace90d12b/element - {"using":"css selector","value":"body div.md-dialog-container.ng-scope"}
RESULT: {"using":"css selector","value":"body div.md-dialog-container.ng-scope"}
COMMAND: POST /session/aa93ababc1c0f1dc1a6140cace90d12b/execute/sync - {"script":"return (function isElementDisplayed(element) {\n    function nodeIsElement(node) {\n        if (!node) {\n            return false;\n        }\n        switch (node.nodeType) {\n            case Node.ELEMEN ... (7807 more bytes)","args":[{"element-6066-11e4-a52e-4f735466cecf":"10d9478c-c303-4c64-888e-3e31444a83cf","ELEMENT":"10d9478c-c303-4c64-888e-3e31444a83cf"}]}
RESULT: {"script":"return (function isElementDisplayed(element) {\n    function nodeIsElement(node) {\n        if (!node) {\n            return false;\n        }\n        switch (node.nodeType) {\n            case Node.ELEMEN ... (7807 more bytes)","args":[{"element-6066-11e4-a52e-4f735466cecf":"10d9478c-c303-4c64-888e-3e31444a83cf","ELEMENT":"10d9478c-c303-4c64-888e-3e31444a83cf"}]}
COMMAND: POST /session/aa93ababc1c0f1dc1a6140cace90d12b/element - {"using":"xpath","value":"//input[@ng-model = \"emailQuote.user.email\"]"}
RESULT: {"using":"xpath","value":"//input[@ng-model = \"emailQuote.user.email\"]"}
COMMAND: POST /session/aa93ababc1c0f1dc1a6140cace90d12b/elements - {"using":"xpath","value":"//input[@ng-model = \"emailQuote.user.email\"]"}
RESULT: {"using":"xpath","value":"//input[@ng-model = \"emailQuote.user.email\"]"}
COMMAND: POST /session/aa93ababc1c0f1dc1a6140cace90d12b/element - {"using":"xpath","value":"//input[@ng-model = \"emailQuote.user.email\"]"}
RESULT: {"using":"xpath","value":"//input[@ng-model = \"emailQuote.user.email\"]"}
COMMAND: POST /session/aa93ababc1c0f1dc1a6140cace90d12b/element/d7b9db38-e900-4c0a-8cc5-8f11f91681da/clear - {}
RESULT: {}
COMMAND: POST /session/aa93ababc1c0f1dc1a6140cace90d12b/element/d7b9db38-e900-4c0a-8cc5-8f11f91681da/value - {"text":""}
RESULT: {"text":""}
COMMAND: POST /session/aa93ababc1c0f1dc1a6140cace90d12b/actions - {"actions":[{"id":"action1","type":"key","parameters":{},"actions":[{"type":"keyDown","value":""},{"type":"keyDown","value":"v"},{"type":"pause","duration":10},{"type":"keyUp","value":""},{"type":"keyUp","value":"v"}]}]}
RESULT: {"actions":[{"id":"action1","type":"key","parameters":{},"actions":[{"type":"keyDown","value":""},{"type":"keyDown","value":"v"},{"type":"pause","duration":10},{"type":"keyUp","value":""},{"type":"keyUp","value":"v"}]}]}
COMMAND: DELETE /session/aa93ababc1c0f1dc1a6140cace90d12b/actions - {}
RESULT: {}
COMMAND: POST /session/aa93ababc1c0f1dc1a6140cace90d12b/element - {"using":"xpath","value":"//button[contains (text() , \"Send Email\")]"}
RESULT: {"using":"xpath","value":"//button[contains (text() , \"Send Email\")]"}
COMMAND: POST /session/aa93ababc1c0f1dc1a6140cace90d12b/execute/sync - {"script":"return (function isElementDisplayed(element) {\n    function nodeIsElement(node) {\n        if (!node) {\n            return false;\n        }\n        switch (node.nodeType) {\n            case Node.ELEMEN ... (7807 more bytes)","args":[{"element-6066-11e4-a52e-4f735466cecf":"e36261d5-4ef6-452f-8829-7162228971aa","ELEMENT":"e36261d5-4ef6-452f-8829-7162228971aa"}]}
RESULT: {"script":"return (function isElementDisplayed(element) {\n    function nodeIsElement(node) {\n        if (!node) {\n            return false;\n        }\n        switch (node.nodeType) {\n            case Node.ELEMEN ... (7807 more bytes)","args":[{"element-6066-11e4-a52e-4f735466cecf":"e36261d5-4ef6-452f-8829-7162228971aa","ELEMENT":"e36261d5-4ef6-452f-8829-7162228971aa"}]}
COMMAND: POST /session/aa93ababc1c0f1dc1a6140cace90d12b/element - {"using":"xpath","value":"//button[contains (text() , \"Send Email\")]"}
RESULT: {"using":"xpath","value":"//button[contains (text() , \"Send Email\")]"}
COMMAND: POST /session/aa93ababc1c0f1dc1a6140cace90d12b/element/e36261d5-4ef6-452f-8829-7162228971aa/click - {}
RESULT: {}
COMMAND: POST /session/aa93ababc1c0f1dc1a6140cace90d12b/window - {"handle":"CDwindow-5E90E42BD74DD988DADCF24A8535F4B2"}
RESULT: {"handle":"CDwindow-5E90E42BD74DD988DADCF24A8535F4B2"}
COMMAND: POST /session/aa93ababc1c0f1dc1a6140cace90d12b/element - {"using":"xpath","value":"//div[contains (text(), \"gcp-estimate@cloudpricingcalculator.appspotmail.com\")]"}
RESULT: {"using":"xpath","value":"//div[contains (text(), \"gcp-estimate@cloudpricingcalculator.appspotmail.com\")]"}
COMMAND: POST /session/aa93ababc1c0f1dc1a6140cace90d12b/element - {"using":"xpath","value":"//div[contains (text(), \"gcp-estimate@cloudpricingcalculator.appspotmail.com\")]"}
RESULT: {"using":"xpath","value":"//div[contains (text(), \"gcp-estimate@cloudpricingcalculator.appspotmail.com\")]"}
COMMAND: POST /session/aa93ababc1c0f1dc1a6140cace90d12b/element - {"using":"xpath","value":"//div[contains (text(), \"gcp-estimate@cloudpricingcalculator.appspotmail.com\")]"}
RESULT: {"using":"xpath","value":"//div[contains (text(), \"gcp-estimate@cloudpricingcalculator.appspotmail.com\")]"}
COMMAND: POST /session/aa93ababc1c0f1dc1a6140cace90d12b/element - {"using":"xpath","value":"//div[contains (text(), \"gcp-estimate@cloudpricingcalculator.appspotmail.com\")]"}
RESULT: {"using":"xpath","value":"//div[contains (text(), \"gcp-estimate@cloudpricingcalculator.appspotmail.com\")]"}
COMMAND: POST /session/aa93ababc1c0f1dc1a6140cace90d12b/element - {"using":"xpath","value":"//div[contains (text(), \"gcp-estimate@cloudpricingcalculator.appspotmail.com\")]"}
RESULT: {"using":"xpath","value":"//div[contains (text(), \"gcp-estimate@cloudpricingcalculator.appspotmail.com\")]"}
COMMAND: POST /session/aa93ababc1c0f1dc1a6140cace90d12b/element - {"using":"xpath","value":"//div[contains (text(), \"gcp-estimate@cloudpricingcalculator.appspotmail.com\")]"}
RESULT: {"using":"xpath","value":"//div[contains (text(), \"gcp-estimate@cloudpricingcalculator.appspotmail.com\")]"}
COMMAND: POST /session/aa93ababc1c0f1dc1a6140cace90d12b/element - {"using":"xpath","value":"//div[contains (text(), \"gcp-estimate@cloudpricingcalculator.appspotmail.com\")]"}
RESULT: {"using":"xpath","value":"//div[contains (text(), \"gcp-estimate@cloudpricingcalculator.appspotmail.com\")]"}
COMMAND: POST /session/aa93ababc1c0f1dc1a6140cace90d12b/element - {"using":"xpath","value":"//div[contains (text(), \"gcp-estimate@cloudpricingcalculator.appspotmail.com\")]"}
RESULT: {"using":"xpath","value":"//div[contains (text(), \"gcp-estimate@cloudpricingcalculator.appspotmail.com\")]"}
COMMAND: POST /session/aa93ababc1c0f1dc1a6140cace90d12b/element - {"using":"xpath","value":"//div[contains (text(), \"gcp-estimate@cloudpricingcalculator.appspotmail.com\")]"}
RESULT: {"using":"xpath","value":"//div[contains (text(), \"gcp-estimate@cloudpricingcalculator.appspotmail.com\")]"}
COMMAND: POST /session/aa93ababc1c0f1dc1a6140cace90d12b/element - {"using":"xpath","value":"//div[contains (text(), \"gcp-estimate@cloudpricingcalculator.appspotmail.com\")]"}
RESULT: {"using":"xpath","value":"//div[contains (text(), \"gcp-estimate@cloudpricingcalculator.appspotmail.com\")]"}
COMMAND: POST /session/aa93ababc1c0f1dc1a6140cace90d12b/element - {"using":"xpath","value":"//div[contains (text(), \"gcp-estimate@cloudpricingcalculator.appspotmail.com\")]"}
RESULT: {"using":"xpath","value":"//div[contains (text(), \"gcp-estimate@cloudpricingcalculator.appspotmail.com\")]"}
COMMAND: POST /session/aa93ababc1c0f1dc1a6140cace90d12b/element - {"using":"xpath","value":"//div[contains (text(), \"gcp-estimate@cloudpricingcalculator.appspotmail.com\")]"}
RESULT: {"using":"xpath","value":"//div[contains (text(), \"gcp-estimate@cloudpricingcalculator.appspotmail.com\")]"}
COMMAND: POST /session/aa93ababc1c0f1dc1a6140cace90d12b/execute/sync - {"script":"return (function isElementDisplayed(element) {\n    function nodeIsElement(node) {\n        if (!node) {\n            return false;\n        }\n        switch (node.nodeType) {\n            case Node.ELEMEN ... (7807 more bytes)","args":[{"element-6066-11e4-a52e-4f735466cecf":"0dfd186d-47f2-482c-940f-aa68aec2695b","ELEMENT":"0dfd186d-47f2-482c-940f-aa68aec2695b"}]}
RESULT: {"script":"return (function isElementDisplayed(element) {\n    function nodeIsElement(node) {\n        if (!node) {\n            return false;\n        }\n        switch (node.nodeType) {\n            case Node.ELEMEN ... (7807 more bytes)","args":[{"element-6066-11e4-a52e-4f735466cecf":"0dfd186d-47f2-482c-940f-aa68aec2695b","ELEMENT":"0dfd186d-47f2-482c-940f-aa68aec2695b"}]}
COMMAND: POST /session/aa93ababc1c0f1dc1a6140cace90d12b/element - {"using":"xpath","value":"//div[contains (text(), \"gcp-estimate@cloudpricingcalculator.appspotmail.com\")]"}
RESULT: {"using":"xpath","value":"//div[contains (text(), \"gcp-estimate@cloudpricingcalculator.appspotmail.com\")]"}
COMMAND: POST /session/aa93ababc1c0f1dc1a6140cace90d12b/element/0dfd186d-47f2-482c-940f-aa68aec2695b/click - {}
RESULT: {}
COMMAND: POST /session/aa93ababc1c0f1dc1a6140cace90d12b/element - {"using":"xpath","value":"//iframe[@class = \"w-full flex flex-grow min-h-tm-groot-iframe\"]"}
RESULT: {"using":"xpath","value":"//iframe[@class = \"w-full flex flex-grow min-h-tm-groot-iframe\"]"}
COMMAND: POST /session/aa93ababc1c0f1dc1a6140cace90d12b/execute/sync - {"script":"return (function isElementDisplayed(element) {\n    function nodeIsElement(node) {\n        if (!node) {\n            return false;\n        }\n        switch (node.nodeType) {\n            case Node.ELEMEN ... (7807 more bytes)","args":[{"element-6066-11e4-a52e-4f735466cecf":"8968808b-d9da-4d83-b3ee-1dd0c453a8dd","ELEMENT":"8968808b-d9da-4d83-b3ee-1dd0c453a8dd"}]}
RESULT: {"script":"return (function isElementDisplayed(element) {\n    function nodeIsElement(node) {\n        if (!node) {\n            return false;\n        }\n        switch (node.nodeType) {\n            case Node.ELEMEN ... (7807 more bytes)","args":[{"element-6066-11e4-a52e-4f735466cecf":"8968808b-d9da-4d83-b3ee-1dd0c453a8dd","ELEMENT":"8968808b-d9da-4d83-b3ee-1dd0c453a8dd"}]}
COMMAND: POST /session/aa93ababc1c0f1dc1a6140cace90d12b/element - {"using":"xpath","value":"//iframe[@class = \"w-full flex flex-grow min-h-tm-groot-iframe\"]"}
RESULT: {"using":"xpath","value":"//iframe[@class = \"w-full flex flex-grow min-h-tm-groot-iframe\"]"}
COMMAND: POST /session/aa93ababc1c0f1dc1a6140cace90d12b/frame - {"id":{"sessionId":"aa93ababc1c0f1dc1a6140cace90d12b","elementId":"8968808b-d9da-4d83-b3ee-1dd0c453a8dd","element-6066-11e4-a52e-4f735466cecf":"8968808b-d9da-4d83-b3ee-1dd0c453a8dd","selector":"//iframe[@class = \"w-full flex flex-grow min-h-tm-groot-iframe\"]","parent":{"capabilities":{"acceptInsecureCerts":true,"browserName":"chrome","browserVersion":"111.0.5563.65","chrome":{"chromedriverVersion":"110.0.5481.77 (65ed616c6e8ee3fe0ad64fe83796c020644d42af-refs/branch-heads/5481@{#839})","userDataDir":"C:\\Users\\E3RA\\AppData\\Local\\Temp\\scoped_dir5716_1696857074"},"goog:chromeOptions":{"debuggerAddress":"localhost:50955"},"networkConnectionEnabled":false,"pageLoadStrategy":"normal","platformName":"windows","proxy":{},"setWindowRect":true,"_":"6 more keys: [\"strictFileInteractability\",\"timeouts\",\"unhandledPromptBehavior\",\"webauthn:extension:credBlob\",\"webauthn:extension:largeBlob\",\"webauthn:virtualAuthenticators\"]"}},"isReactElement":false}}
RESULT: {"id":{"sessionId":"aa93ababc1c0f1dc1a6140cace90d12b","elementId":"8968808b-d9da-4d83-b3ee-1dd0c453a8dd","element-6066-11e4-a52e-4f735466cecf":"8968808b-d9da-4d83-b3ee-1dd0c453a8dd","selector":"//iframe[@class = \"w-full flex flex-grow min-h-tm-groot-iframe\"]","parent":{"capabilities":{"acceptInsecureCerts":true,"browserName":"chrome","browserVersion":"111.0.5563.65","chrome":{"chromedriverVersion":"110.0.5481.77 (65ed616c6e8ee3fe0ad64fe83796c020644d42af-refs/branch-heads/5481@{#839})","userDataDir":"C:\\Users\\E3RA\\AppData\\Local\\Temp\\scoped_dir5716_1696857074"},"goog:chromeOptions":{"debuggerAddress":"localhost:50955"},"networkConnectionEnabled":false,"pageLoadStrategy":"normal","platformName":"windows","proxy":{},"setWindowRect":true,"_":"6 more keys: [\"strictFileInteractability\",\"timeouts\",\"unhandledPromptBehavior\",\"webauthn:extension:credBlob\",\"webauthn:extension:largeBlob\",\"webauthn:virtualAuthenticators\"]"}},"isReactElement":false}}
COMMAND: POST /session/aa93ababc1c0f1dc1a6140cace90d12b/element - {"using":"xpath","value":"//table[@class=\"quote\"]"}
RESULT: {"using":"xpath","value":"//table[@class=\"quote\"]"}
COMMAND: POST /session/aa93ababc1c0f1dc1a6140cace90d12b/execute/sync - {"script":"return (function isElementDisplayed(element) {\n    function nodeIsElement(node) {\n        if (!node) {\n            return false;\n        }\n        switch (node.nodeType) {\n            case Node.ELEMEN ... (7807 more bytes)","args":[{"element-6066-11e4-a52e-4f735466cecf":"68d7e941-6111-4329-b074-713b5ddc98f8","ELEMENT":"68d7e941-6111-4329-b074-713b5ddc98f8"}]}
RESULT: {"script":"return (function isElementDisplayed(element) {\n    function nodeIsElement(node) {\n        if (!node) {\n            return false;\n        }\n        switch (node.nodeType) {\n            case Node.ELEMEN ... (7807 more bytes)","args":[{"element-6066-11e4-a52e-4f735466cecf":"68d7e941-6111-4329-b074-713b5ddc98f8","ELEMENT":"68d7e941-6111-4329-b074-713b5ddc98f8"}]}
COMMAND: POST /session/aa93ababc1c0f1dc1a6140cace90d12b/element - {"using":"xpath","value":"//table[@class=\"quote\"]"}
RESULT: {"using":"xpath","value":"//table[@class=\"quote\"]"}
COMMAND: GET /session/aa93ababc1c0f1dc1a6140cace90d12b/element/68d7e941-6111-4329-b074-713b5ddc98f8/text - {}
RESULT: {}
COMMAND: POST /session/aa93ababc1c0f1dc1a6140cace90d12b/frame/parent - {}
RESULT: {}
COMMAND: DELETE /session/aa93ababc1c0f1dc1a6140cace90d12b - {}
RESULT: {}
]]></system-out>
    </testcase>
  </testsuite>
</testsuites>