<?xml version="1.0" encoding="UTF-8"?>
<testsuites>
  <testsuite name="Test suite" timestamp="2023-03-11T02:50:42" time="30.551" tests="2" failures="0" errors="0" skipped="0">
    <properties>
      <property name="specId" value="0"/>
      <property name="suiteName" value="Test suite"/>
      <property name="capabilities" value="chrome.111_0_5563_65.windows"/>
      <property name="file" value="file:///C:/Users/E3RA/Desktop/Epam_Test_2/test/specs/test.spec.js"/>
    </properties>
    <testcase classname="chrome.111_0_5563_65.windows.Test_suite" name="Hurt Me Plenty" time="17.95">
      <system-out><![CDATA[
COMMAND: POST /session/27b94183b1b4d6a8468feb68bbe38fb5/window/maximize - {}
COMMAND: POST /session/27b94183b1b4d6a8468feb68bbe38fb5/url - {"url":"https://cloud.google.com/"}
RESULT: {}
RESULT: {"url":"https://cloud.google.com/"}
COMMAND: POST /session/27b94183b1b4d6a8468feb68bbe38fb5/element - {"using":"xpath","value":"//input[@class = \"devsite-search-field devsite-search-query\"]"}
RESULT: {"using":"xpath","value":"//input[@class = \"devsite-search-field devsite-search-query\"]"}
COMMAND: POST /session/27b94183b1b4d6a8468feb68bbe38fb5/element/334dd733-edab-41f7-a651-6b6d51468bbb/clear - {}
RESULT: {}
COMMAND: POST /session/27b94183b1b4d6a8468feb68bbe38fb5/element/334dd733-edab-41f7-a651-6b6d51468bbb/value - {"text":"Google Cloud Platform Pricing Calculator"}
RESULT: {"text":"Google Cloud Platform Pricing Calculator"}
COMMAND: POST /session/27b94183b1b4d6a8468feb68bbe38fb5/element - {"using":"xpath","value":"//a[@data-ctorig = \"https://cloud.google.com/products/calculator\"]"}
RESULT: {"using":"xpath","value":"//a[@data-ctorig = \"https://cloud.google.com/products/calculator\"]"}
COMMAND: POST /session/27b94183b1b4d6a8468feb68bbe38fb5/elements - {"using":"xpath","value":"//a[@data-ctorig = \"https://cloud.google.com/products/calculator\"]"}
RESULT: {"using":"xpath","value":"//a[@data-ctorig = \"https://cloud.google.com/products/calculator\"]"}
COMMAND: POST /session/27b94183b1b4d6a8468feb68bbe38fb5/elements - {"using":"xpath","value":"//a[@data-ctorig = \"https://cloud.google.com/products/calculator\"]"}
RESULT: {"using":"xpath","value":"//a[@data-ctorig = \"https://cloud.google.com/products/calculator\"]"}
COMMAND: POST /session/27b94183b1b4d6a8468feb68bbe38fb5/elements - {"using":"xpath","value":"//a[@data-ctorig = \"https://cloud.google.com/products/calculator\"]"}
RESULT: {"using":"xpath","value":"//a[@data-ctorig = \"https://cloud.google.com/products/calculator\"]"}
COMMAND: POST /session/27b94183b1b4d6a8468feb68bbe38fb5/elements - {"using":"xpath","value":"//a[@data-ctorig = \"https://cloud.google.com/products/calculator\"]"}
RESULT: {"using":"xpath","value":"//a[@data-ctorig = \"https://cloud.google.com/products/calculator\"]"}
COMMAND: POST /session/27b94183b1b4d6a8468feb68bbe38fb5/elements - {"using":"xpath","value":"//a[@data-ctorig = \"https://cloud.google.com/products/calculator\"]"}
RESULT: {"using":"xpath","value":"//a[@data-ctorig = \"https://cloud.google.com/products/calculator\"]"}
COMMAND: POST /session/27b94183b1b4d6a8468feb68bbe38fb5/element - {"using":"xpath","value":"//a[@data-ctorig = \"https://cloud.google.com/products/calculator\"]"}
RESULT: {"using":"xpath","value":"//a[@data-ctorig = \"https://cloud.google.com/products/calculator\"]"}
COMMAND: POST /session/27b94183b1b4d6a8468feb68bbe38fb5/element/b98edced-7a0a-47f0-ae55-3b8396fe650f/click - {}
RESULT: {}
COMMAND: GET /session/27b94183b1b4d6a8468feb68bbe38fb5/title - {}
RESULT: {}
COMMAND: POST /session/27b94183b1b4d6a8468feb68bbe38fb5/element - {"using":"css selector","value":"#cloud-site  iframe"}
RESULT: {"using":"css selector","value":"#cloud-site  iframe"}
COMMAND: POST /session/27b94183b1b4d6a8468feb68bbe38fb5/execute/sync - {"script":"return (function isElementDisplayed(element) {\n    function nodeIsElement(node) {\n        if (!node) {\n            return false;\n        }\n        switch (node.nodeType) {\n            case Node.ELEMEN ... (7807 more bytes)","args":[{"element-6066-11e4-a52e-4f735466cecf":"9edc3b53-c5b9-4b61-8c2c-a366197d4ab6","ELEMENT":"9edc3b53-c5b9-4b61-8c2c-a366197d4ab6"}]}
RESULT: {"script":"return (function isElementDisplayed(element) {\n    function nodeIsElement(node) {\n        if (!node) {\n            return false;\n        }\n        switch (node.nodeType) {\n            case Node.ELEMEN ... (7807 more bytes)","args":[{"element-6066-11e4-a52e-4f735466cecf":"9edc3b53-c5b9-4b61-8c2c-a366197d4ab6","ELEMENT":"9edc3b53-c5b9-4b61-8c2c-a366197d4ab6"}]}
COMMAND: POST /session/27b94183b1b4d6a8468feb68bbe38fb5/element - {"using":"css selector","value":"#cloud-site  iframe"}
RESULT: {"using":"css selector","value":"#cloud-site  iframe"}
COMMAND: POST /session/27b94183b1b4d6a8468feb68bbe38fb5/frame - {"id":{"sessionId":"27b94183b1b4d6a8468feb68bbe38fb5","elementId":"9edc3b53-c5b9-4b61-8c2c-a366197d4ab6","element-6066-11e4-a52e-4f735466cecf":"9edc3b53-c5b9-4b61-8c2c-a366197d4ab6","selector":"#cloud-site  iframe","parent":{"capabilities":{"acceptInsecureCerts":true,"browserName":"chrome","browserVersion":"111.0.5563.65","chrome":{"chromedriverVersion":"110.0.5481.77 (65ed616c6e8ee3fe0ad64fe83796c020644d42af-refs/branch-heads/5481@{#839})","userDataDir":"C:\\Users\\E3RA\\AppData\\Local\\Temp\\scoped_dir1712_1102431920"},"goog:chromeOptions":{"debuggerAddress":"localhost:56227"},"networkConnectionEnabled":false,"pageLoadStrategy":"normal","platformName":"windows","proxy":{},"setWindowRect":true,"_":"6 more keys: [\"strictFileInteractability\",\"timeouts\",\"unhandledPromptBehavior\",\"webauthn:extension:credBlob\",\"webauthn:extension:largeBlob\",\"webauthn:virtualAuthenticators\"]"}},"isReactElement":false}}
RESULT: {"id":{"sessionId":"27b94183b1b4d6a8468feb68bbe38fb5","elementId":"9edc3b53-c5b9-4b61-8c2c-a366197d4ab6","element-6066-11e4-a52e-4f735466cecf":"9edc3b53-c5b9-4b61-8c2c-a366197d4ab6","selector":"#cloud-site  iframe","parent":{"capabilities":{"acceptInsecureCerts":true,"browserName":"chrome","browserVersion":"111.0.5563.65","chrome":{"chromedriverVersion":"110.0.5481.77 (65ed616c6e8ee3fe0ad64fe83796c020644d42af-refs/branch-heads/5481@{#839})","userDataDir":"C:\\Users\\E3RA\\AppData\\Local\\Temp\\scoped_dir1712_1102431920"},"goog:chromeOptions":{"debuggerAddress":"localhost:56227"},"networkConnectionEnabled":false,"pageLoadStrategy":"normal","platformName":"windows","proxy":{},"setWindowRect":true,"_":"6 more keys: [\"strictFileInteractability\",\"timeouts\",\"unhandledPromptBehavior\",\"webauthn:extension:credBlob\",\"webauthn:extension:largeBlob\",\"webauthn:virtualAuthenticators\"]"}},"isReactElement":false}}
COMMAND: POST /session/27b94183b1b4d6a8468feb68bbe38fb5/element - {"using":"css selector","value":"#myFrame"}
RESULT: {"using":"css selector","value":"#myFrame"}
COMMAND: POST /session/27b94183b1b4d6a8468feb68bbe38fb5/execute/sync - {"script":"return (function isElementDisplayed(element) {\n    function nodeIsElement(node) {\n        if (!node) {\n            return false;\n        }\n        switch (node.nodeType) {\n            case Node.ELEMEN ... (7807 more bytes)","args":[{"element-6066-11e4-a52e-4f735466cecf":"6de3f614-a696-4454-9b60-a058d6337ca0","ELEMENT":"6de3f614-a696-4454-9b60-a058d6337ca0"}]}
RESULT: {"script":"return (function isElementDisplayed(element) {\n    function nodeIsElement(node) {\n        if (!node) {\n            return false;\n        }\n        switch (node.nodeType) {\n            case Node.ELEMEN ... (7807 more bytes)","args":[{"element-6066-11e4-a52e-4f735466cecf":"6de3f614-a696-4454-9b60-a058d6337ca0","ELEMENT":"6de3f614-a696-4454-9b60-a058d6337ca0"}]}
COMMAND: POST /session/27b94183b1b4d6a8468feb68bbe38fb5/element - {"using":"css selector","value":"#myFrame"}
RESULT: {"using":"css selector","value":"#myFrame"}
COMMAND: POST /session/27b94183b1b4d6a8468feb68bbe38fb5/frame - {"id":{"sessionId":"27b94183b1b4d6a8468feb68bbe38fb5","elementId":"6de3f614-a696-4454-9b60-a058d6337ca0","element-6066-11e4-a52e-4f735466cecf":"6de3f614-a696-4454-9b60-a058d6337ca0","selector":"#myFrame","parent":{"capabilities":{"acceptInsecureCerts":true,"browserName":"chrome","browserVersion":"111.0.5563.65","chrome":{"chromedriverVersion":"110.0.5481.77 (65ed616c6e8ee3fe0ad64fe83796c020644d42af-refs/branch-heads/5481@{#839})","userDataDir":"C:\\Users\\E3RA\\AppData\\Local\\Temp\\scoped_dir1712_1102431920"},"goog:chromeOptions":{"debuggerAddress":"localhost:56227"},"networkConnectionEnabled":false,"pageLoadStrategy":"normal","platformName":"windows","proxy":{},"setWindowRect":true,"_":"6 more keys: [\"strictFileInteractability\",\"timeouts\",\"unhandledPromptBehavior\",\"webauthn:extension:credBlob\",\"webauthn:extension:largeBlob\",\"webauthn:virtualAuthenticators\"]"}},"isReactElement":false}}
RESULT: {"id":{"sessionId":"27b94183b1b4d6a8468feb68bbe38fb5","elementId":"6de3f614-a696-4454-9b60-a058d6337ca0","element-6066-11e4-a52e-4f735466cecf":"6de3f614-a696-4454-9b60-a058d6337ca0","selector":"#myFrame","parent":{"capabilities":{"acceptInsecureCerts":true,"browserName":"chrome","browserVersion":"111.0.5563.65","chrome":{"chromedriverVersion":"110.0.5481.77 (65ed616c6e8ee3fe0ad64fe83796c020644d42af-refs/branch-heads/5481@{#839})","userDataDir":"C:\\Users\\E3RA\\AppData\\Local\\Temp\\scoped_dir1712_1102431920"},"goog:chromeOptions":{"debuggerAddress":"localhost:56227"},"networkConnectionEnabled":false,"pageLoadStrategy":"normal","platformName":"windows","proxy":{},"setWindowRect":true,"_":"6 more keys: [\"strictFileInteractability\",\"timeouts\",\"unhandledPromptBehavior\",\"webauthn:extension:credBlob\",\"webauthn:extension:largeBlob\",\"webauthn:virtualAuthenticators\"]"}},"isReactElement":false}}
COMMAND: POST /session/27b94183b1b4d6a8468feb68bbe38fb5/element - {"using":"css selector","value":"#input_93"}
RESULT: {"using":"css selector","value":"#input_93"}
COMMAND: POST /session/27b94183b1b4d6a8468feb68bbe38fb5/element/609b1175-3b12-4237-9e4a-03f736f39669/click - {}
RESULT: {}
COMMAND: POST /session/27b94183b1b4d6a8468feb68bbe38fb5/element - {"using":"css selector","value":"#input_93"}
RESULT: {"using":"css selector","value":"#input_93"}
COMMAND: POST /session/27b94183b1b4d6a8468feb68bbe38fb5/element/609b1175-3b12-4237-9e4a-03f736f39669/clear - {}
RESULT: {}
COMMAND: POST /session/27b94183b1b4d6a8468feb68bbe38fb5/element/609b1175-3b12-4237-9e4a-03f736f39669/value - {"text":"4"}
RESULT: {"text":"4"}
COMMAND: POST /session/27b94183b1b4d6a8468feb68bbe38fb5/element - {"using":"css selector","value":"#select_value_label_88"}
RESULT: {"using":"css selector","value":"#select_value_label_88"}
COMMAND: POST /session/27b94183b1b4d6a8468feb68bbe38fb5/element/9e374098-5da5-489d-8963-158dbecf2685/click - {}
RESULT: {}
COMMAND: POST /session/27b94183b1b4d6a8468feb68bbe38fb5/element - {"using":"xpath","value":"//div[contains (text(), \"N1\")]"}
RESULT: {"using":"xpath","value":"//div[contains (text(), \"N1\")]"}
COMMAND: POST /session/27b94183b1b4d6a8468feb68bbe38fb5/execute/sync - {"script":"return (function isElementDisplayed(element) {\n    function nodeIsElement(node) {\n        if (!node) {\n            return false;\n        }\n        switch (node.nodeType) {\n            case Node.ELEMEN ... (7807 more bytes)","args":[{"element-6066-11e4-a52e-4f735466cecf":"67f8f5fa-06f2-4013-8fb6-48732f6844b1","ELEMENT":"67f8f5fa-06f2-4013-8fb6-48732f6844b1"}]}
RESULT: {"script":"return (function isElementDisplayed(element) {\n    function nodeIsElement(node) {\n        if (!node) {\n            return false;\n        }\n        switch (node.nodeType) {\n            case Node.ELEMEN ... (7807 more bytes)","args":[{"element-6066-11e4-a52e-4f735466cecf":"67f8f5fa-06f2-4013-8fb6-48732f6844b1","ELEMENT":"67f8f5fa-06f2-4013-8fb6-48732f6844b1"}]}
COMMAND: POST /session/27b94183b1b4d6a8468feb68bbe38fb5/execute/sync - {"script":"return (function isElementDisplayed(element) {\n    function nodeIsElement(node) {\n        if (!node) {\n            return false;\n        }\n        switch (node.nodeType) {\n            case Node.ELEMEN ... (7807 more bytes)","args":[{"element-6066-11e4-a52e-4f735466cecf":"67f8f5fa-06f2-4013-8fb6-48732f6844b1","ELEMENT":"67f8f5fa-06f2-4013-8fb6-48732f6844b1"}]}
RESULT: {"script":"return (function isElementDisplayed(element) {\n    function nodeIsElement(node) {\n        if (!node) {\n            return false;\n        }\n        switch (node.nodeType) {\n            case Node.ELEMEN ... (7807 more bytes)","args":[{"element-6066-11e4-a52e-4f735466cecf":"67f8f5fa-06f2-4013-8fb6-48732f6844b1","ELEMENT":"67f8f5fa-06f2-4013-8fb6-48732f6844b1"}]}
COMMAND: POST /session/27b94183b1b4d6a8468feb68bbe38fb5/element - {"using":"xpath","value":"//div[contains (text(), \"N1\")]"}
RESULT: {"using":"xpath","value":"//div[contains (text(), \"N1\")]"}
COMMAND: POST /session/27b94183b1b4d6a8468feb68bbe38fb5/element/67f8f5fa-06f2-4013-8fb6-48732f6844b1/click - {}
RESULT: {}
COMMAND: POST /session/27b94183b1b4d6a8468feb68bbe38fb5/element - {"using":"css selector","value":"#select_value_label_89"}
RESULT: {"using":"css selector","value":"#select_value_label_89"}
COMMAND: POST /session/27b94183b1b4d6a8468feb68bbe38fb5/element/bcb33476-bb5f-414c-b34b-73100b43bf8e/click - {}
RESULT: {}
COMMAND: POST /session/27b94183b1b4d6a8468feb68bbe38fb5/element - {"using":"xpath","value":"//div[contains (text(), \"n1-standard-8 (vCPUs: 8, RAM: 30GB\")]"}
RESULT: {"using":"xpath","value":"//div[contains (text(), \"n1-standard-8 (vCPUs: 8, RAM: 30GB\")]"}
COMMAND: POST /session/27b94183b1b4d6a8468feb68bbe38fb5/elements - {"using":"xpath","value":"//div[contains (text(), \"n1-standard-8 (vCPUs: 8, RAM: 30GB\")]"}
RESULT: {"using":"xpath","value":"//div[contains (text(), \"n1-standard-8 (vCPUs: 8, RAM: 30GB\")]"}
COMMAND: POST /session/27b94183b1b4d6a8468feb68bbe38fb5/element - {"using":"xpath","value":"//div[contains (text(), \"n1-standard-8 (vCPUs: 8, RAM: 30GB\")]"}
RESULT: {"using":"xpath","value":"//div[contains (text(), \"n1-standard-8 (vCPUs: 8, RAM: 30GB\")]"}
COMMAND: POST /session/27b94183b1b4d6a8468feb68bbe38fb5/element/3dc1bce4-194f-412d-8a15-a5302b6050bf/click - {}
RESULT: {}
COMMAND: POST /session/27b94183b1b4d6a8468feb68bbe38fb5/element - {"using":"xpath","value":"//md-checkbox[@ng-disabled = \"!listingCtrl.isGpuOptionAvailable('computeServer')\"]"}
RESULT: {"using":"xpath","value":"//md-checkbox[@ng-disabled = \"!listingCtrl.isGpuOptionAvailable('computeServer')\"]"}
COMMAND: POST /session/27b94183b1b4d6a8468feb68bbe38fb5/element/f766f6fe-d25b-4bb6-8a5f-d2a74f0c230c/click - {}
RESULT: {}
COMMAND: POST /session/27b94183b1b4d6a8468feb68bbe38fb5/element - {"using":"xpath","value":"//md-select[@placeholder =\"GPU type\"]"}
RESULT: {"using":"xpath","value":"//md-select[@placeholder =\"GPU type\"]"}
COMMAND: POST /session/27b94183b1b4d6a8468feb68bbe38fb5/execute/sync - {"script":"return (function isElementDisplayed(element) {\n    function nodeIsElement(node) {\n        if (!node) {\n            return false;\n        }\n        switch (node.nodeType) {\n            case Node.ELEMEN ... (7807 more bytes)","args":[{"element-6066-11e4-a52e-4f735466cecf":"5571258a-9d12-4486-ab55-564f0a461389","ELEMENT":"5571258a-9d12-4486-ab55-564f0a461389"}]}
RESULT: {"script":"return (function isElementDisplayed(element) {\n    function nodeIsElement(node) {\n        if (!node) {\n            return false;\n        }\n        switch (node.nodeType) {\n            case Node.ELEMEN ... (7807 more bytes)","args":[{"element-6066-11e4-a52e-4f735466cecf":"5571258a-9d12-4486-ab55-564f0a461389","ELEMENT":"5571258a-9d12-4486-ab55-564f0a461389"}]}
COMMAND: POST /session/27b94183b1b4d6a8468feb68bbe38fb5/element - {"using":"xpath","value":"//md-select[@placeholder = \"Number of GPUs\"]"}
RESULT: {"using":"xpath","value":"//md-select[@placeholder = \"Number of GPUs\"]"}
COMMAND: POST /session/27b94183b1b4d6a8468feb68bbe38fb5/execute/sync - {"script":"return (function isElementDisplayed(element) {\n    function nodeIsElement(node) {\n        if (!node) {\n            return false;\n        }\n        switch (node.nodeType) {\n            case Node.ELEMEN ... (7807 more bytes)","args":[{"element-6066-11e4-a52e-4f735466cecf":"7dac1d6e-64a2-421a-98c2-e639ed8ce4cc","ELEMENT":"7dac1d6e-64a2-421a-98c2-e639ed8ce4cc"}]}
RESULT: {"script":"return (function isElementDisplayed(element) {\n    function nodeIsElement(node) {\n        if (!node) {\n            return false;\n        }\n        switch (node.nodeType) {\n            case Node.ELEMEN ... (7807 more bytes)","args":[{"element-6066-11e4-a52e-4f735466cecf":"7dac1d6e-64a2-421a-98c2-e639ed8ce4cc","ELEMENT":"7dac1d6e-64a2-421a-98c2-e639ed8ce4cc"}]}
COMMAND: POST /session/27b94183b1b4d6a8468feb68bbe38fb5/element - {"using":"xpath","value":"//md-select[@placeholder =\"GPU type\"]"}
RESULT: {"using":"xpath","value":"//md-select[@placeholder =\"GPU type\"]"}
COMMAND: POST /session/27b94183b1b4d6a8468feb68bbe38fb5/element/5571258a-9d12-4486-ab55-564f0a461389/click - {}
RESULT: {}
COMMAND: POST /session/27b94183b1b4d6a8468feb68bbe38fb5/element - {"using":"xpath","value":"//div[contains (text(), \"NVIDIA Tesla V100\")]"}
RESULT: {"using":"xpath","value":"//div[contains (text(), \"NVIDIA Tesla V100\")]"}
COMMAND: POST /session/27b94183b1b4d6a8468feb68bbe38fb5/execute/sync - {"script":"return (function isElementDisplayed(element) {\n    function nodeIsElement(node) {\n        if (!node) {\n            return false;\n        }\n        switch (node.nodeType) {\n            case Node.ELEMEN ... (7807 more bytes)","args":[{"element-6066-11e4-a52e-4f735466cecf":"b1c3cd9a-8446-4e49-b8b6-cf0f3fd9bb44","ELEMENT":"b1c3cd9a-8446-4e49-b8b6-cf0f3fd9bb44"}]}
RESULT: {"script":"return (function isElementDisplayed(element) {\n    function nodeIsElement(node) {\n        if (!node) {\n            return false;\n        }\n        switch (node.nodeType) {\n            case Node.ELEMEN ... (7807 more bytes)","args":[{"element-6066-11e4-a52e-4f735466cecf":"b1c3cd9a-8446-4e49-b8b6-cf0f3fd9bb44","ELEMENT":"b1c3cd9a-8446-4e49-b8b6-cf0f3fd9bb44"}]}
COMMAND: POST /session/27b94183b1b4d6a8468feb68bbe38fb5/execute/sync - {"script":"return (function isElementDisplayed(element) {\n    function nodeIsElement(node) {\n        if (!node) {\n            return false;\n        }\n        switch (node.nodeType) {\n            case Node.ELEMEN ... (7807 more bytes)","args":[{"element-6066-11e4-a52e-4f735466cecf":"b1c3cd9a-8446-4e49-b8b6-cf0f3fd9bb44","ELEMENT":"b1c3cd9a-8446-4e49-b8b6-cf0f3fd9bb44"}]}
RESULT: {"script":"return (function isElementDisplayed(element) {\n    function nodeIsElement(node) {\n        if (!node) {\n            return false;\n        }\n        switch (node.nodeType) {\n            case Node.ELEMEN ... (7807 more bytes)","args":[{"element-6066-11e4-a52e-4f735466cecf":"b1c3cd9a-8446-4e49-b8b6-cf0f3fd9bb44","ELEMENT":"b1c3cd9a-8446-4e49-b8b6-cf0f3fd9bb44"}]}
COMMAND: POST /session/27b94183b1b4d6a8468feb68bbe38fb5/element - {"using":"xpath","value":"//div[contains (text(), \"NVIDIA Tesla V100\")]"}
RESULT: {"using":"xpath","value":"//div[contains (text(), \"NVIDIA Tesla V100\")]"}
COMMAND: POST /session/27b94183b1b4d6a8468feb68bbe38fb5/element/b1c3cd9a-8446-4e49-b8b6-cf0f3fd9bb44/click - {}
RESULT: {}
COMMAND: POST /session/27b94183b1b4d6a8468feb68bbe38fb5/element - {"using":"xpath","value":"//md-select[@placeholder = \"Number of GPUs\"]"}
RESULT: {"using":"xpath","value":"//md-select[@placeholder = \"Number of GPUs\"]"}
COMMAND: POST /session/27b94183b1b4d6a8468feb68bbe38fb5/element/7dac1d6e-64a2-421a-98c2-e639ed8ce4cc/click - {}
RESULT: {}
COMMAND: POST /session/27b94183b1b4d6a8468feb68bbe38fb5/element - {"using":"xpath","value":"//md-option[@ng-disabled=\"item.value != 0 && item.value < listingCtrl.minGPU\"][@value = \"1\"]"}
RESULT: {"using":"xpath","value":"//md-option[@ng-disabled=\"item.value != 0 && item.value < listingCtrl.minGPU\"][@value = \"1\"]"}
COMMAND: POST /session/27b94183b1b4d6a8468feb68bbe38fb5/execute/sync - {"script":"return (function isElementDisplayed(element) {\n    function nodeIsElement(node) {\n        if (!node) {\n            return false;\n        }\n        switch (node.nodeType) {\n            case Node.ELEMEN ... (7807 more bytes)","args":[{"element-6066-11e4-a52e-4f735466cecf":"524c3d31-281f-4a01-a655-69a34aa142a9","ELEMENT":"524c3d31-281f-4a01-a655-69a34aa142a9"}]}
RESULT: {"script":"return (function isElementDisplayed(element) {\n    function nodeIsElement(node) {\n        if (!node) {\n            return false;\n        }\n        switch (node.nodeType) {\n            case Node.ELEMEN ... (7807 more bytes)","args":[{"element-6066-11e4-a52e-4f735466cecf":"524c3d31-281f-4a01-a655-69a34aa142a9","ELEMENT":"524c3d31-281f-4a01-a655-69a34aa142a9"}]}
COMMAND: POST /session/27b94183b1b4d6a8468feb68bbe38fb5/execute/sync - {"script":"return (function isElementDisplayed(element) {\n    function nodeIsElement(node) {\n        if (!node) {\n            return false;\n        }\n        switch (node.nodeType) {\n            case Node.ELEMEN ... (7807 more bytes)","args":[{"element-6066-11e4-a52e-4f735466cecf":"524c3d31-281f-4a01-a655-69a34aa142a9","ELEMENT":"524c3d31-281f-4a01-a655-69a34aa142a9"}]}
RESULT: {"script":"return (function isElementDisplayed(element) {\n    function nodeIsElement(node) {\n        if (!node) {\n            return false;\n        }\n        switch (node.nodeType) {\n            case Node.ELEMEN ... (7807 more bytes)","args":[{"element-6066-11e4-a52e-4f735466cecf":"524c3d31-281f-4a01-a655-69a34aa142a9","ELEMENT":"524c3d31-281f-4a01-a655-69a34aa142a9"}]}
COMMAND: POST /session/27b94183b1b4d6a8468feb68bbe38fb5/element - {"using":"xpath","value":"//md-option[@ng-disabled=\"item.value != 0 && item.value < listingCtrl.minGPU\"][@value = \"1\"]"}
RESULT: {"using":"xpath","value":"//md-option[@ng-disabled=\"item.value != 0 && item.value < listingCtrl.minGPU\"][@value = \"1\"]"}
COMMAND: POST /session/27b94183b1b4d6a8468feb68bbe38fb5/element/524c3d31-281f-4a01-a655-69a34aa142a9/click - {}
RESULT: {}
COMMAND: POST /session/27b94183b1b4d6a8468feb68bbe38fb5/element - {"using":"xpath","value":"//md-select[@ng-model = \"listingCtrl.computeServer.ssd\"]"}
RESULT: {"using":"xpath","value":"//md-select[@ng-model = \"listingCtrl.computeServer.ssd\"]"}
COMMAND: POST /session/27b94183b1b4d6a8468feb68bbe38fb5/element/4bc15217-3693-4881-a7d2-70a4d7b86f79/click - {}
RESULT: {}
COMMAND: POST /session/27b94183b1b4d6a8468feb68bbe38fb5/element - {"using":"xpath","value":"//div[contains(text(), \"2x375 GB\")]"}
RESULT: {"using":"xpath","value":"//div[contains(text(), \"2x375 GB\")]"}
COMMAND: POST /session/27b94183b1b4d6a8468feb68bbe38fb5/execute/sync - {"script":"return (function isElementDisplayed(element) {\n    function nodeIsElement(node) {\n        if (!node) {\n            return false;\n        }\n        switch (node.nodeType) {\n            case Node.ELEMEN ... (7807 more bytes)","args":[{"element-6066-11e4-a52e-4f735466cecf":"5040dd09-07d1-4f5f-96b7-47ce7b5c6fd2","ELEMENT":"5040dd09-07d1-4f5f-96b7-47ce7b5c6fd2"}]}
RESULT: {"script":"return (function isElementDisplayed(element) {\n    function nodeIsElement(node) {\n        if (!node) {\n            return false;\n        }\n        switch (node.nodeType) {\n            case Node.ELEMEN ... (7807 more bytes)","args":[{"element-6066-11e4-a52e-4f735466cecf":"5040dd09-07d1-4f5f-96b7-47ce7b5c6fd2","ELEMENT":"5040dd09-07d1-4f5f-96b7-47ce7b5c6fd2"}]}
COMMAND: POST /session/27b94183b1b4d6a8468feb68bbe38fb5/execute/sync - {"script":"return (function isElementDisplayed(element) {\n    function nodeIsElement(node) {\n        if (!node) {\n            return false;\n        }\n        switch (node.nodeType) {\n            case Node.ELEMEN ... (7807 more bytes)","args":[{"element-6066-11e4-a52e-4f735466cecf":"5040dd09-07d1-4f5f-96b7-47ce7b5c6fd2","ELEMENT":"5040dd09-07d1-4f5f-96b7-47ce7b5c6fd2"}]}
RESULT: {"script":"return (function isElementDisplayed(element) {\n    function nodeIsElement(node) {\n        if (!node) {\n            return false;\n        }\n        switch (node.nodeType) {\n            case Node.ELEMEN ... (7807 more bytes)","args":[{"element-6066-11e4-a52e-4f735466cecf":"5040dd09-07d1-4f5f-96b7-47ce7b5c6fd2","ELEMENT":"5040dd09-07d1-4f5f-96b7-47ce7b5c6fd2"}]}
COMMAND: POST /session/27b94183b1b4d6a8468feb68bbe38fb5/element - {"using":"xpath","value":"//div[contains(text(), \"2x375 GB\")]"}
RESULT: {"using":"xpath","value":"//div[contains(text(), \"2x375 GB\")]"}
COMMAND: POST /session/27b94183b1b4d6a8468feb68bbe38fb5/element/5040dd09-07d1-4f5f-96b7-47ce7b5c6fd2/click - {}
RESULT: {}
COMMAND: POST /session/27b94183b1b4d6a8468feb68bbe38fb5/element - {"using":"xpath","value":"//md-select[@ng-model = \"listingCtrl.computeServer.location\"]"}
RESULT: {"using":"xpath","value":"//md-select[@ng-model = \"listingCtrl.computeServer.location\"]"}
COMMAND: POST /session/27b94183b1b4d6a8468feb68bbe38fb5/element/1a563815-eaa0-46ee-a3e2-a39b1ecca719/click - {}
RESULT: {}
COMMAND: POST /session/27b94183b1b4d6a8468feb68bbe38fb5/element - {"using":"xpath","value":"//md-option[@id=\"select_option_231\"]"}
RESULT: {"using":"xpath","value":"//md-option[@id=\"select_option_231\"]"}
COMMAND: POST /session/27b94183b1b4d6a8468feb68bbe38fb5/execute/sync - {"script":"return (function isElementDisplayed(element) {\n    function nodeIsElement(node) {\n        if (!node) {\n            return false;\n        }\n        switch (node.nodeType) {\n            case Node.ELEMEN ... (7807 more bytes)","args":[{"element-6066-11e4-a52e-4f735466cecf":"03fb21a6-23cd-43c7-885b-1d9df36fa033","ELEMENT":"03fb21a6-23cd-43c7-885b-1d9df36fa033"}]}
RESULT: {"script":"return (function isElementDisplayed(element) {\n    function nodeIsElement(node) {\n        if (!node) {\n            return false;\n        }\n        switch (node.nodeType) {\n            case Node.ELEMEN ... (7807 more bytes)","args":[{"element-6066-11e4-a52e-4f735466cecf":"03fb21a6-23cd-43c7-885b-1d9df36fa033","ELEMENT":"03fb21a6-23cd-43c7-885b-1d9df36fa033"}]}
COMMAND: POST /session/27b94183b1b4d6a8468feb68bbe38fb5/execute/sync - {"script":"return (function isElementDisplayed(element) {\n    function nodeIsElement(node) {\n        if (!node) {\n            return false;\n        }\n        switch (node.nodeType) {\n            case Node.ELEMEN ... (7807 more bytes)","args":[{"element-6066-11e4-a52e-4f735466cecf":"03fb21a6-23cd-43c7-885b-1d9df36fa033","ELEMENT":"03fb21a6-23cd-43c7-885b-1d9df36fa033"}]}
RESULT: {"script":"return (function isElementDisplayed(element) {\n    function nodeIsElement(node) {\n        if (!node) {\n            return false;\n        }\n        switch (node.nodeType) {\n            case Node.ELEMEN ... (7807 more bytes)","args":[{"element-6066-11e4-a52e-4f735466cecf":"03fb21a6-23cd-43c7-885b-1d9df36fa033","ELEMENT":"03fb21a6-23cd-43c7-885b-1d9df36fa033"}]}
COMMAND: POST /session/27b94183b1b4d6a8468feb68bbe38fb5/element - {"using":"xpath","value":"//md-option[@id=\"select_option_231\"]"}
RESULT: {"using":"xpath","value":"//md-option[@id=\"select_option_231\"]"}
COMMAND: POST /session/27b94183b1b4d6a8468feb68bbe38fb5/element/03fb21a6-23cd-43c7-885b-1d9df36fa033/click - {}
RESULT: {}
COMMAND: POST /session/27b94183b1b4d6a8468feb68bbe38fb5/element - {"using":"xpath","value":"//md-select[@id=\"select_133\"]"}
RESULT: {"using":"xpath","value":"//md-select[@id=\"select_133\"]"}
COMMAND: POST /session/27b94183b1b4d6a8468feb68bbe38fb5/element/ace99df4-aab4-446e-b7eb-3d41adf30692/click - {}
RESULT: {}
COMMAND: POST /session/27b94183b1b4d6a8468feb68bbe38fb5/element - {"using":"xpath","value":"//md-option[@id = \"select_option_131\"]"}
RESULT: {"using":"xpath","value":"//md-option[@id = \"select_option_131\"]"}
COMMAND: POST /session/27b94183b1b4d6a8468feb68bbe38fb5/execute/sync - {"script":"return (function isElementDisplayed(element) {\n    function nodeIsElement(node) {\n        if (!node) {\n            return false;\n        }\n        switch (node.nodeType) {\n            case Node.ELEMEN ... (7807 more bytes)","args":[{"element-6066-11e4-a52e-4f735466cecf":"1b093e3c-efa8-4f4e-bbe6-bfe64631bcca","ELEMENT":"1b093e3c-efa8-4f4e-bbe6-bfe64631bcca"}]}
RESULT: {"script":"return (function isElementDisplayed(element) {\n    function nodeIsElement(node) {\n        if (!node) {\n            return false;\n        }\n        switch (node.nodeType) {\n            case Node.ELEMEN ... (7807 more bytes)","args":[{"element-6066-11e4-a52e-4f735466cecf":"1b093e3c-efa8-4f4e-bbe6-bfe64631bcca","ELEMENT":"1b093e3c-efa8-4f4e-bbe6-bfe64631bcca"}]}
COMMAND: POST /session/27b94183b1b4d6a8468feb68bbe38fb5/execute/sync - {"script":"return (function isElementDisplayed(element) {\n    function nodeIsElement(node) {\n        if (!node) {\n            return false;\n        }\n        switch (node.nodeType) {\n            case Node.ELEMEN ... (7807 more bytes)","args":[{"element-6066-11e4-a52e-4f735466cecf":"1b093e3c-efa8-4f4e-bbe6-bfe64631bcca","ELEMENT":"1b093e3c-efa8-4f4e-bbe6-bfe64631bcca"}]}
RESULT: {"script":"return (function isElementDisplayed(element) {\n    function nodeIsElement(node) {\n        if (!node) {\n            return false;\n        }\n        switch (node.nodeType) {\n            case Node.ELEMEN ... (7807 more bytes)","args":[{"element-6066-11e4-a52e-4f735466cecf":"1b093e3c-efa8-4f4e-bbe6-bfe64631bcca","ELEMENT":"1b093e3c-efa8-4f4e-bbe6-bfe64631bcca"}]}
COMMAND: POST /session/27b94183b1b4d6a8468feb68bbe38fb5/element - {"using":"xpath","value":"//md-option[@id = \"select_option_131\"]"}
RESULT: {"using":"xpath","value":"//md-option[@id = \"select_option_131\"]"}
COMMAND: POST /session/27b94183b1b4d6a8468feb68bbe38fb5/element/1b093e3c-efa8-4f4e-bbe6-bfe64631bcca/click - {}
RESULT: {}
COMMAND: POST /session/27b94183b1b4d6a8468feb68bbe38fb5/element - {"using":"xpath","value":"//button[@ng-click=\"listingCtrl.addComputeServer(ComputeEngineForm);\"]"}
RESULT: {"using":"xpath","value":"//button[@ng-click=\"listingCtrl.addComputeServer(ComputeEngineForm);\"]"}
COMMAND: POST /session/27b94183b1b4d6a8468feb68bbe38fb5/element/aaeaef44-b2cc-4d99-84d9-71a690d8489e/click - {}
RESULT: {}
COMMAND: POST /session/27b94183b1b4d6a8468feb68bbe38fb5/element - {"using":"xpath","value":"//md-card-content[@class = \"flex-sm-100 flex-gt-sm-40\"]"}
RESULT: {"using":"xpath","value":"//md-card-content[@class = \"flex-sm-100 flex-gt-sm-40\"]"}
COMMAND: POST /session/27b94183b1b4d6a8468feb68bbe38fb5/elements - {"using":"xpath","value":"//md-card-content[@class = \"flex-sm-100 flex-gt-sm-40\"]"}
RESULT: {"using":"xpath","value":"//md-card-content[@class = \"flex-sm-100 flex-gt-sm-40\"]"}
COMMAND: POST /session/27b94183b1b4d6a8468feb68bbe38fb5/element - {"using":"xpath","value":"//md-card-content[@class = \"flex-sm-100 flex-gt-sm-40\"]"}
RESULT: {"using":"xpath","value":"//md-card-content[@class = \"flex-sm-100 flex-gt-sm-40\"]"}
COMMAND: GET /session/27b94183b1b4d6a8468feb68bbe38fb5/element/bda9c369-17a7-42cd-a582-fb67d80ea39c/text - {}
RESULT: {}
COMMAND: POST /session/27b94183b1b4d6a8468feb68bbe38fb5/element - {"using":"xpath","value":"//md-card-content[@class = \"flex-sm-100 flex-gt-sm-40\"]"}
RESULT: {"using":"xpath","value":"//md-card-content[@class = \"flex-sm-100 flex-gt-sm-40\"]"}
COMMAND: GET /session/27b94183b1b4d6a8468feb68bbe38fb5/element/bda9c369-17a7-42cd-a582-fb67d80ea39c/text - {}
RESULT: {}
COMMAND: POST /session/27b94183b1b4d6a8468feb68bbe38fb5/element - {"using":"xpath","value":"//md-card-content[@class = \"flex-sm-100 flex-gt-sm-40\"]"}
RESULT: {"using":"xpath","value":"//md-card-content[@class = \"flex-sm-100 flex-gt-sm-40\"]"}
COMMAND: GET /session/27b94183b1b4d6a8468feb68bbe38fb5/element/bda9c369-17a7-42cd-a582-fb67d80ea39c/text - {}
RESULT: {}
COMMAND: POST /session/27b94183b1b4d6a8468feb68bbe38fb5/element - {"using":"xpath","value":"//md-card-content[@class = \"flex-sm-100 flex-gt-sm-40\"]"}
RESULT: {"using":"xpath","value":"//md-card-content[@class = \"flex-sm-100 flex-gt-sm-40\"]"}
COMMAND: GET /session/27b94183b1b4d6a8468feb68bbe38fb5/element/bda9c369-17a7-42cd-a582-fb67d80ea39c/text - {}
RESULT: {}
COMMAND: POST /session/27b94183b1b4d6a8468feb68bbe38fb5/element - {"using":"xpath","value":"//md-card-content[@class = \"flex-sm-100 flex-gt-sm-40\"]"}
RESULT: {"using":"xpath","value":"//md-card-content[@class = \"flex-sm-100 flex-gt-sm-40\"]"}
COMMAND: GET /session/27b94183b1b4d6a8468feb68bbe38fb5/element/bda9c369-17a7-42cd-a582-fb67d80ea39c/text - {}
RESULT: {}
COMMAND: POST /session/27b94183b1b4d6a8468feb68bbe38fb5/element - {"using":"xpath","value":"//md-card-content[@class = \"flex-sm-100 flex-gt-sm-40\"]"}
RESULT: {"using":"xpath","value":"//md-card-content[@class = \"flex-sm-100 flex-gt-sm-40\"]"}
COMMAND: GET /session/27b94183b1b4d6a8468feb68bbe38fb5/element/bda9c369-17a7-42cd-a582-fb67d80ea39c/text - {}
RESULT: {}
COMMAND: POST /session/27b94183b1b4d6a8468feb68bbe38fb5/element - {"using":"xpath","value":"//md-card-content[@class = \"flex-sm-100 flex-gt-sm-40\"]"}
RESULT: {"using":"xpath","value":"//md-card-content[@class = \"flex-sm-100 flex-gt-sm-40\"]"}
COMMAND: GET /session/27b94183b1b4d6a8468feb68bbe38fb5/element/bda9c369-17a7-42cd-a582-fb67d80ea39c/text - {}
RESULT: {}
]]></system-out>
    </testcase>
    <testcase classname="chrome.111_0_5563_65.windows.Test_suite" name="Hardcore" time="12.598">
      <system-out><![CDATA[
COMMAND: POST /session/27b94183b1b4d6a8468feb68bbe38fb5/window/maximize - {}
COMMAND: GET /session/27b94183b1b4d6a8468feb68bbe38fb5/window - {}
RESULT: {}
RESULT: {}
COMMAND: GET /session/27b94183b1b4d6a8468feb68bbe38fb5/window/handles - {}
RESULT: {}
COMMAND: POST /session/27b94183b1b4d6a8468feb68bbe38fb5/execute/sync - {"script":"return (function newWindow(url, windowName, windowFeatures) {\n    window.open(url, windowName || '', windowFeatures || '');\n}).apply(null, arguments)","args":["https://etempmail.net/10minutemail","",""]}
RESULT: {"script":"return (function newWindow(url, windowName, windowFeatures) {\n    window.open(url, windowName || '', windowFeatures || '');\n}).apply(null, arguments)","args":["https://etempmail.net/10minutemail","",""]}
COMMAND: GET /session/27b94183b1b4d6a8468feb68bbe38fb5/window/handles - {}
RESULT: {}
COMMAND: GET /session/27b94183b1b4d6a8468feb68bbe38fb5/window/handles - {}
RESULT: {}
COMMAND: POST /session/27b94183b1b4d6a8468feb68bbe38fb5/window - {"handle":"CDwindow-338C9111218540473C500E7739A457F1"}
RESULT: {"handle":"CDwindow-338C9111218540473C500E7739A457F1"}
COMMAND: POST /session/27b94183b1b4d6a8468feb68bbe38fb5/element - {"using":"xpath","value":"//div[@id = \"btn_copy\"]"}
RESULT: {"using":"xpath","value":"//div[@id = \"btn_copy\"]"}
COMMAND: POST /session/27b94183b1b4d6a8468feb68bbe38fb5/element/c6f1907f-6c5b-42bd-9690-b36e1a9f478f/click - {}
RESULT: {}
COMMAND: GET /session/27b94183b1b4d6a8468feb68bbe38fb5/window - {}
RESULT: {}
COMMAND: POST /session/27b94183b1b4d6a8468feb68bbe38fb5/window - {"handle":"CDwindow-D04BA9B8FFB2A6D546D33DB37AA88286"}
RESULT: {"handle":"CDwindow-D04BA9B8FFB2A6D546D33DB37AA88286"}
COMMAND: POST /session/27b94183b1b4d6a8468feb68bbe38fb5/element - {"using":"css selector","value":"#cloud-site  iframe"}
RESULT: {"using":"css selector","value":"#cloud-site  iframe"}
COMMAND: POST /session/27b94183b1b4d6a8468feb68bbe38fb5/execute/sync - {"script":"return (function isElementDisplayed(element) {\n    function nodeIsElement(node) {\n        if (!node) {\n            return false;\n        }\n        switch (node.nodeType) {\n            case Node.ELEMEN ... (7807 more bytes)","args":[{"element-6066-11e4-a52e-4f735466cecf":"9edc3b53-c5b9-4b61-8c2c-a366197d4ab6","ELEMENT":"9edc3b53-c5b9-4b61-8c2c-a366197d4ab6"}]}
RESULT: {"script":"return (function isElementDisplayed(element) {\n    function nodeIsElement(node) {\n        if (!node) {\n            return false;\n        }\n        switch (node.nodeType) {\n            case Node.ELEMEN ... (7807 more bytes)","args":[{"element-6066-11e4-a52e-4f735466cecf":"9edc3b53-c5b9-4b61-8c2c-a366197d4ab6","ELEMENT":"9edc3b53-c5b9-4b61-8c2c-a366197d4ab6"}]}
COMMAND: POST /session/27b94183b1b4d6a8468feb68bbe38fb5/element - {"using":"css selector","value":"#cloud-site  iframe"}
RESULT: {"using":"css selector","value":"#cloud-site  iframe"}
COMMAND: POST /session/27b94183b1b4d6a8468feb68bbe38fb5/frame - {"id":{"sessionId":"27b94183b1b4d6a8468feb68bbe38fb5","elementId":"9edc3b53-c5b9-4b61-8c2c-a366197d4ab6","element-6066-11e4-a52e-4f735466cecf":"9edc3b53-c5b9-4b61-8c2c-a366197d4ab6","selector":"#cloud-site  iframe","parent":{"capabilities":{"acceptInsecureCerts":true,"browserName":"chrome","browserVersion":"111.0.5563.65","chrome":{"chromedriverVersion":"110.0.5481.77 (65ed616c6e8ee3fe0ad64fe83796c020644d42af-refs/branch-heads/5481@{#839})","userDataDir":"C:\\Users\\E3RA\\AppData\\Local\\Temp\\scoped_dir1712_1102431920"},"goog:chromeOptions":{"debuggerAddress":"localhost:56227"},"networkConnectionEnabled":false,"pageLoadStrategy":"normal","platformName":"windows","proxy":{},"setWindowRect":true,"_":"6 more keys: [\"strictFileInteractability\",\"timeouts\",\"unhandledPromptBehavior\",\"webauthn:extension:credBlob\",\"webauthn:extension:largeBlob\",\"webauthn:virtualAuthenticators\"]"}},"isReactElement":false}}
RESULT: {"id":{"sessionId":"27b94183b1b4d6a8468feb68bbe38fb5","elementId":"9edc3b53-c5b9-4b61-8c2c-a366197d4ab6","element-6066-11e4-a52e-4f735466cecf":"9edc3b53-c5b9-4b61-8c2c-a366197d4ab6","selector":"#cloud-site  iframe","parent":{"capabilities":{"acceptInsecureCerts":true,"browserName":"chrome","browserVersion":"111.0.5563.65","chrome":{"chromedriverVersion":"110.0.5481.77 (65ed616c6e8ee3fe0ad64fe83796c020644d42af-refs/branch-heads/5481@{#839})","userDataDir":"C:\\Users\\E3RA\\AppData\\Local\\Temp\\scoped_dir1712_1102431920"},"goog:chromeOptions":{"debuggerAddress":"localhost:56227"},"networkConnectionEnabled":false,"pageLoadStrategy":"normal","platformName":"windows","proxy":{},"setWindowRect":true,"_":"6 more keys: [\"strictFileInteractability\",\"timeouts\",\"unhandledPromptBehavior\",\"webauthn:extension:credBlob\",\"webauthn:extension:largeBlob\",\"webauthn:virtualAuthenticators\"]"}},"isReactElement":false}}
COMMAND: POST /session/27b94183b1b4d6a8468feb68bbe38fb5/element - {"using":"css selector","value":"#myFrame"}
RESULT: {"using":"css selector","value":"#myFrame"}
COMMAND: POST /session/27b94183b1b4d6a8468feb68bbe38fb5/execute/sync - {"script":"return (function isElementDisplayed(element) {\n    function nodeIsElement(node) {\n        if (!node) {\n            return false;\n        }\n        switch (node.nodeType) {\n            case Node.ELEMEN ... (7807 more bytes)","args":[{"element-6066-11e4-a52e-4f735466cecf":"6de3f614-a696-4454-9b60-a058d6337ca0","ELEMENT":"6de3f614-a696-4454-9b60-a058d6337ca0"}]}
RESULT: {"script":"return (function isElementDisplayed(element) {\n    function nodeIsElement(node) {\n        if (!node) {\n            return false;\n        }\n        switch (node.nodeType) {\n            case Node.ELEMEN ... (7807 more bytes)","args":[{"element-6066-11e4-a52e-4f735466cecf":"6de3f614-a696-4454-9b60-a058d6337ca0","ELEMENT":"6de3f614-a696-4454-9b60-a058d6337ca0"}]}
COMMAND: POST /session/27b94183b1b4d6a8468feb68bbe38fb5/element - {"using":"css selector","value":"#myFrame"}
RESULT: {"using":"css selector","value":"#myFrame"}
COMMAND: POST /session/27b94183b1b4d6a8468feb68bbe38fb5/frame - {"id":{"sessionId":"27b94183b1b4d6a8468feb68bbe38fb5","elementId":"6de3f614-a696-4454-9b60-a058d6337ca0","element-6066-11e4-a52e-4f735466cecf":"6de3f614-a696-4454-9b60-a058d6337ca0","selector":"#myFrame","parent":{"capabilities":{"acceptInsecureCerts":true,"browserName":"chrome","browserVersion":"111.0.5563.65","chrome":{"chromedriverVersion":"110.0.5481.77 (65ed616c6e8ee3fe0ad64fe83796c020644d42af-refs/branch-heads/5481@{#839})","userDataDir":"C:\\Users\\E3RA\\AppData\\Local\\Temp\\scoped_dir1712_1102431920"},"goog:chromeOptions":{"debuggerAddress":"localhost:56227"},"networkConnectionEnabled":false,"pageLoadStrategy":"normal","platformName":"windows","proxy":{},"setWindowRect":true,"_":"6 more keys: [\"strictFileInteractability\",\"timeouts\",\"unhandledPromptBehavior\",\"webauthn:extension:credBlob\",\"webauthn:extension:largeBlob\",\"webauthn:virtualAuthenticators\"]"}},"isReactElement":false}}
RESULT: {"id":{"sessionId":"27b94183b1b4d6a8468feb68bbe38fb5","elementId":"6de3f614-a696-4454-9b60-a058d6337ca0","element-6066-11e4-a52e-4f735466cecf":"6de3f614-a696-4454-9b60-a058d6337ca0","selector":"#myFrame","parent":{"capabilities":{"acceptInsecureCerts":true,"browserName":"chrome","browserVersion":"111.0.5563.65","chrome":{"chromedriverVersion":"110.0.5481.77 (65ed616c6e8ee3fe0ad64fe83796c020644d42af-refs/branch-heads/5481@{#839})","userDataDir":"C:\\Users\\E3RA\\AppData\\Local\\Temp\\scoped_dir1712_1102431920"},"goog:chromeOptions":{"debuggerAddress":"localhost:56227"},"networkConnectionEnabled":false,"pageLoadStrategy":"normal","platformName":"windows","proxy":{},"setWindowRect":true,"_":"6 more keys: [\"strictFileInteractability\",\"timeouts\",\"unhandledPromptBehavior\",\"webauthn:extension:credBlob\",\"webauthn:extension:largeBlob\",\"webauthn:virtualAuthenticators\"]"}},"isReactElement":false}}
COMMAND: POST /session/27b94183b1b4d6a8468feb68bbe38fb5/element - {"using":"xpath","value":"//button[@id = \"Email Estimate\"]"}
RESULT: {"using":"xpath","value":"//button[@id = \"Email Estimate\"]"}
COMMAND: POST /session/27b94183b1b4d6a8468feb68bbe38fb5/elements - {"using":"xpath","value":"//button[@id = \"Email Estimate\"]"}
RESULT: {"using":"xpath","value":"//button[@id = \"Email Estimate\"]"}
COMMAND: POST /session/27b94183b1b4d6a8468feb68bbe38fb5/element - {"using":"xpath","value":"//button[@id = \"Email Estimate\"]"}
RESULT: {"using":"xpath","value":"//button[@id = \"Email Estimate\"]"}
COMMAND: POST /session/27b94183b1b4d6a8468feb68bbe38fb5/element/b2cd1ec0-2489-4fe8-b389-437150bfed85/click - {}
RESULT: {}
COMMAND: POST /session/27b94183b1b4d6a8468feb68bbe38fb5/element - {"using":"css selector","value":"body div.md-dialog-container.ng-scope"}
RESULT: {"using":"css selector","value":"body div.md-dialog-container.ng-scope"}
COMMAND: POST /session/27b94183b1b4d6a8468feb68bbe38fb5/execute/sync - {"script":"return (function isElementDisplayed(element) {\n    function nodeIsElement(node) {\n        if (!node) {\n            return false;\n        }\n        switch (node.nodeType) {\n            case Node.ELEMEN ... (7807 more bytes)","args":[{"element-6066-11e4-a52e-4f735466cecf":"884974aa-9957-410b-8e7d-8bb43a806cf6","ELEMENT":"884974aa-9957-410b-8e7d-8bb43a806cf6"}]}
RESULT: {"script":"return (function isElementDisplayed(element) {\n    function nodeIsElement(node) {\n        if (!node) {\n            return false;\n        }\n        switch (node.nodeType) {\n            case Node.ELEMEN ... (7807 more bytes)","args":[{"element-6066-11e4-a52e-4f735466cecf":"884974aa-9957-410b-8e7d-8bb43a806cf6","ELEMENT":"884974aa-9957-410b-8e7d-8bb43a806cf6"}]}
COMMAND: POST /session/27b94183b1b4d6a8468feb68bbe38fb5/element - {"using":"xpath","value":"//input[@ng-model = \"emailQuote.user.email\"]"}
RESULT: {"using":"xpath","value":"//input[@ng-model = \"emailQuote.user.email\"]"}
COMMAND: POST /session/27b94183b1b4d6a8468feb68bbe38fb5/elements - {"using":"xpath","value":"//input[@ng-model = \"emailQuote.user.email\"]"}
RESULT: {"using":"xpath","value":"//input[@ng-model = \"emailQuote.user.email\"]"}
COMMAND: POST /session/27b94183b1b4d6a8468feb68bbe38fb5/element - {"using":"xpath","value":"//input[@ng-model = \"emailQuote.user.email\"]"}
RESULT: {"using":"xpath","value":"//input[@ng-model = \"emailQuote.user.email\"]"}
COMMAND: POST /session/27b94183b1b4d6a8468feb68bbe38fb5/element/58b5a1f4-32e3-40ee-80ed-1e83007efc55/clear - {}
RESULT: {}
COMMAND: POST /session/27b94183b1b4d6a8468feb68bbe38fb5/element/58b5a1f4-32e3-40ee-80ed-1e83007efc55/value - {"text":""}
RESULT: {"text":""}
COMMAND: POST /session/27b94183b1b4d6a8468feb68bbe38fb5/actions - {"actions":[{"id":"action1","type":"key","parameters":{},"actions":[{"type":"keyDown","value":""},{"type":"keyDown","value":"v"},{"type":"pause","duration":10},{"type":"keyUp","value":""},{"type":"keyUp","value":"v"}]}]}
RESULT: {"actions":[{"id":"action1","type":"key","parameters":{},"actions":[{"type":"keyDown","value":""},{"type":"keyDown","value":"v"},{"type":"pause","duration":10},{"type":"keyUp","value":""},{"type":"keyUp","value":"v"}]}]}
COMMAND: DELETE /session/27b94183b1b4d6a8468feb68bbe38fb5/actions - {}
RESULT: {}
COMMAND: POST /session/27b94183b1b4d6a8468feb68bbe38fb5/element - {"using":"xpath","value":"//button[contains (text() , \"Send Email\")]"}
RESULT: {"using":"xpath","value":"//button[contains (text() , \"Send Email\")]"}
COMMAND: POST /session/27b94183b1b4d6a8468feb68bbe38fb5/execute/sync - {"script":"return (function isElementDisplayed(element) {\n    function nodeIsElement(node) {\n        if (!node) {\n            return false;\n        }\n        switch (node.nodeType) {\n            case Node.ELEMEN ... (7807 more bytes)","args":[{"element-6066-11e4-a52e-4f735466cecf":"ad410685-7050-4f34-8a2f-8edda745e93e","ELEMENT":"ad410685-7050-4f34-8a2f-8edda745e93e"}]}
RESULT: {"script":"return (function isElementDisplayed(element) {\n    function nodeIsElement(node) {\n        if (!node) {\n            return false;\n        }\n        switch (node.nodeType) {\n            case Node.ELEMEN ... (7807 more bytes)","args":[{"element-6066-11e4-a52e-4f735466cecf":"ad410685-7050-4f34-8a2f-8edda745e93e","ELEMENT":"ad410685-7050-4f34-8a2f-8edda745e93e"}]}
COMMAND: POST /session/27b94183b1b4d6a8468feb68bbe38fb5/element - {"using":"xpath","value":"//button[contains (text() , \"Send Email\")]"}
RESULT: {"using":"xpath","value":"//button[contains (text() , \"Send Email\")]"}
COMMAND: POST /session/27b94183b1b4d6a8468feb68bbe38fb5/element/ad410685-7050-4f34-8a2f-8edda745e93e/click - {}
RESULT: {}
COMMAND: POST /session/27b94183b1b4d6a8468feb68bbe38fb5/window - {"handle":"CDwindow-338C9111218540473C500E7739A457F1"}
RESULT: {"handle":"CDwindow-338C9111218540473C500E7739A457F1"}
COMMAND: POST /session/27b94183b1b4d6a8468feb68bbe38fb5/element - {"using":"xpath","value":"//div[contains (text(), \"gcp-estimate@cloudpricingcalculator.appspotmail.com\")]"}
RESULT: {"using":"xpath","value":"//div[contains (text(), \"gcp-estimate@cloudpricingcalculator.appspotmail.com\")]"}
COMMAND: POST /session/27b94183b1b4d6a8468feb68bbe38fb5/element - {"using":"xpath","value":"//div[contains (text(), \"gcp-estimate@cloudpricingcalculator.appspotmail.com\")]"}
RESULT: {"using":"xpath","value":"//div[contains (text(), \"gcp-estimate@cloudpricingcalculator.appspotmail.com\")]"}
COMMAND: POST /session/27b94183b1b4d6a8468feb68bbe38fb5/element - {"using":"xpath","value":"//div[contains (text(), \"gcp-estimate@cloudpricingcalculator.appspotmail.com\")]"}
RESULT: {"using":"xpath","value":"//div[contains (text(), \"gcp-estimate@cloudpricingcalculator.appspotmail.com\")]"}
COMMAND: POST /session/27b94183b1b4d6a8468feb68bbe38fb5/element - {"using":"xpath","value":"//div[contains (text(), \"gcp-estimate@cloudpricingcalculator.appspotmail.com\")]"}
RESULT: {"using":"xpath","value":"//div[contains (text(), \"gcp-estimate@cloudpricingcalculator.appspotmail.com\")]"}
COMMAND: POST /session/27b94183b1b4d6a8468feb68bbe38fb5/element - {"using":"xpath","value":"//div[contains (text(), \"gcp-estimate@cloudpricingcalculator.appspotmail.com\")]"}
RESULT: {"using":"xpath","value":"//div[contains (text(), \"gcp-estimate@cloudpricingcalculator.appspotmail.com\")]"}
COMMAND: POST /session/27b94183b1b4d6a8468feb68bbe38fb5/element - {"using":"xpath","value":"//div[contains (text(), \"gcp-estimate@cloudpricingcalculator.appspotmail.com\")]"}
RESULT: {"using":"xpath","value":"//div[contains (text(), \"gcp-estimate@cloudpricingcalculator.appspotmail.com\")]"}
COMMAND: POST /session/27b94183b1b4d6a8468feb68bbe38fb5/element - {"using":"xpath","value":"//div[contains (text(), \"gcp-estimate@cloudpricingcalculator.appspotmail.com\")]"}
RESULT: {"using":"xpath","value":"//div[contains (text(), \"gcp-estimate@cloudpricingcalculator.appspotmail.com\")]"}
COMMAND: POST /session/27b94183b1b4d6a8468feb68bbe38fb5/element - {"using":"xpath","value":"//div[contains (text(), \"gcp-estimate@cloudpricingcalculator.appspotmail.com\")]"}
RESULT: {"using":"xpath","value":"//div[contains (text(), \"gcp-estimate@cloudpricingcalculator.appspotmail.com\")]"}
COMMAND: POST /session/27b94183b1b4d6a8468feb68bbe38fb5/element - {"using":"xpath","value":"//div[contains (text(), \"gcp-estimate@cloudpricingcalculator.appspotmail.com\")]"}
RESULT: {"using":"xpath","value":"//div[contains (text(), \"gcp-estimate@cloudpricingcalculator.appspotmail.com\")]"}
COMMAND: POST /session/27b94183b1b4d6a8468feb68bbe38fb5/element - {"using":"xpath","value":"//div[contains (text(), \"gcp-estimate@cloudpricingcalculator.appspotmail.com\")]"}
RESULT: {"using":"xpath","value":"//div[contains (text(), \"gcp-estimate@cloudpricingcalculator.appspotmail.com\")]"}
COMMAND: POST /session/27b94183b1b4d6a8468feb68bbe38fb5/element - {"using":"xpath","value":"//div[contains (text(), \"gcp-estimate@cloudpricingcalculator.appspotmail.com\")]"}
RESULT: {"using":"xpath","value":"//div[contains (text(), \"gcp-estimate@cloudpricingcalculator.appspotmail.com\")]"}
COMMAND: POST /session/27b94183b1b4d6a8468feb68bbe38fb5/element - {"using":"xpath","value":"//div[contains (text(), \"gcp-estimate@cloudpricingcalculator.appspotmail.com\")]"}
RESULT: {"using":"xpath","value":"//div[contains (text(), \"gcp-estimate@cloudpricingcalculator.appspotmail.com\")]"}
COMMAND: POST /session/27b94183b1b4d6a8468feb68bbe38fb5/element - {"using":"xpath","value":"//div[contains (text(), \"gcp-estimate@cloudpricingcalculator.appspotmail.com\")]"}
RESULT: {"using":"xpath","value":"//div[contains (text(), \"gcp-estimate@cloudpricingcalculator.appspotmail.com\")]"}
COMMAND: POST /session/27b94183b1b4d6a8468feb68bbe38fb5/element - {"using":"xpath","value":"//div[contains (text(), \"gcp-estimate@cloudpricingcalculator.appspotmail.com\")]"}
RESULT: {"using":"xpath","value":"//div[contains (text(), \"gcp-estimate@cloudpricingcalculator.appspotmail.com\")]"}
COMMAND: POST /session/27b94183b1b4d6a8468feb68bbe38fb5/element - {"using":"xpath","value":"//div[contains (text(), \"gcp-estimate@cloudpricingcalculator.appspotmail.com\")]"}
RESULT: {"using":"xpath","value":"//div[contains (text(), \"gcp-estimate@cloudpricingcalculator.appspotmail.com\")]"}
COMMAND: POST /session/27b94183b1b4d6a8468feb68bbe38fb5/element - {"using":"xpath","value":"//div[contains (text(), \"gcp-estimate@cloudpricingcalculator.appspotmail.com\")]"}
RESULT: {"using":"xpath","value":"//div[contains (text(), \"gcp-estimate@cloudpricingcalculator.appspotmail.com\")]"}
COMMAND: POST /session/27b94183b1b4d6a8468feb68bbe38fb5/element - {"using":"xpath","value":"//div[contains (text(), \"gcp-estimate@cloudpricingcalculator.appspotmail.com\")]"}
RESULT: {"using":"xpath","value":"//div[contains (text(), \"gcp-estimate@cloudpricingcalculator.appspotmail.com\")]"}
COMMAND: POST /session/27b94183b1b4d6a8468feb68bbe38fb5/element - {"using":"xpath","value":"//div[contains (text(), \"gcp-estimate@cloudpricingcalculator.appspotmail.com\")]"}
RESULT: {"using":"xpath","value":"//div[contains (text(), \"gcp-estimate@cloudpricingcalculator.appspotmail.com\")]"}
COMMAND: POST /session/27b94183b1b4d6a8468feb68bbe38fb5/element - {"using":"xpath","value":"//div[contains (text(), \"gcp-estimate@cloudpricingcalculator.appspotmail.com\")]"}
RESULT: {"using":"xpath","value":"//div[contains (text(), \"gcp-estimate@cloudpricingcalculator.appspotmail.com\")]"}
COMMAND: POST /session/27b94183b1b4d6a8468feb68bbe38fb5/execute/sync - {"script":"return (function isElementDisplayed(element) {\n    function nodeIsElement(node) {\n        if (!node) {\n            return false;\n        }\n        switch (node.nodeType) {\n            case Node.ELEMEN ... (7807 more bytes)","args":[{"element-6066-11e4-a52e-4f735466cecf":"d4474ed3-3d75-49c6-8573-9c4b928e166e","ELEMENT":"d4474ed3-3d75-49c6-8573-9c4b928e166e"}]}
RESULT: {"script":"return (function isElementDisplayed(element) {\n    function nodeIsElement(node) {\n        if (!node) {\n            return false;\n        }\n        switch (node.nodeType) {\n            case Node.ELEMEN ... (7807 more bytes)","args":[{"element-6066-11e4-a52e-4f735466cecf":"d4474ed3-3d75-49c6-8573-9c4b928e166e","ELEMENT":"d4474ed3-3d75-49c6-8573-9c4b928e166e"}]}
COMMAND: POST /session/27b94183b1b4d6a8468feb68bbe38fb5/element - {"using":"xpath","value":"//div[contains (text(), \"gcp-estimate@cloudpricingcalculator.appspotmail.com\")]"}
RESULT: {"using":"xpath","value":"//div[contains (text(), \"gcp-estimate@cloudpricingcalculator.appspotmail.com\")]"}
COMMAND: POST /session/27b94183b1b4d6a8468feb68bbe38fb5/element/d4474ed3-3d75-49c6-8573-9c4b928e166e/click - {}
RESULT: {}
COMMAND: POST /session/27b94183b1b4d6a8468feb68bbe38fb5/element - {"using":"xpath","value":"//iframe[@class = \"w-full flex flex-grow min-h-tm-groot-iframe\"]"}
RESULT: {"using":"xpath","value":"//iframe[@class = \"w-full flex flex-grow min-h-tm-groot-iframe\"]"}
COMMAND: POST /session/27b94183b1b4d6a8468feb68bbe38fb5/execute/sync - {"script":"return (function isElementDisplayed(element) {\n    function nodeIsElement(node) {\n        if (!node) {\n            return false;\n        }\n        switch (node.nodeType) {\n            case Node.ELEMEN ... (7807 more bytes)","args":[{"element-6066-11e4-a52e-4f735466cecf":"4a881df3-cc5a-4fe9-82c8-4e7f7f37a3de","ELEMENT":"4a881df3-cc5a-4fe9-82c8-4e7f7f37a3de"}]}
RESULT: {"script":"return (function isElementDisplayed(element) {\n    function nodeIsElement(node) {\n        if (!node) {\n            return false;\n        }\n        switch (node.nodeType) {\n            case Node.ELEMEN ... (7807 more bytes)","args":[{"element-6066-11e4-a52e-4f735466cecf":"4a881df3-cc5a-4fe9-82c8-4e7f7f37a3de","ELEMENT":"4a881df3-cc5a-4fe9-82c8-4e7f7f37a3de"}]}
COMMAND: POST /session/27b94183b1b4d6a8468feb68bbe38fb5/element - {"using":"xpath","value":"//iframe[@class = \"w-full flex flex-grow min-h-tm-groot-iframe\"]"}
RESULT: {"using":"xpath","value":"//iframe[@class = \"w-full flex flex-grow min-h-tm-groot-iframe\"]"}
COMMAND: POST /session/27b94183b1b4d6a8468feb68bbe38fb5/frame - {"id":{"sessionId":"27b94183b1b4d6a8468feb68bbe38fb5","elementId":"4a881df3-cc5a-4fe9-82c8-4e7f7f37a3de","element-6066-11e4-a52e-4f735466cecf":"4a881df3-cc5a-4fe9-82c8-4e7f7f37a3de","selector":"//iframe[@class = \"w-full flex flex-grow min-h-tm-groot-iframe\"]","parent":{"capabilities":{"acceptInsecureCerts":true,"browserName":"chrome","browserVersion":"111.0.5563.65","chrome":{"chromedriverVersion":"110.0.5481.77 (65ed616c6e8ee3fe0ad64fe83796c020644d42af-refs/branch-heads/5481@{#839})","userDataDir":"C:\\Users\\E3RA\\AppData\\Local\\Temp\\scoped_dir1712_1102431920"},"goog:chromeOptions":{"debuggerAddress":"localhost:56227"},"networkConnectionEnabled":false,"pageLoadStrategy":"normal","platformName":"windows","proxy":{},"setWindowRect":true,"_":"6 more keys: [\"strictFileInteractability\",\"timeouts\",\"unhandledPromptBehavior\",\"webauthn:extension:credBlob\",\"webauthn:extension:largeBlob\",\"webauthn:virtualAuthenticators\"]"}},"isReactElement":false}}
RESULT: {"id":{"sessionId":"27b94183b1b4d6a8468feb68bbe38fb5","elementId":"4a881df3-cc5a-4fe9-82c8-4e7f7f37a3de","element-6066-11e4-a52e-4f735466cecf":"4a881df3-cc5a-4fe9-82c8-4e7f7f37a3de","selector":"//iframe[@class = \"w-full flex flex-grow min-h-tm-groot-iframe\"]","parent":{"capabilities":{"acceptInsecureCerts":true,"browserName":"chrome","browserVersion":"111.0.5563.65","chrome":{"chromedriverVersion":"110.0.5481.77 (65ed616c6e8ee3fe0ad64fe83796c020644d42af-refs/branch-heads/5481@{#839})","userDataDir":"C:\\Users\\E3RA\\AppData\\Local\\Temp\\scoped_dir1712_1102431920"},"goog:chromeOptions":{"debuggerAddress":"localhost:56227"},"networkConnectionEnabled":false,"pageLoadStrategy":"normal","platformName":"windows","proxy":{},"setWindowRect":true,"_":"6 more keys: [\"strictFileInteractability\",\"timeouts\",\"unhandledPromptBehavior\",\"webauthn:extension:credBlob\",\"webauthn:extension:largeBlob\",\"webauthn:virtualAuthenticators\"]"}},"isReactElement":false}}
COMMAND: POST /session/27b94183b1b4d6a8468feb68bbe38fb5/element - {"using":"xpath","value":"//table[@class=\"quote\"]"}
RESULT: {"using":"xpath","value":"//table[@class=\"quote\"]"}
COMMAND: POST /session/27b94183b1b4d6a8468feb68bbe38fb5/execute/sync - {"script":"return (function isElementDisplayed(element) {\n    function nodeIsElement(node) {\n        if (!node) {\n            return false;\n        }\n        switch (node.nodeType) {\n            case Node.ELEMEN ... (7807 more bytes)","args":[{"element-6066-11e4-a52e-4f735466cecf":"59ed92cb-a409-4f07-9843-1b58805bb938","ELEMENT":"59ed92cb-a409-4f07-9843-1b58805bb938"}]}
RESULT: {"script":"return (function isElementDisplayed(element) {\n    function nodeIsElement(node) {\n        if (!node) {\n            return false;\n        }\n        switch (node.nodeType) {\n            case Node.ELEMEN ... (7807 more bytes)","args":[{"element-6066-11e4-a52e-4f735466cecf":"59ed92cb-a409-4f07-9843-1b58805bb938","ELEMENT":"59ed92cb-a409-4f07-9843-1b58805bb938"}]}
COMMAND: POST /session/27b94183b1b4d6a8468feb68bbe38fb5/element - {"using":"xpath","value":"//table[@class=\"quote\"]"}
RESULT: {"using":"xpath","value":"//table[@class=\"quote\"]"}
COMMAND: GET /session/27b94183b1b4d6a8468feb68bbe38fb5/element/59ed92cb-a409-4f07-9843-1b58805bb938/text - {}
RESULT: {}
COMMAND: POST /session/27b94183b1b4d6a8468feb68bbe38fb5/frame/parent - {}
RESULT: {}
COMMAND: DELETE /session/27b94183b1b4d6a8468feb68bbe38fb5 - {}
RESULT: {}
]]></system-out>
    </testcase>
  </testsuite>
</testsuites>