<?xml version="1.0" encoding="UTF-8"?>
<testsuites>
  <testsuite name="Test suite" timestamp="2023-03-11T01:15:57" time="28.929" tests="2" failures="0" errors="0" skipped="0">
    <properties>
      <property name="specId" value="0"/>
      <property name="suiteName" value="Test suite"/>
      <property name="capabilities" value="chrome.111_0_5563_65.windows"/>
      <property name="file" value="file:///C:/Users/E3RA/Desktop/Epam_Test_2/test/specs/test.spec.js"/>
    </properties>
    <testcase classname="chrome.111_0_5563_65.windows.Test_suite" name="Hurt Me Plenty" time="16.437">
      <system-out><![CDATA[
COMMAND: POST /session/b3e737c696cff63c726e7b24ed4abc32/window/maximize - {}
COMMAND: POST /session/b3e737c696cff63c726e7b24ed4abc32/url - {"url":"https://cloud.google.com/"}
RESULT: {}
RESULT: {"url":"https://cloud.google.com/"}
COMMAND: POST /session/b3e737c696cff63c726e7b24ed4abc32/element - {"using":"xpath","value":"//input[@class = \"devsite-search-field devsite-search-query\"]"}
RESULT: {"using":"xpath","value":"//input[@class = \"devsite-search-field devsite-search-query\"]"}
COMMAND: POST /session/b3e737c696cff63c726e7b24ed4abc32/element/5baef562-5f42-4c96-8abf-c6c606ba723c/clear - {}
RESULT: {}
COMMAND: POST /session/b3e737c696cff63c726e7b24ed4abc32/element/5baef562-5f42-4c96-8abf-c6c606ba723c/value - {"text":"Google Cloud Platform Pricing Calculator"}
RESULT: {"text":"Google Cloud Platform Pricing Calculator"}
COMMAND: POST /session/b3e737c696cff63c726e7b24ed4abc32/element - {"using":"xpath","value":"//a[@data-ctorig = \"https://cloud.google.com/products/calculator\"]"}
RESULT: {"using":"xpath","value":"//a[@data-ctorig = \"https://cloud.google.com/products/calculator\"]"}
COMMAND: POST /session/b3e737c696cff63c726e7b24ed4abc32/elements - {"using":"xpath","value":"//a[@data-ctorig = \"https://cloud.google.com/products/calculator\"]"}
RESULT: {"using":"xpath","value":"//a[@data-ctorig = \"https://cloud.google.com/products/calculator\"]"}
COMMAND: POST /session/b3e737c696cff63c726e7b24ed4abc32/elements - {"using":"xpath","value":"//a[@data-ctorig = \"https://cloud.google.com/products/calculator\"]"}
RESULT: {"using":"xpath","value":"//a[@data-ctorig = \"https://cloud.google.com/products/calculator\"]"}
COMMAND: POST /session/b3e737c696cff63c726e7b24ed4abc32/elements - {"using":"xpath","value":"//a[@data-ctorig = \"https://cloud.google.com/products/calculator\"]"}
RESULT: {"using":"xpath","value":"//a[@data-ctorig = \"https://cloud.google.com/products/calculator\"]"}
COMMAND: POST /session/b3e737c696cff63c726e7b24ed4abc32/elements - {"using":"xpath","value":"//a[@data-ctorig = \"https://cloud.google.com/products/calculator\"]"}
RESULT: {"using":"xpath","value":"//a[@data-ctorig = \"https://cloud.google.com/products/calculator\"]"}
COMMAND: POST /session/b3e737c696cff63c726e7b24ed4abc32/elements - {"using":"xpath","value":"//a[@data-ctorig = \"https://cloud.google.com/products/calculator\"]"}
RESULT: {"using":"xpath","value":"//a[@data-ctorig = \"https://cloud.google.com/products/calculator\"]"}
COMMAND: POST /session/b3e737c696cff63c726e7b24ed4abc32/element - {"using":"xpath","value":"//a[@data-ctorig = \"https://cloud.google.com/products/calculator\"]"}
RESULT: {"using":"xpath","value":"//a[@data-ctorig = \"https://cloud.google.com/products/calculator\"]"}
COMMAND: POST /session/b3e737c696cff63c726e7b24ed4abc32/element/b731fabb-4749-4efd-9dc5-25370d31d341/click - {}
RESULT: {}
COMMAND: GET /session/b3e737c696cff63c726e7b24ed4abc32/title - {}
RESULT: {}
COMMAND: POST /session/b3e737c696cff63c726e7b24ed4abc32/element - {"using":"css selector","value":"#cloud-site  iframe"}
RESULT: {"using":"css selector","value":"#cloud-site  iframe"}
COMMAND: POST /session/b3e737c696cff63c726e7b24ed4abc32/execute/sync - {"script":"return (function isElementDisplayed(element) {\n    function nodeIsElement(node) {\n        if (!node) {\n            return false;\n        }\n        switch (node.nodeType) {\n            case Node.ELEMEN ... (7807 more bytes)","args":[{"element-6066-11e4-a52e-4f735466cecf":"614b3c06-e002-4067-af74-d5f30bac6a1a","ELEMENT":"614b3c06-e002-4067-af74-d5f30bac6a1a"}]}
RESULT: {"script":"return (function isElementDisplayed(element) {\n    function nodeIsElement(node) {\n        if (!node) {\n            return false;\n        }\n        switch (node.nodeType) {\n            case Node.ELEMEN ... (7807 more bytes)","args":[{"element-6066-11e4-a52e-4f735466cecf":"614b3c06-e002-4067-af74-d5f30bac6a1a","ELEMENT":"614b3c06-e002-4067-af74-d5f30bac6a1a"}]}
COMMAND: POST /session/b3e737c696cff63c726e7b24ed4abc32/element - {"using":"css selector","value":"#cloud-site  iframe"}
RESULT: {"using":"css selector","value":"#cloud-site  iframe"}
COMMAND: POST /session/b3e737c696cff63c726e7b24ed4abc32/frame - {"id":{"sessionId":"b3e737c696cff63c726e7b24ed4abc32","elementId":"614b3c06-e002-4067-af74-d5f30bac6a1a","element-6066-11e4-a52e-4f735466cecf":"614b3c06-e002-4067-af74-d5f30bac6a1a","selector":"#cloud-site  iframe","parent":{"capabilities":{"acceptInsecureCerts":true,"browserName":"chrome","browserVersion":"111.0.5563.65","chrome":{"chromedriverVersion":"110.0.5481.77 (65ed616c6e8ee3fe0ad64fe83796c020644d42af-refs/branch-heads/5481@{#839})","userDataDir":"C:\\Users\\E3RA\\AppData\\Local\\Temp\\scoped_dir9704_780948093"},"goog:chromeOptions":{"debuggerAddress":"localhost:59619"},"networkConnectionEnabled":false,"pageLoadStrategy":"normal","platformName":"windows","proxy":{},"setWindowRect":true,"_":"6 more keys: [\"strictFileInteractability\",\"timeouts\",\"unhandledPromptBehavior\",\"webauthn:extension:credBlob\",\"webauthn:extension:largeBlob\",\"webauthn:virtualAuthenticators\"]"}},"isReactElement":false}}
RESULT: {"id":{"sessionId":"b3e737c696cff63c726e7b24ed4abc32","elementId":"614b3c06-e002-4067-af74-d5f30bac6a1a","element-6066-11e4-a52e-4f735466cecf":"614b3c06-e002-4067-af74-d5f30bac6a1a","selector":"#cloud-site  iframe","parent":{"capabilities":{"acceptInsecureCerts":true,"browserName":"chrome","browserVersion":"111.0.5563.65","chrome":{"chromedriverVersion":"110.0.5481.77 (65ed616c6e8ee3fe0ad64fe83796c020644d42af-refs/branch-heads/5481@{#839})","userDataDir":"C:\\Users\\E3RA\\AppData\\Local\\Temp\\scoped_dir9704_780948093"},"goog:chromeOptions":{"debuggerAddress":"localhost:59619"},"networkConnectionEnabled":false,"pageLoadStrategy":"normal","platformName":"windows","proxy":{},"setWindowRect":true,"_":"6 more keys: [\"strictFileInteractability\",\"timeouts\",\"unhandledPromptBehavior\",\"webauthn:extension:credBlob\",\"webauthn:extension:largeBlob\",\"webauthn:virtualAuthenticators\"]"}},"isReactElement":false}}
COMMAND: POST /session/b3e737c696cff63c726e7b24ed4abc32/element - {"using":"css selector","value":"#myFrame"}
RESULT: {"using":"css selector","value":"#myFrame"}
COMMAND: POST /session/b3e737c696cff63c726e7b24ed4abc32/execute/sync - {"script":"return (function isElementDisplayed(element) {\n    function nodeIsElement(node) {\n        if (!node) {\n            return false;\n        }\n        switch (node.nodeType) {\n            case Node.ELEMEN ... (7807 more bytes)","args":[{"element-6066-11e4-a52e-4f735466cecf":"64cce7ed-cc39-441b-8b0d-c41678ebd6e4","ELEMENT":"64cce7ed-cc39-441b-8b0d-c41678ebd6e4"}]}
RESULT: {"script":"return (function isElementDisplayed(element) {\n    function nodeIsElement(node) {\n        if (!node) {\n            return false;\n        }\n        switch (node.nodeType) {\n            case Node.ELEMEN ... (7807 more bytes)","args":[{"element-6066-11e4-a52e-4f735466cecf":"64cce7ed-cc39-441b-8b0d-c41678ebd6e4","ELEMENT":"64cce7ed-cc39-441b-8b0d-c41678ebd6e4"}]}
COMMAND: POST /session/b3e737c696cff63c726e7b24ed4abc32/element - {"using":"css selector","value":"#myFrame"}
RESULT: {"using":"css selector","value":"#myFrame"}
COMMAND: POST /session/b3e737c696cff63c726e7b24ed4abc32/frame - {"id":{"sessionId":"b3e737c696cff63c726e7b24ed4abc32","elementId":"64cce7ed-cc39-441b-8b0d-c41678ebd6e4","element-6066-11e4-a52e-4f735466cecf":"64cce7ed-cc39-441b-8b0d-c41678ebd6e4","selector":"#myFrame","parent":{"capabilities":{"acceptInsecureCerts":true,"browserName":"chrome","browserVersion":"111.0.5563.65","chrome":{"chromedriverVersion":"110.0.5481.77 (65ed616c6e8ee3fe0ad64fe83796c020644d42af-refs/branch-heads/5481@{#839})","userDataDir":"C:\\Users\\E3RA\\AppData\\Local\\Temp\\scoped_dir9704_780948093"},"goog:chromeOptions":{"debuggerAddress":"localhost:59619"},"networkConnectionEnabled":false,"pageLoadStrategy":"normal","platformName":"windows","proxy":{},"setWindowRect":true,"_":"6 more keys: [\"strictFileInteractability\",\"timeouts\",\"unhandledPromptBehavior\",\"webauthn:extension:credBlob\",\"webauthn:extension:largeBlob\",\"webauthn:virtualAuthenticators\"]"}},"isReactElement":false}}
RESULT: {"id":{"sessionId":"b3e737c696cff63c726e7b24ed4abc32","elementId":"64cce7ed-cc39-441b-8b0d-c41678ebd6e4","element-6066-11e4-a52e-4f735466cecf":"64cce7ed-cc39-441b-8b0d-c41678ebd6e4","selector":"#myFrame","parent":{"capabilities":{"acceptInsecureCerts":true,"browserName":"chrome","browserVersion":"111.0.5563.65","chrome":{"chromedriverVersion":"110.0.5481.77 (65ed616c6e8ee3fe0ad64fe83796c020644d42af-refs/branch-heads/5481@{#839})","userDataDir":"C:\\Users\\E3RA\\AppData\\Local\\Temp\\scoped_dir9704_780948093"},"goog:chromeOptions":{"debuggerAddress":"localhost:59619"},"networkConnectionEnabled":false,"pageLoadStrategy":"normal","platformName":"windows","proxy":{},"setWindowRect":true,"_":"6 more keys: [\"strictFileInteractability\",\"timeouts\",\"unhandledPromptBehavior\",\"webauthn:extension:credBlob\",\"webauthn:extension:largeBlob\",\"webauthn:virtualAuthenticators\"]"}},"isReactElement":false}}
COMMAND: POST /session/b3e737c696cff63c726e7b24ed4abc32/element - {"using":"css selector","value":"#input_93"}
RESULT: {"using":"css selector","value":"#input_93"}
COMMAND: POST /session/b3e737c696cff63c726e7b24ed4abc32/element/41d4fe68-3ae9-4cf8-97c9-4bae24c2b60b/click - {}
RESULT: {}
COMMAND: POST /session/b3e737c696cff63c726e7b24ed4abc32/element - {"using":"css selector","value":"#input_93"}
RESULT: {"using":"css selector","value":"#input_93"}
COMMAND: POST /session/b3e737c696cff63c726e7b24ed4abc32/element/41d4fe68-3ae9-4cf8-97c9-4bae24c2b60b/clear - {}
RESULT: {}
COMMAND: POST /session/b3e737c696cff63c726e7b24ed4abc32/element/41d4fe68-3ae9-4cf8-97c9-4bae24c2b60b/value - {"text":"4"}
RESULT: {"text":"4"}
COMMAND: POST /session/b3e737c696cff63c726e7b24ed4abc32/element - {"using":"css selector","value":"#select_value_label_88"}
RESULT: {"using":"css selector","value":"#select_value_label_88"}
COMMAND: POST /session/b3e737c696cff63c726e7b24ed4abc32/element/2f7e83fc-18a3-4d20-86dc-2384ab0245d8/click - {}
RESULT: {}
COMMAND: POST /session/b3e737c696cff63c726e7b24ed4abc32/element - {"using":"xpath","value":"//div[contains (text(), \"N1\")]"}
RESULT: {"using":"xpath","value":"//div[contains (text(), \"N1\")]"}
COMMAND: POST /session/b3e737c696cff63c726e7b24ed4abc32/execute/sync - {"script":"return (function isElementDisplayed(element) {\n    function nodeIsElement(node) {\n        if (!node) {\n            return false;\n        }\n        switch (node.nodeType) {\n            case Node.ELEMEN ... (7807 more bytes)","args":[{"element-6066-11e4-a52e-4f735466cecf":"a1142204-a1c4-45ee-96ed-e4977a9e819b","ELEMENT":"a1142204-a1c4-45ee-96ed-e4977a9e819b"}]}
RESULT: {"script":"return (function isElementDisplayed(element) {\n    function nodeIsElement(node) {\n        if (!node) {\n            return false;\n        }\n        switch (node.nodeType) {\n            case Node.ELEMEN ... (7807 more bytes)","args":[{"element-6066-11e4-a52e-4f735466cecf":"a1142204-a1c4-45ee-96ed-e4977a9e819b","ELEMENT":"a1142204-a1c4-45ee-96ed-e4977a9e819b"}]}
COMMAND: POST /session/b3e737c696cff63c726e7b24ed4abc32/execute/sync - {"script":"return (function isElementDisplayed(element) {\n    function nodeIsElement(node) {\n        if (!node) {\n            return false;\n        }\n        switch (node.nodeType) {\n            case Node.ELEMEN ... (7807 more bytes)","args":[{"element-6066-11e4-a52e-4f735466cecf":"a1142204-a1c4-45ee-96ed-e4977a9e819b","ELEMENT":"a1142204-a1c4-45ee-96ed-e4977a9e819b"}]}
RESULT: {"script":"return (function isElementDisplayed(element) {\n    function nodeIsElement(node) {\n        if (!node) {\n            return false;\n        }\n        switch (node.nodeType) {\n            case Node.ELEMEN ... (7807 more bytes)","args":[{"element-6066-11e4-a52e-4f735466cecf":"a1142204-a1c4-45ee-96ed-e4977a9e819b","ELEMENT":"a1142204-a1c4-45ee-96ed-e4977a9e819b"}]}
COMMAND: POST /session/b3e737c696cff63c726e7b24ed4abc32/element - {"using":"xpath","value":"//div[contains (text(), \"N1\")]"}
RESULT: {"using":"xpath","value":"//div[contains (text(), \"N1\")]"}
COMMAND: POST /session/b3e737c696cff63c726e7b24ed4abc32/element/a1142204-a1c4-45ee-96ed-e4977a9e819b/click - {}
RESULT: {}
COMMAND: POST /session/b3e737c696cff63c726e7b24ed4abc32/element - {"using":"css selector","value":"#select_value_label_89"}
RESULT: {"using":"css selector","value":"#select_value_label_89"}
COMMAND: POST /session/b3e737c696cff63c726e7b24ed4abc32/element/95717677-0d68-42f2-b51e-2b47ce4bbc09/click - {}
RESULT: {}
COMMAND: POST /session/b3e737c696cff63c726e7b24ed4abc32/element - {"using":"xpath","value":"//div[contains (text(), \"n1-standard-8 (vCPUs: 8, RAM: 30GB\")]"}
RESULT: {"using":"xpath","value":"//div[contains (text(), \"n1-standard-8 (vCPUs: 8, RAM: 30GB\")]"}
COMMAND: POST /session/b3e737c696cff63c726e7b24ed4abc32/elements - {"using":"xpath","value":"//div[contains (text(), \"n1-standard-8 (vCPUs: 8, RAM: 30GB\")]"}
RESULT: {"using":"xpath","value":"//div[contains (text(), \"n1-standard-8 (vCPUs: 8, RAM: 30GB\")]"}
COMMAND: POST /session/b3e737c696cff63c726e7b24ed4abc32/element - {"using":"xpath","value":"//div[contains (text(), \"n1-standard-8 (vCPUs: 8, RAM: 30GB\")]"}
RESULT: {"using":"xpath","value":"//div[contains (text(), \"n1-standard-8 (vCPUs: 8, RAM: 30GB\")]"}
COMMAND: POST /session/b3e737c696cff63c726e7b24ed4abc32/element/ca44ac6f-f5c4-4b15-a2bd-997934bb1722/click - {}
RESULT: {}
COMMAND: POST /session/b3e737c696cff63c726e7b24ed4abc32/element - {"using":"xpath","value":"//md-checkbox[@ng-disabled = \"!listingCtrl.isGpuOptionAvailable('computeServer')\"]"}
RESULT: {"using":"xpath","value":"//md-checkbox[@ng-disabled = \"!listingCtrl.isGpuOptionAvailable('computeServer')\"]"}
COMMAND: POST /session/b3e737c696cff63c726e7b24ed4abc32/element/5d9da8c2-709a-49ff-b8ca-03fb77153ead/click - {}
RESULT: {}
COMMAND: POST /session/b3e737c696cff63c726e7b24ed4abc32/element - {"using":"xpath","value":"//md-select[@placeholder =\"GPU type\"]"}
RESULT: {"using":"xpath","value":"//md-select[@placeholder =\"GPU type\"]"}
COMMAND: POST /session/b3e737c696cff63c726e7b24ed4abc32/execute/sync - {"script":"return (function isElementDisplayed(element) {\n    function nodeIsElement(node) {\n        if (!node) {\n            return false;\n        }\n        switch (node.nodeType) {\n            case Node.ELEMEN ... (7807 more bytes)","args":[{"element-6066-11e4-a52e-4f735466cecf":"c6cb72b1-e4b6-43f7-a686-6eb6fe842f4e","ELEMENT":"c6cb72b1-e4b6-43f7-a686-6eb6fe842f4e"}]}
RESULT: {"script":"return (function isElementDisplayed(element) {\n    function nodeIsElement(node) {\n        if (!node) {\n            return false;\n        }\n        switch (node.nodeType) {\n            case Node.ELEMEN ... (7807 more bytes)","args":[{"element-6066-11e4-a52e-4f735466cecf":"c6cb72b1-e4b6-43f7-a686-6eb6fe842f4e","ELEMENT":"c6cb72b1-e4b6-43f7-a686-6eb6fe842f4e"}]}
COMMAND: POST /session/b3e737c696cff63c726e7b24ed4abc32/element - {"using":"xpath","value":"//md-select[@placeholder = \"Number of GPUs\"]"}
RESULT: {"using":"xpath","value":"//md-select[@placeholder = \"Number of GPUs\"]"}
COMMAND: POST /session/b3e737c696cff63c726e7b24ed4abc32/execute/sync - {"script":"return (function isElementDisplayed(element) {\n    function nodeIsElement(node) {\n        if (!node) {\n            return false;\n        }\n        switch (node.nodeType) {\n            case Node.ELEMEN ... (7807 more bytes)","args":[{"element-6066-11e4-a52e-4f735466cecf":"0729a938-ac34-428d-b8f3-d78b95292330","ELEMENT":"0729a938-ac34-428d-b8f3-d78b95292330"}]}
RESULT: {"script":"return (function isElementDisplayed(element) {\n    function nodeIsElement(node) {\n        if (!node) {\n            return false;\n        }\n        switch (node.nodeType) {\n            case Node.ELEMEN ... (7807 more bytes)","args":[{"element-6066-11e4-a52e-4f735466cecf":"0729a938-ac34-428d-b8f3-d78b95292330","ELEMENT":"0729a938-ac34-428d-b8f3-d78b95292330"}]}
COMMAND: POST /session/b3e737c696cff63c726e7b24ed4abc32/element - {"using":"xpath","value":"//md-select[@placeholder =\"GPU type\"]"}
RESULT: {"using":"xpath","value":"//md-select[@placeholder =\"GPU type\"]"}
COMMAND: POST /session/b3e737c696cff63c726e7b24ed4abc32/element/c6cb72b1-e4b6-43f7-a686-6eb6fe842f4e/click - {}
RESULT: {}
COMMAND: POST /session/b3e737c696cff63c726e7b24ed4abc32/element - {"using":"xpath","value":"//div[contains (text(), \"NVIDIA Tesla V100\")]"}
RESULT: {"using":"xpath","value":"//div[contains (text(), \"NVIDIA Tesla V100\")]"}
COMMAND: POST /session/b3e737c696cff63c726e7b24ed4abc32/execute/sync - {"script":"return (function isElementDisplayed(element) {\n    function nodeIsElement(node) {\n        if (!node) {\n            return false;\n        }\n        switch (node.nodeType) {\n            case Node.ELEMEN ... (7807 more bytes)","args":[{"element-6066-11e4-a52e-4f735466cecf":"68c8a605-cb35-4a35-9f8c-5959bdabca13","ELEMENT":"68c8a605-cb35-4a35-9f8c-5959bdabca13"}]}
RESULT: {"script":"return (function isElementDisplayed(element) {\n    function nodeIsElement(node) {\n        if (!node) {\n            return false;\n        }\n        switch (node.nodeType) {\n            case Node.ELEMEN ... (7807 more bytes)","args":[{"element-6066-11e4-a52e-4f735466cecf":"68c8a605-cb35-4a35-9f8c-5959bdabca13","ELEMENT":"68c8a605-cb35-4a35-9f8c-5959bdabca13"}]}
COMMAND: POST /session/b3e737c696cff63c726e7b24ed4abc32/execute/sync - {"script":"return (function isElementDisplayed(element) {\n    function nodeIsElement(node) {\n        if (!node) {\n            return false;\n        }\n        switch (node.nodeType) {\n            case Node.ELEMEN ... (7807 more bytes)","args":[{"element-6066-11e4-a52e-4f735466cecf":"68c8a605-cb35-4a35-9f8c-5959bdabca13","ELEMENT":"68c8a605-cb35-4a35-9f8c-5959bdabca13"}]}
RESULT: {"script":"return (function isElementDisplayed(element) {\n    function nodeIsElement(node) {\n        if (!node) {\n            return false;\n        }\n        switch (node.nodeType) {\n            case Node.ELEMEN ... (7807 more bytes)","args":[{"element-6066-11e4-a52e-4f735466cecf":"68c8a605-cb35-4a35-9f8c-5959bdabca13","ELEMENT":"68c8a605-cb35-4a35-9f8c-5959bdabca13"}]}
COMMAND: POST /session/b3e737c696cff63c726e7b24ed4abc32/element - {"using":"xpath","value":"//div[contains (text(), \"NVIDIA Tesla V100\")]"}
RESULT: {"using":"xpath","value":"//div[contains (text(), \"NVIDIA Tesla V100\")]"}
COMMAND: POST /session/b3e737c696cff63c726e7b24ed4abc32/element/68c8a605-cb35-4a35-9f8c-5959bdabca13/click - {}
RESULT: {}
COMMAND: POST /session/b3e737c696cff63c726e7b24ed4abc32/element - {"using":"xpath","value":"//md-select[@placeholder = \"Number of GPUs\"]"}
RESULT: {"using":"xpath","value":"//md-select[@placeholder = \"Number of GPUs\"]"}
COMMAND: POST /session/b3e737c696cff63c726e7b24ed4abc32/element/0729a938-ac34-428d-b8f3-d78b95292330/click - {}
RESULT: {}
COMMAND: POST /session/b3e737c696cff63c726e7b24ed4abc32/element - {"using":"xpath","value":"//md-option[@ng-disabled=\"item.value != 0 && item.value < listingCtrl.minGPU\"][@value = \"1\"]"}
RESULT: {"using":"xpath","value":"//md-option[@ng-disabled=\"item.value != 0 && item.value < listingCtrl.minGPU\"][@value = \"1\"]"}
COMMAND: POST /session/b3e737c696cff63c726e7b24ed4abc32/execute/sync - {"script":"return (function isElementDisplayed(element) {\n    function nodeIsElement(node) {\n        if (!node) {\n            return false;\n        }\n        switch (node.nodeType) {\n            case Node.ELEMEN ... (7807 more bytes)","args":[{"element-6066-11e4-a52e-4f735466cecf":"aa27ca75-63ee-4a4f-9cf7-a13803423f7c","ELEMENT":"aa27ca75-63ee-4a4f-9cf7-a13803423f7c"}]}
RESULT: {"script":"return (function isElementDisplayed(element) {\n    function nodeIsElement(node) {\n        if (!node) {\n            return false;\n        }\n        switch (node.nodeType) {\n            case Node.ELEMEN ... (7807 more bytes)","args":[{"element-6066-11e4-a52e-4f735466cecf":"aa27ca75-63ee-4a4f-9cf7-a13803423f7c","ELEMENT":"aa27ca75-63ee-4a4f-9cf7-a13803423f7c"}]}
COMMAND: POST /session/b3e737c696cff63c726e7b24ed4abc32/execute/sync - {"script":"return (function isElementDisplayed(element) {\n    function nodeIsElement(node) {\n        if (!node) {\n            return false;\n        }\n        switch (node.nodeType) {\n            case Node.ELEMEN ... (7807 more bytes)","args":[{"element-6066-11e4-a52e-4f735466cecf":"aa27ca75-63ee-4a4f-9cf7-a13803423f7c","ELEMENT":"aa27ca75-63ee-4a4f-9cf7-a13803423f7c"}]}
RESULT: {"script":"return (function isElementDisplayed(element) {\n    function nodeIsElement(node) {\n        if (!node) {\n            return false;\n        }\n        switch (node.nodeType) {\n            case Node.ELEMEN ... (7807 more bytes)","args":[{"element-6066-11e4-a52e-4f735466cecf":"aa27ca75-63ee-4a4f-9cf7-a13803423f7c","ELEMENT":"aa27ca75-63ee-4a4f-9cf7-a13803423f7c"}]}
COMMAND: POST /session/b3e737c696cff63c726e7b24ed4abc32/element - {"using":"xpath","value":"//md-option[@ng-disabled=\"item.value != 0 && item.value < listingCtrl.minGPU\"][@value = \"1\"]"}
RESULT: {"using":"xpath","value":"//md-option[@ng-disabled=\"item.value != 0 && item.value < listingCtrl.minGPU\"][@value = \"1\"]"}
COMMAND: POST /session/b3e737c696cff63c726e7b24ed4abc32/element/aa27ca75-63ee-4a4f-9cf7-a13803423f7c/click - {}
RESULT: {}
COMMAND: POST /session/b3e737c696cff63c726e7b24ed4abc32/element - {"using":"xpath","value":"//md-select[@ng-model = \"listingCtrl.computeServer.ssd\"]"}
RESULT: {"using":"xpath","value":"//md-select[@ng-model = \"listingCtrl.computeServer.ssd\"]"}
COMMAND: POST /session/b3e737c696cff63c726e7b24ed4abc32/element/90d575da-b877-4626-be80-82428a7859c8/click - {}
RESULT: {}
COMMAND: POST /session/b3e737c696cff63c726e7b24ed4abc32/element - {"using":"xpath","value":"//div[contains(text(), \"2x375 GB\")]"}
RESULT: {"using":"xpath","value":"//div[contains(text(), \"2x375 GB\")]"}
COMMAND: POST /session/b3e737c696cff63c726e7b24ed4abc32/execute/sync - {"script":"return (function isElementDisplayed(element) {\n    function nodeIsElement(node) {\n        if (!node) {\n            return false;\n        }\n        switch (node.nodeType) {\n            case Node.ELEMEN ... (7807 more bytes)","args":[{"element-6066-11e4-a52e-4f735466cecf":"9ec1cdab-fd61-457f-a98e-b82529b307ef","ELEMENT":"9ec1cdab-fd61-457f-a98e-b82529b307ef"}]}
RESULT: {"script":"return (function isElementDisplayed(element) {\n    function nodeIsElement(node) {\n        if (!node) {\n            return false;\n        }\n        switch (node.nodeType) {\n            case Node.ELEMEN ... (7807 more bytes)","args":[{"element-6066-11e4-a52e-4f735466cecf":"9ec1cdab-fd61-457f-a98e-b82529b307ef","ELEMENT":"9ec1cdab-fd61-457f-a98e-b82529b307ef"}]}
COMMAND: POST /session/b3e737c696cff63c726e7b24ed4abc32/execute/sync - {"script":"return (function isElementDisplayed(element) {\n    function nodeIsElement(node) {\n        if (!node) {\n            return false;\n        }\n        switch (node.nodeType) {\n            case Node.ELEMEN ... (7807 more bytes)","args":[{"element-6066-11e4-a52e-4f735466cecf":"9ec1cdab-fd61-457f-a98e-b82529b307ef","ELEMENT":"9ec1cdab-fd61-457f-a98e-b82529b307ef"}]}
RESULT: {"script":"return (function isElementDisplayed(element) {\n    function nodeIsElement(node) {\n        if (!node) {\n            return false;\n        }\n        switch (node.nodeType) {\n            case Node.ELEMEN ... (7807 more bytes)","args":[{"element-6066-11e4-a52e-4f735466cecf":"9ec1cdab-fd61-457f-a98e-b82529b307ef","ELEMENT":"9ec1cdab-fd61-457f-a98e-b82529b307ef"}]}
COMMAND: POST /session/b3e737c696cff63c726e7b24ed4abc32/element - {"using":"xpath","value":"//div[contains(text(), \"2x375 GB\")]"}
RESULT: {"using":"xpath","value":"//div[contains(text(), \"2x375 GB\")]"}
COMMAND: POST /session/b3e737c696cff63c726e7b24ed4abc32/element/9ec1cdab-fd61-457f-a98e-b82529b307ef/click - {}
RESULT: {}
COMMAND: POST /session/b3e737c696cff63c726e7b24ed4abc32/element - {"using":"xpath","value":"//md-select[@ng-model = \"listingCtrl.computeServer.location\"]"}
RESULT: {"using":"xpath","value":"//md-select[@ng-model = \"listingCtrl.computeServer.location\"]"}
COMMAND: POST /session/b3e737c696cff63c726e7b24ed4abc32/element/a23e2f19-b902-4230-b0e8-1e850c052585/click - {}
RESULT: {}
COMMAND: POST /session/b3e737c696cff63c726e7b24ed4abc32/element - {"using":"xpath","value":"//md-option[@id=\"select_option_231\"]"}
RESULT: {"using":"xpath","value":"//md-option[@id=\"select_option_231\"]"}
COMMAND: POST /session/b3e737c696cff63c726e7b24ed4abc32/execute/sync - {"script":"return (function isElementDisplayed(element) {\n    function nodeIsElement(node) {\n        if (!node) {\n            return false;\n        }\n        switch (node.nodeType) {\n            case Node.ELEMEN ... (7807 more bytes)","args":[{"element-6066-11e4-a52e-4f735466cecf":"98df9350-26e5-425e-aa62-c6c0bfe1aa29","ELEMENT":"98df9350-26e5-425e-aa62-c6c0bfe1aa29"}]}
RESULT: {"script":"return (function isElementDisplayed(element) {\n    function nodeIsElement(node) {\n        if (!node) {\n            return false;\n        }\n        switch (node.nodeType) {\n            case Node.ELEMEN ... (7807 more bytes)","args":[{"element-6066-11e4-a52e-4f735466cecf":"98df9350-26e5-425e-aa62-c6c0bfe1aa29","ELEMENT":"98df9350-26e5-425e-aa62-c6c0bfe1aa29"}]}
COMMAND: POST /session/b3e737c696cff63c726e7b24ed4abc32/execute/sync - {"script":"return (function isElementDisplayed(element) {\n    function nodeIsElement(node) {\n        if (!node) {\n            return false;\n        }\n        switch (node.nodeType) {\n            case Node.ELEMEN ... (7807 more bytes)","args":[{"element-6066-11e4-a52e-4f735466cecf":"98df9350-26e5-425e-aa62-c6c0bfe1aa29","ELEMENT":"98df9350-26e5-425e-aa62-c6c0bfe1aa29"}]}
RESULT: {"script":"return (function isElementDisplayed(element) {\n    function nodeIsElement(node) {\n        if (!node) {\n            return false;\n        }\n        switch (node.nodeType) {\n            case Node.ELEMEN ... (7807 more bytes)","args":[{"element-6066-11e4-a52e-4f735466cecf":"98df9350-26e5-425e-aa62-c6c0bfe1aa29","ELEMENT":"98df9350-26e5-425e-aa62-c6c0bfe1aa29"}]}
COMMAND: POST /session/b3e737c696cff63c726e7b24ed4abc32/element - {"using":"xpath","value":"//md-option[@id=\"select_option_231\"]"}
RESULT: {"using":"xpath","value":"//md-option[@id=\"select_option_231\"]"}
COMMAND: POST /session/b3e737c696cff63c726e7b24ed4abc32/element/98df9350-26e5-425e-aa62-c6c0bfe1aa29/click - {}
RESULT: {}
COMMAND: POST /session/b3e737c696cff63c726e7b24ed4abc32/element - {"using":"xpath","value":"//md-select[@id=\"select_133\"]"}
RESULT: {"using":"xpath","value":"//md-select[@id=\"select_133\"]"}
COMMAND: POST /session/b3e737c696cff63c726e7b24ed4abc32/element/5bdacf92-2e20-4e0e-903a-df41ef4284f9/click - {}
RESULT: {}
COMMAND: POST /session/b3e737c696cff63c726e7b24ed4abc32/element - {"using":"xpath","value":"//md-option[@id = \"select_option_131\"]"}
RESULT: {"using":"xpath","value":"//md-option[@id = \"select_option_131\"]"}
COMMAND: POST /session/b3e737c696cff63c726e7b24ed4abc32/execute/sync - {"script":"return (function isElementDisplayed(element) {\n    function nodeIsElement(node) {\n        if (!node) {\n            return false;\n        }\n        switch (node.nodeType) {\n            case Node.ELEMEN ... (7807 more bytes)","args":[{"element-6066-11e4-a52e-4f735466cecf":"7a79d28b-fbc9-4e84-8256-a0a421d8a8a6","ELEMENT":"7a79d28b-fbc9-4e84-8256-a0a421d8a8a6"}]}
RESULT: {"script":"return (function isElementDisplayed(element) {\n    function nodeIsElement(node) {\n        if (!node) {\n            return false;\n        }\n        switch (node.nodeType) {\n            case Node.ELEMEN ... (7807 more bytes)","args":[{"element-6066-11e4-a52e-4f735466cecf":"7a79d28b-fbc9-4e84-8256-a0a421d8a8a6","ELEMENT":"7a79d28b-fbc9-4e84-8256-a0a421d8a8a6"}]}
COMMAND: POST /session/b3e737c696cff63c726e7b24ed4abc32/execute/sync - {"script":"return (function isElementDisplayed(element) {\n    function nodeIsElement(node) {\n        if (!node) {\n            return false;\n        }\n        switch (node.nodeType) {\n            case Node.ELEMEN ... (7807 more bytes)","args":[{"element-6066-11e4-a52e-4f735466cecf":"7a79d28b-fbc9-4e84-8256-a0a421d8a8a6","ELEMENT":"7a79d28b-fbc9-4e84-8256-a0a421d8a8a6"}]}
RESULT: {"script":"return (function isElementDisplayed(element) {\n    function nodeIsElement(node) {\n        if (!node) {\n            return false;\n        }\n        switch (node.nodeType) {\n            case Node.ELEMEN ... (7807 more bytes)","args":[{"element-6066-11e4-a52e-4f735466cecf":"7a79d28b-fbc9-4e84-8256-a0a421d8a8a6","ELEMENT":"7a79d28b-fbc9-4e84-8256-a0a421d8a8a6"}]}
COMMAND: POST /session/b3e737c696cff63c726e7b24ed4abc32/element - {"using":"xpath","value":"//md-option[@id = \"select_option_131\"]"}
RESULT: {"using":"xpath","value":"//md-option[@id = \"select_option_131\"]"}
COMMAND: POST /session/b3e737c696cff63c726e7b24ed4abc32/element/7a79d28b-fbc9-4e84-8256-a0a421d8a8a6/click - {}
RESULT: {}
COMMAND: POST /session/b3e737c696cff63c726e7b24ed4abc32/element - {"using":"xpath","value":"//button[@ng-click=\"listingCtrl.addComputeServer(ComputeEngineForm);\"]"}
RESULT: {"using":"xpath","value":"//button[@ng-click=\"listingCtrl.addComputeServer(ComputeEngineForm);\"]"}
COMMAND: POST /session/b3e737c696cff63c726e7b24ed4abc32/element/e98142ef-724a-4ace-9fac-278b7763e7d9/click - {}
RESULT: {}
COMMAND: POST /session/b3e737c696cff63c726e7b24ed4abc32/element - {"using":"xpath","value":"//md-card-content[@class = \"flex-sm-100 flex-gt-sm-40\"]"}
RESULT: {"using":"xpath","value":"//md-card-content[@class = \"flex-sm-100 flex-gt-sm-40\"]"}
COMMAND: POST /session/b3e737c696cff63c726e7b24ed4abc32/elements - {"using":"xpath","value":"//md-card-content[@class = \"flex-sm-100 flex-gt-sm-40\"]"}
RESULT: {"using":"xpath","value":"//md-card-content[@class = \"flex-sm-100 flex-gt-sm-40\"]"}
COMMAND: POST /session/b3e737c696cff63c726e7b24ed4abc32/element - {"using":"xpath","value":"//md-card-content[@class = \"flex-sm-100 flex-gt-sm-40\"]"}
RESULT: {"using":"xpath","value":"//md-card-content[@class = \"flex-sm-100 flex-gt-sm-40\"]"}
COMMAND: GET /session/b3e737c696cff63c726e7b24ed4abc32/element/5e65abf3-30aa-4465-ad2e-c96078956824/text - {}
RESULT: {}
COMMAND: POST /session/b3e737c696cff63c726e7b24ed4abc32/element - {"using":"xpath","value":"//md-card-content[@class = \"flex-sm-100 flex-gt-sm-40\"]"}
RESULT: {"using":"xpath","value":"//md-card-content[@class = \"flex-sm-100 flex-gt-sm-40\"]"}
COMMAND: GET /session/b3e737c696cff63c726e7b24ed4abc32/element/5e65abf3-30aa-4465-ad2e-c96078956824/text - {}
RESULT: {}
COMMAND: POST /session/b3e737c696cff63c726e7b24ed4abc32/element - {"using":"xpath","value":"//md-card-content[@class = \"flex-sm-100 flex-gt-sm-40\"]"}
RESULT: {"using":"xpath","value":"//md-card-content[@class = \"flex-sm-100 flex-gt-sm-40\"]"}
COMMAND: GET /session/b3e737c696cff63c726e7b24ed4abc32/element/5e65abf3-30aa-4465-ad2e-c96078956824/text - {}
RESULT: {}
COMMAND: POST /session/b3e737c696cff63c726e7b24ed4abc32/element - {"using":"xpath","value":"//md-card-content[@class = \"flex-sm-100 flex-gt-sm-40\"]"}
RESULT: {"using":"xpath","value":"//md-card-content[@class = \"flex-sm-100 flex-gt-sm-40\"]"}
COMMAND: GET /session/b3e737c696cff63c726e7b24ed4abc32/element/5e65abf3-30aa-4465-ad2e-c96078956824/text - {}
RESULT: {}
COMMAND: POST /session/b3e737c696cff63c726e7b24ed4abc32/element - {"using":"xpath","value":"//md-card-content[@class = \"flex-sm-100 flex-gt-sm-40\"]"}
RESULT: {"using":"xpath","value":"//md-card-content[@class = \"flex-sm-100 flex-gt-sm-40\"]"}
COMMAND: GET /session/b3e737c696cff63c726e7b24ed4abc32/element/5e65abf3-30aa-4465-ad2e-c96078956824/text - {}
RESULT: {}
COMMAND: POST /session/b3e737c696cff63c726e7b24ed4abc32/element - {"using":"xpath","value":"//md-card-content[@class = \"flex-sm-100 flex-gt-sm-40\"]"}
RESULT: {"using":"xpath","value":"//md-card-content[@class = \"flex-sm-100 flex-gt-sm-40\"]"}
COMMAND: GET /session/b3e737c696cff63c726e7b24ed4abc32/element/5e65abf3-30aa-4465-ad2e-c96078956824/text - {}
RESULT: {}
COMMAND: POST /session/b3e737c696cff63c726e7b24ed4abc32/element - {"using":"xpath","value":"//md-card-content[@class = \"flex-sm-100 flex-gt-sm-40\"]"}
RESULT: {"using":"xpath","value":"//md-card-content[@class = \"flex-sm-100 flex-gt-sm-40\"]"}
COMMAND: GET /session/b3e737c696cff63c726e7b24ed4abc32/element/5e65abf3-30aa-4465-ad2e-c96078956824/text - {}
RESULT: {}
]]></system-out>
    </testcase>
    <testcase classname="chrome.111_0_5563_65.windows.Test_suite" name="Hardcore" time="12.49">
      <system-out><![CDATA[
COMMAND: POST /session/b3e737c696cff63c726e7b24ed4abc32/window/maximize - {}
COMMAND: GET /session/b3e737c696cff63c726e7b24ed4abc32/window - {}
RESULT: {}
RESULT: {}
COMMAND: GET /session/b3e737c696cff63c726e7b24ed4abc32/window/handles - {}
RESULT: {}
COMMAND: POST /session/b3e737c696cff63c726e7b24ed4abc32/execute/sync - {"script":"return (function newWindow(url, windowName, windowFeatures) {\n    window.open(url, windowName || '', windowFeatures || '');\n}).apply(null, arguments)","args":["https://etempmail.net/10minutemail","",""]}
RESULT: {"script":"return (function newWindow(url, windowName, windowFeatures) {\n    window.open(url, windowName || '', windowFeatures || '');\n}).apply(null, arguments)","args":["https://etempmail.net/10minutemail","",""]}
COMMAND: GET /session/b3e737c696cff63c726e7b24ed4abc32/window/handles - {}
RESULT: {}
COMMAND: GET /session/b3e737c696cff63c726e7b24ed4abc32/window/handles - {}
RESULT: {}
COMMAND: POST /session/b3e737c696cff63c726e7b24ed4abc32/window - {"handle":"CDwindow-BF22CE07A2B844AC39203CCA83DCC82C"}
RESULT: {"handle":"CDwindow-BF22CE07A2B844AC39203CCA83DCC82C"}
COMMAND: POST /session/b3e737c696cff63c726e7b24ed4abc32/element - {"using":"xpath","value":"//div[@id = \"btn_copy\"]"}
RESULT: {"using":"xpath","value":"//div[@id = \"btn_copy\"]"}
COMMAND: POST /session/b3e737c696cff63c726e7b24ed4abc32/element/3b83d895-833a-43a3-86a4-1fb21d9fc02d/click - {}
RESULT: {}
COMMAND: GET /session/b3e737c696cff63c726e7b24ed4abc32/window - {}
RESULT: {}
COMMAND: POST /session/b3e737c696cff63c726e7b24ed4abc32/window - {"handle":"CDwindow-1F5EB1BD13FF3B904E107945B5788E76"}
RESULT: {"handle":"CDwindow-1F5EB1BD13FF3B904E107945B5788E76"}
COMMAND: POST /session/b3e737c696cff63c726e7b24ed4abc32/element - {"using":"css selector","value":"#cloud-site  iframe"}
RESULT: {"using":"css selector","value":"#cloud-site  iframe"}
COMMAND: POST /session/b3e737c696cff63c726e7b24ed4abc32/execute/sync - {"script":"return (function isElementDisplayed(element) {\n    function nodeIsElement(node) {\n        if (!node) {\n            return false;\n        }\n        switch (node.nodeType) {\n            case Node.ELEMEN ... (7807 more bytes)","args":[{"element-6066-11e4-a52e-4f735466cecf":"614b3c06-e002-4067-af74-d5f30bac6a1a","ELEMENT":"614b3c06-e002-4067-af74-d5f30bac6a1a"}]}
RESULT: {"script":"return (function isElementDisplayed(element) {\n    function nodeIsElement(node) {\n        if (!node) {\n            return false;\n        }\n        switch (node.nodeType) {\n            case Node.ELEMEN ... (7807 more bytes)","args":[{"element-6066-11e4-a52e-4f735466cecf":"614b3c06-e002-4067-af74-d5f30bac6a1a","ELEMENT":"614b3c06-e002-4067-af74-d5f30bac6a1a"}]}
COMMAND: POST /session/b3e737c696cff63c726e7b24ed4abc32/element - {"using":"css selector","value":"#cloud-site  iframe"}
RESULT: {"using":"css selector","value":"#cloud-site  iframe"}
COMMAND: POST /session/b3e737c696cff63c726e7b24ed4abc32/frame - {"id":{"sessionId":"b3e737c696cff63c726e7b24ed4abc32","elementId":"614b3c06-e002-4067-af74-d5f30bac6a1a","element-6066-11e4-a52e-4f735466cecf":"614b3c06-e002-4067-af74-d5f30bac6a1a","selector":"#cloud-site  iframe","parent":{"capabilities":{"acceptInsecureCerts":true,"browserName":"chrome","browserVersion":"111.0.5563.65","chrome":{"chromedriverVersion":"110.0.5481.77 (65ed616c6e8ee3fe0ad64fe83796c020644d42af-refs/branch-heads/5481@{#839})","userDataDir":"C:\\Users\\E3RA\\AppData\\Local\\Temp\\scoped_dir9704_780948093"},"goog:chromeOptions":{"debuggerAddress":"localhost:59619"},"networkConnectionEnabled":false,"pageLoadStrategy":"normal","platformName":"windows","proxy":{},"setWindowRect":true,"_":"6 more keys: [\"strictFileInteractability\",\"timeouts\",\"unhandledPromptBehavior\",\"webauthn:extension:credBlob\",\"webauthn:extension:largeBlob\",\"webauthn:virtualAuthenticators\"]"}},"isReactElement":false}}
RESULT: {"id":{"sessionId":"b3e737c696cff63c726e7b24ed4abc32","elementId":"614b3c06-e002-4067-af74-d5f30bac6a1a","element-6066-11e4-a52e-4f735466cecf":"614b3c06-e002-4067-af74-d5f30bac6a1a","selector":"#cloud-site  iframe","parent":{"capabilities":{"acceptInsecureCerts":true,"browserName":"chrome","browserVersion":"111.0.5563.65","chrome":{"chromedriverVersion":"110.0.5481.77 (65ed616c6e8ee3fe0ad64fe83796c020644d42af-refs/branch-heads/5481@{#839})","userDataDir":"C:\\Users\\E3RA\\AppData\\Local\\Temp\\scoped_dir9704_780948093"},"goog:chromeOptions":{"debuggerAddress":"localhost:59619"},"networkConnectionEnabled":false,"pageLoadStrategy":"normal","platformName":"windows","proxy":{},"setWindowRect":true,"_":"6 more keys: [\"strictFileInteractability\",\"timeouts\",\"unhandledPromptBehavior\",\"webauthn:extension:credBlob\",\"webauthn:extension:largeBlob\",\"webauthn:virtualAuthenticators\"]"}},"isReactElement":false}}
COMMAND: POST /session/b3e737c696cff63c726e7b24ed4abc32/element - {"using":"css selector","value":"#myFrame"}
RESULT: {"using":"css selector","value":"#myFrame"}
COMMAND: POST /session/b3e737c696cff63c726e7b24ed4abc32/execute/sync - {"script":"return (function isElementDisplayed(element) {\n    function nodeIsElement(node) {\n        if (!node) {\n            return false;\n        }\n        switch (node.nodeType) {\n            case Node.ELEMEN ... (7807 more bytes)","args":[{"element-6066-11e4-a52e-4f735466cecf":"64cce7ed-cc39-441b-8b0d-c41678ebd6e4","ELEMENT":"64cce7ed-cc39-441b-8b0d-c41678ebd6e4"}]}
RESULT: {"script":"return (function isElementDisplayed(element) {\n    function nodeIsElement(node) {\n        if (!node) {\n            return false;\n        }\n        switch (node.nodeType) {\n            case Node.ELEMEN ... (7807 more bytes)","args":[{"element-6066-11e4-a52e-4f735466cecf":"64cce7ed-cc39-441b-8b0d-c41678ebd6e4","ELEMENT":"64cce7ed-cc39-441b-8b0d-c41678ebd6e4"}]}
COMMAND: POST /session/b3e737c696cff63c726e7b24ed4abc32/element - {"using":"css selector","value":"#myFrame"}
RESULT: {"using":"css selector","value":"#myFrame"}
COMMAND: POST /session/b3e737c696cff63c726e7b24ed4abc32/frame - {"id":{"sessionId":"b3e737c696cff63c726e7b24ed4abc32","elementId":"64cce7ed-cc39-441b-8b0d-c41678ebd6e4","element-6066-11e4-a52e-4f735466cecf":"64cce7ed-cc39-441b-8b0d-c41678ebd6e4","selector":"#myFrame","parent":{"capabilities":{"acceptInsecureCerts":true,"browserName":"chrome","browserVersion":"111.0.5563.65","chrome":{"chromedriverVersion":"110.0.5481.77 (65ed616c6e8ee3fe0ad64fe83796c020644d42af-refs/branch-heads/5481@{#839})","userDataDir":"C:\\Users\\E3RA\\AppData\\Local\\Temp\\scoped_dir9704_780948093"},"goog:chromeOptions":{"debuggerAddress":"localhost:59619"},"networkConnectionEnabled":false,"pageLoadStrategy":"normal","platformName":"windows","proxy":{},"setWindowRect":true,"_":"6 more keys: [\"strictFileInteractability\",\"timeouts\",\"unhandledPromptBehavior\",\"webauthn:extension:credBlob\",\"webauthn:extension:largeBlob\",\"webauthn:virtualAuthenticators\"]"}},"isReactElement":false}}
RESULT: {"id":{"sessionId":"b3e737c696cff63c726e7b24ed4abc32","elementId":"64cce7ed-cc39-441b-8b0d-c41678ebd6e4","element-6066-11e4-a52e-4f735466cecf":"64cce7ed-cc39-441b-8b0d-c41678ebd6e4","selector":"#myFrame","parent":{"capabilities":{"acceptInsecureCerts":true,"browserName":"chrome","browserVersion":"111.0.5563.65","chrome":{"chromedriverVersion":"110.0.5481.77 (65ed616c6e8ee3fe0ad64fe83796c020644d42af-refs/branch-heads/5481@{#839})","userDataDir":"C:\\Users\\E3RA\\AppData\\Local\\Temp\\scoped_dir9704_780948093"},"goog:chromeOptions":{"debuggerAddress":"localhost:59619"},"networkConnectionEnabled":false,"pageLoadStrategy":"normal","platformName":"windows","proxy":{},"setWindowRect":true,"_":"6 more keys: [\"strictFileInteractability\",\"timeouts\",\"unhandledPromptBehavior\",\"webauthn:extension:credBlob\",\"webauthn:extension:largeBlob\",\"webauthn:virtualAuthenticators\"]"}},"isReactElement":false}}
COMMAND: POST /session/b3e737c696cff63c726e7b24ed4abc32/element - {"using":"xpath","value":"//button[@id = \"Email Estimate\"]"}
RESULT: {"using":"xpath","value":"//button[@id = \"Email Estimate\"]"}
COMMAND: POST /session/b3e737c696cff63c726e7b24ed4abc32/elements - {"using":"xpath","value":"//button[@id = \"Email Estimate\"]"}
RESULT: {"using":"xpath","value":"//button[@id = \"Email Estimate\"]"}
COMMAND: POST /session/b3e737c696cff63c726e7b24ed4abc32/element - {"using":"xpath","value":"//button[@id = \"Email Estimate\"]"}
RESULT: {"using":"xpath","value":"//button[@id = \"Email Estimate\"]"}
COMMAND: POST /session/b3e737c696cff63c726e7b24ed4abc32/element/c540bff0-14fe-49db-8761-a16dd99e4646/click - {}
RESULT: {}
COMMAND: POST /session/b3e737c696cff63c726e7b24ed4abc32/element - {"using":"css selector","value":"body div.md-dialog-container.ng-scope"}
RESULT: {"using":"css selector","value":"body div.md-dialog-container.ng-scope"}
COMMAND: POST /session/b3e737c696cff63c726e7b24ed4abc32/execute/sync - {"script":"return (function isElementDisplayed(element) {\n    function nodeIsElement(node) {\n        if (!node) {\n            return false;\n        }\n        switch (node.nodeType) {\n            case Node.ELEMEN ... (7807 more bytes)","args":[{"element-6066-11e4-a52e-4f735466cecf":"f027b0d1-9ad1-4c34-806f-42a011a9d838","ELEMENT":"f027b0d1-9ad1-4c34-806f-42a011a9d838"}]}
RESULT: {"script":"return (function isElementDisplayed(element) {\n    function nodeIsElement(node) {\n        if (!node) {\n            return false;\n        }\n        switch (node.nodeType) {\n            case Node.ELEMEN ... (7807 more bytes)","args":[{"element-6066-11e4-a52e-4f735466cecf":"f027b0d1-9ad1-4c34-806f-42a011a9d838","ELEMENT":"f027b0d1-9ad1-4c34-806f-42a011a9d838"}]}
COMMAND: POST /session/b3e737c696cff63c726e7b24ed4abc32/element - {"using":"xpath","value":"//input[@ng-model = \"emailQuote.user.email\"]"}
RESULT: {"using":"xpath","value":"//input[@ng-model = \"emailQuote.user.email\"]"}
COMMAND: POST /session/b3e737c696cff63c726e7b24ed4abc32/elements - {"using":"xpath","value":"//input[@ng-model = \"emailQuote.user.email\"]"}
RESULT: {"using":"xpath","value":"//input[@ng-model = \"emailQuote.user.email\"]"}
COMMAND: POST /session/b3e737c696cff63c726e7b24ed4abc32/element - {"using":"xpath","value":"//input[@ng-model = \"emailQuote.user.email\"]"}
RESULT: {"using":"xpath","value":"//input[@ng-model = \"emailQuote.user.email\"]"}
COMMAND: POST /session/b3e737c696cff63c726e7b24ed4abc32/element/81e24d3b-eab1-4511-a11e-4209780cdcaf/clear - {}
RESULT: {}
COMMAND: POST /session/b3e737c696cff63c726e7b24ed4abc32/element/81e24d3b-eab1-4511-a11e-4209780cdcaf/value - {"text":""}
RESULT: {"text":""}
COMMAND: POST /session/b3e737c696cff63c726e7b24ed4abc32/actions - {"actions":[{"id":"action1","type":"key","parameters":{},"actions":[{"type":"keyDown","value":""},{"type":"keyDown","value":"v"},{"type":"pause","duration":10},{"type":"keyUp","value":""},{"type":"keyUp","value":"v"}]}]}
RESULT: {"actions":[{"id":"action1","type":"key","parameters":{},"actions":[{"type":"keyDown","value":""},{"type":"keyDown","value":"v"},{"type":"pause","duration":10},{"type":"keyUp","value":""},{"type":"keyUp","value":"v"}]}]}
COMMAND: DELETE /session/b3e737c696cff63c726e7b24ed4abc32/actions - {}
RESULT: {}
COMMAND: POST /session/b3e737c696cff63c726e7b24ed4abc32/element - {"using":"xpath","value":"//button[contains (text() , \"Send Email\")]"}
RESULT: {"using":"xpath","value":"//button[contains (text() , \"Send Email\")]"}
COMMAND: POST /session/b3e737c696cff63c726e7b24ed4abc32/execute/sync - {"script":"return (function isElementDisplayed(element) {\n    function nodeIsElement(node) {\n        if (!node) {\n            return false;\n        }\n        switch (node.nodeType) {\n            case Node.ELEMEN ... (7807 more bytes)","args":[{"element-6066-11e4-a52e-4f735466cecf":"a195972b-412d-4153-99f8-8ff51546433e","ELEMENT":"a195972b-412d-4153-99f8-8ff51546433e"}]}
RESULT: {"script":"return (function isElementDisplayed(element) {\n    function nodeIsElement(node) {\n        if (!node) {\n            return false;\n        }\n        switch (node.nodeType) {\n            case Node.ELEMEN ... (7807 more bytes)","args":[{"element-6066-11e4-a52e-4f735466cecf":"a195972b-412d-4153-99f8-8ff51546433e","ELEMENT":"a195972b-412d-4153-99f8-8ff51546433e"}]}
COMMAND: POST /session/b3e737c696cff63c726e7b24ed4abc32/element - {"using":"xpath","value":"//button[contains (text() , \"Send Email\")]"}
RESULT: {"using":"xpath","value":"//button[contains (text() , \"Send Email\")]"}
COMMAND: POST /session/b3e737c696cff63c726e7b24ed4abc32/element/a195972b-412d-4153-99f8-8ff51546433e/click - {}
RESULT: {}
COMMAND: POST /session/b3e737c696cff63c726e7b24ed4abc32/window - {"handle":"CDwindow-BF22CE07A2B844AC39203CCA83DCC82C"}
RESULT: {"handle":"CDwindow-BF22CE07A2B844AC39203CCA83DCC82C"}
COMMAND: POST /session/b3e737c696cff63c726e7b24ed4abc32/element - {"using":"xpath","value":"//div[contains (text(), \"gcp-estimate@cloudpricingcalculator.appspotmail.com\")]"}
RESULT: {"using":"xpath","value":"//div[contains (text(), \"gcp-estimate@cloudpricingcalculator.appspotmail.com\")]"}
COMMAND: POST /session/b3e737c696cff63c726e7b24ed4abc32/element - {"using":"xpath","value":"//div[contains (text(), \"gcp-estimate@cloudpricingcalculator.appspotmail.com\")]"}
RESULT: {"using":"xpath","value":"//div[contains (text(), \"gcp-estimate@cloudpricingcalculator.appspotmail.com\")]"}
COMMAND: POST /session/b3e737c696cff63c726e7b24ed4abc32/element - {"using":"xpath","value":"//div[contains (text(), \"gcp-estimate@cloudpricingcalculator.appspotmail.com\")]"}
RESULT: {"using":"xpath","value":"//div[contains (text(), \"gcp-estimate@cloudpricingcalculator.appspotmail.com\")]"}
COMMAND: POST /session/b3e737c696cff63c726e7b24ed4abc32/element - {"using":"xpath","value":"//div[contains (text(), \"gcp-estimate@cloudpricingcalculator.appspotmail.com\")]"}
RESULT: {"using":"xpath","value":"//div[contains (text(), \"gcp-estimate@cloudpricingcalculator.appspotmail.com\")]"}
COMMAND: POST /session/b3e737c696cff63c726e7b24ed4abc32/element - {"using":"xpath","value":"//div[contains (text(), \"gcp-estimate@cloudpricingcalculator.appspotmail.com\")]"}
RESULT: {"using":"xpath","value":"//div[contains (text(), \"gcp-estimate@cloudpricingcalculator.appspotmail.com\")]"}
COMMAND: POST /session/b3e737c696cff63c726e7b24ed4abc32/element - {"using":"xpath","value":"//div[contains (text(), \"gcp-estimate@cloudpricingcalculator.appspotmail.com\")]"}
RESULT: {"using":"xpath","value":"//div[contains (text(), \"gcp-estimate@cloudpricingcalculator.appspotmail.com\")]"}
COMMAND: POST /session/b3e737c696cff63c726e7b24ed4abc32/element - {"using":"xpath","value":"//div[contains (text(), \"gcp-estimate@cloudpricingcalculator.appspotmail.com\")]"}
RESULT: {"using":"xpath","value":"//div[contains (text(), \"gcp-estimate@cloudpricingcalculator.appspotmail.com\")]"}
COMMAND: POST /session/b3e737c696cff63c726e7b24ed4abc32/element - {"using":"xpath","value":"//div[contains (text(), \"gcp-estimate@cloudpricingcalculator.appspotmail.com\")]"}
RESULT: {"using":"xpath","value":"//div[contains (text(), \"gcp-estimate@cloudpricingcalculator.appspotmail.com\")]"}
COMMAND: POST /session/b3e737c696cff63c726e7b24ed4abc32/element - {"using":"xpath","value":"//div[contains (text(), \"gcp-estimate@cloudpricingcalculator.appspotmail.com\")]"}
RESULT: {"using":"xpath","value":"//div[contains (text(), \"gcp-estimate@cloudpricingcalculator.appspotmail.com\")]"}
COMMAND: POST /session/b3e737c696cff63c726e7b24ed4abc32/element - {"using":"xpath","value":"//div[contains (text(), \"gcp-estimate@cloudpricingcalculator.appspotmail.com\")]"}
RESULT: {"using":"xpath","value":"//div[contains (text(), \"gcp-estimate@cloudpricingcalculator.appspotmail.com\")]"}
COMMAND: POST /session/b3e737c696cff63c726e7b24ed4abc32/element - {"using":"xpath","value":"//div[contains (text(), \"gcp-estimate@cloudpricingcalculator.appspotmail.com\")]"}
RESULT: {"using":"xpath","value":"//div[contains (text(), \"gcp-estimate@cloudpricingcalculator.appspotmail.com\")]"}
COMMAND: POST /session/b3e737c696cff63c726e7b24ed4abc32/element - {"using":"xpath","value":"//div[contains (text(), \"gcp-estimate@cloudpricingcalculator.appspotmail.com\")]"}
RESULT: {"using":"xpath","value":"//div[contains (text(), \"gcp-estimate@cloudpricingcalculator.appspotmail.com\")]"}
COMMAND: POST /session/b3e737c696cff63c726e7b24ed4abc32/element - {"using":"xpath","value":"//div[contains (text(), \"gcp-estimate@cloudpricingcalculator.appspotmail.com\")]"}
RESULT: {"using":"xpath","value":"//div[contains (text(), \"gcp-estimate@cloudpricingcalculator.appspotmail.com\")]"}
COMMAND: POST /session/b3e737c696cff63c726e7b24ed4abc32/element - {"using":"xpath","value":"//div[contains (text(), \"gcp-estimate@cloudpricingcalculator.appspotmail.com\")]"}
RESULT: {"using":"xpath","value":"//div[contains (text(), \"gcp-estimate@cloudpricingcalculator.appspotmail.com\")]"}
COMMAND: POST /session/b3e737c696cff63c726e7b24ed4abc32/element - {"using":"xpath","value":"//div[contains (text(), \"gcp-estimate@cloudpricingcalculator.appspotmail.com\")]"}
RESULT: {"using":"xpath","value":"//div[contains (text(), \"gcp-estimate@cloudpricingcalculator.appspotmail.com\")]"}
COMMAND: POST /session/b3e737c696cff63c726e7b24ed4abc32/element - {"using":"xpath","value":"//div[contains (text(), \"gcp-estimate@cloudpricingcalculator.appspotmail.com\")]"}
RESULT: {"using":"xpath","value":"//div[contains (text(), \"gcp-estimate@cloudpricingcalculator.appspotmail.com\")]"}
COMMAND: POST /session/b3e737c696cff63c726e7b24ed4abc32/execute/sync - {"script":"return (function isElementDisplayed(element) {\n    function nodeIsElement(node) {\n        if (!node) {\n            return false;\n        }\n        switch (node.nodeType) {\n            case Node.ELEMEN ... (7807 more bytes)","args":[{"element-6066-11e4-a52e-4f735466cecf":"11795fd4-a31d-4f78-b8c3-9adc785ec9be","ELEMENT":"11795fd4-a31d-4f78-b8c3-9adc785ec9be"}]}
RESULT: {"script":"return (function isElementDisplayed(element) {\n    function nodeIsElement(node) {\n        if (!node) {\n            return false;\n        }\n        switch (node.nodeType) {\n            case Node.ELEMEN ... (7807 more bytes)","args":[{"element-6066-11e4-a52e-4f735466cecf":"11795fd4-a31d-4f78-b8c3-9adc785ec9be","ELEMENT":"11795fd4-a31d-4f78-b8c3-9adc785ec9be"}]}
COMMAND: POST /session/b3e737c696cff63c726e7b24ed4abc32/element - {"using":"xpath","value":"//div[contains (text(), \"gcp-estimate@cloudpricingcalculator.appspotmail.com\")]"}
RESULT: {"using":"xpath","value":"//div[contains (text(), \"gcp-estimate@cloudpricingcalculator.appspotmail.com\")]"}
COMMAND: POST /session/b3e737c696cff63c726e7b24ed4abc32/element/11795fd4-a31d-4f78-b8c3-9adc785ec9be/click - {}
RESULT: {}
COMMAND: POST /session/b3e737c696cff63c726e7b24ed4abc32/element - {"using":"xpath","value":"//iframe[@class = \"w-full flex flex-grow min-h-tm-groot-iframe\"]"}
RESULT: {"using":"xpath","value":"//iframe[@class = \"w-full flex flex-grow min-h-tm-groot-iframe\"]"}
COMMAND: POST /session/b3e737c696cff63c726e7b24ed4abc32/execute/sync - {"script":"return (function isElementDisplayed(element) {\n    function nodeIsElement(node) {\n        if (!node) {\n            return false;\n        }\n        switch (node.nodeType) {\n            case Node.ELEMEN ... (7807 more bytes)","args":[{"element-6066-11e4-a52e-4f735466cecf":"99a7bbdf-396c-4231-a15c-e691ede10d06","ELEMENT":"99a7bbdf-396c-4231-a15c-e691ede10d06"}]}
RESULT: {"script":"return (function isElementDisplayed(element) {\n    function nodeIsElement(node) {\n        if (!node) {\n            return false;\n        }\n        switch (node.nodeType) {\n            case Node.ELEMEN ... (7807 more bytes)","args":[{"element-6066-11e4-a52e-4f735466cecf":"99a7bbdf-396c-4231-a15c-e691ede10d06","ELEMENT":"99a7bbdf-396c-4231-a15c-e691ede10d06"}]}
COMMAND: POST /session/b3e737c696cff63c726e7b24ed4abc32/element - {"using":"xpath","value":"//iframe[@class = \"w-full flex flex-grow min-h-tm-groot-iframe\"]"}
RESULT: {"using":"xpath","value":"//iframe[@class = \"w-full flex flex-grow min-h-tm-groot-iframe\"]"}
COMMAND: POST /session/b3e737c696cff63c726e7b24ed4abc32/frame - {"id":{"sessionId":"b3e737c696cff63c726e7b24ed4abc32","elementId":"99a7bbdf-396c-4231-a15c-e691ede10d06","element-6066-11e4-a52e-4f735466cecf":"99a7bbdf-396c-4231-a15c-e691ede10d06","selector":"//iframe[@class = \"w-full flex flex-grow min-h-tm-groot-iframe\"]","parent":{"capabilities":{"acceptInsecureCerts":true,"browserName":"chrome","browserVersion":"111.0.5563.65","chrome":{"chromedriverVersion":"110.0.5481.77 (65ed616c6e8ee3fe0ad64fe83796c020644d42af-refs/branch-heads/5481@{#839})","userDataDir":"C:\\Users\\E3RA\\AppData\\Local\\Temp\\scoped_dir9704_780948093"},"goog:chromeOptions":{"debuggerAddress":"localhost:59619"},"networkConnectionEnabled":false,"pageLoadStrategy":"normal","platformName":"windows","proxy":{},"setWindowRect":true,"_":"6 more keys: [\"strictFileInteractability\",\"timeouts\",\"unhandledPromptBehavior\",\"webauthn:extension:credBlob\",\"webauthn:extension:largeBlob\",\"webauthn:virtualAuthenticators\"]"}},"isReactElement":false}}
RESULT: {"id":{"sessionId":"b3e737c696cff63c726e7b24ed4abc32","elementId":"99a7bbdf-396c-4231-a15c-e691ede10d06","element-6066-11e4-a52e-4f735466cecf":"99a7bbdf-396c-4231-a15c-e691ede10d06","selector":"//iframe[@class = \"w-full flex flex-grow min-h-tm-groot-iframe\"]","parent":{"capabilities":{"acceptInsecureCerts":true,"browserName":"chrome","browserVersion":"111.0.5563.65","chrome":{"chromedriverVersion":"110.0.5481.77 (65ed616c6e8ee3fe0ad64fe83796c020644d42af-refs/branch-heads/5481@{#839})","userDataDir":"C:\\Users\\E3RA\\AppData\\Local\\Temp\\scoped_dir9704_780948093"},"goog:chromeOptions":{"debuggerAddress":"localhost:59619"},"networkConnectionEnabled":false,"pageLoadStrategy":"normal","platformName":"windows","proxy":{},"setWindowRect":true,"_":"6 more keys: [\"strictFileInteractability\",\"timeouts\",\"unhandledPromptBehavior\",\"webauthn:extension:credBlob\",\"webauthn:extension:largeBlob\",\"webauthn:virtualAuthenticators\"]"}},"isReactElement":false}}
COMMAND: POST /session/b3e737c696cff63c726e7b24ed4abc32/element - {"using":"xpath","value":"//table[@class=\"quote\"]"}
RESULT: {"using":"xpath","value":"//table[@class=\"quote\"]"}
COMMAND: POST /session/b3e737c696cff63c726e7b24ed4abc32/execute/sync - {"script":"return (function isElementDisplayed(element) {\n    function nodeIsElement(node) {\n        if (!node) {\n            return false;\n        }\n        switch (node.nodeType) {\n            case Node.ELEMEN ... (7807 more bytes)","args":[{"element-6066-11e4-a52e-4f735466cecf":"66bb0942-d8d0-485c-9c67-c4f24a4ef41c","ELEMENT":"66bb0942-d8d0-485c-9c67-c4f24a4ef41c"}]}
RESULT: {"script":"return (function isElementDisplayed(element) {\n    function nodeIsElement(node) {\n        if (!node) {\n            return false;\n        }\n        switch (node.nodeType) {\n            case Node.ELEMEN ... (7807 more bytes)","args":[{"element-6066-11e4-a52e-4f735466cecf":"66bb0942-d8d0-485c-9c67-c4f24a4ef41c","ELEMENT":"66bb0942-d8d0-485c-9c67-c4f24a4ef41c"}]}
COMMAND: POST /session/b3e737c696cff63c726e7b24ed4abc32/element - {"using":"xpath","value":"//table[@class=\"quote\"]"}
RESULT: {"using":"xpath","value":"//table[@class=\"quote\"]"}
COMMAND: GET /session/b3e737c696cff63c726e7b24ed4abc32/element/66bb0942-d8d0-485c-9c67-c4f24a4ef41c/text - {}
RESULT: {}
COMMAND: POST /session/b3e737c696cff63c726e7b24ed4abc32/frame/parent - {}
RESULT: {}
COMMAND: DELETE /session/b3e737c696cff63c726e7b24ed4abc32 - {}
RESULT: {}
]]></system-out>
    </testcase>
  </testsuite>
</testsuites>