<?xml version="1.0" encoding="UTF-8"?>
<testsuites>
  <testsuite name="Test suite" timestamp="2023-02-17T18:03:29" time="36.256" tests="2" failures="0" errors="0" skipped="0">
    <properties>
      <property name="specId" value="0"/>
      <property name="suiteName" value="Test suite"/>
      <property name="capabilities" value="chrome.110_0_5481_104.windows"/>
      <property name="file" value="file:///C:/Users/E3RA/Desktop/Epam_Test_2/test/specs/test.spec.js"/>
    </properties>
    <testcase classname="chrome.110_0_5481_104.windows.Test_suite" name="Hurt Me Plenty" time="23.027">
      <system-out><![CDATA[
COMMAND: POST /session/b422a445905fdba7817112cef5092442/window/maximize - {}
COMMAND: POST /session/b422a445905fdba7817112cef5092442/url - {"url":"https://cloud.google.com/"}
RESULT: {}
RESULT: {"url":"https://cloud.google.com/"}
COMMAND: POST /session/b422a445905fdba7817112cef5092442/element - {"using":"xpath","value":"//input[@class = \"devsite-search-field devsite-search-query\"]"}
RESULT: {"using":"xpath","value":"//input[@class = \"devsite-search-field devsite-search-query\"]"}
COMMAND: POST /session/b422a445905fdba7817112cef5092442/element/0947c228-5687-4f30-80a6-b675047321eb/clear - {}
RESULT: {}
COMMAND: POST /session/b422a445905fdba7817112cef5092442/element/0947c228-5687-4f30-80a6-b675047321eb/value - {"text":"Google Cloud Platform Pricing Calculator"}
RESULT: {"text":"Google Cloud Platform Pricing Calculator"}
COMMAND: POST /session/b422a445905fdba7817112cef5092442/element - {"using":"xpath","value":"//a[@data-ctorig = \"https://cloud.google.com/products/calculator\"]"}
RESULT: {"using":"xpath","value":"//a[@data-ctorig = \"https://cloud.google.com/products/calculator\"]"}
COMMAND: POST /session/b422a445905fdba7817112cef5092442/elements - {"using":"xpath","value":"//a[@data-ctorig = \"https://cloud.google.com/products/calculator\"]"}
RESULT: {"using":"xpath","value":"//a[@data-ctorig = \"https://cloud.google.com/products/calculator\"]"}
COMMAND: POST /session/b422a445905fdba7817112cef5092442/elements - {"using":"xpath","value":"//a[@data-ctorig = \"https://cloud.google.com/products/calculator\"]"}
RESULT: {"using":"xpath","value":"//a[@data-ctorig = \"https://cloud.google.com/products/calculator\"]"}
COMMAND: POST /session/b422a445905fdba7817112cef5092442/elements - {"using":"xpath","value":"//a[@data-ctorig = \"https://cloud.google.com/products/calculator\"]"}
RESULT: {"using":"xpath","value":"//a[@data-ctorig = \"https://cloud.google.com/products/calculator\"]"}
COMMAND: POST /session/b422a445905fdba7817112cef5092442/elements - {"using":"xpath","value":"//a[@data-ctorig = \"https://cloud.google.com/products/calculator\"]"}
RESULT: {"using":"xpath","value":"//a[@data-ctorig = \"https://cloud.google.com/products/calculator\"]"}
COMMAND: POST /session/b422a445905fdba7817112cef5092442/elements - {"using":"xpath","value":"//a[@data-ctorig = \"https://cloud.google.com/products/calculator\"]"}
RESULT: {"using":"xpath","value":"//a[@data-ctorig = \"https://cloud.google.com/products/calculator\"]"}
COMMAND: POST /session/b422a445905fdba7817112cef5092442/elements - {"using":"xpath","value":"//a[@data-ctorig = \"https://cloud.google.com/products/calculator\"]"}
RESULT: {"using":"xpath","value":"//a[@data-ctorig = \"https://cloud.google.com/products/calculator\"]"}
COMMAND: POST /session/b422a445905fdba7817112cef5092442/elements - {"using":"xpath","value":"//a[@data-ctorig = \"https://cloud.google.com/products/calculator\"]"}
RESULT: {"using":"xpath","value":"//a[@data-ctorig = \"https://cloud.google.com/products/calculator\"]"}
COMMAND: POST /session/b422a445905fdba7817112cef5092442/element - {"using":"xpath","value":"//a[@data-ctorig = \"https://cloud.google.com/products/calculator\"]"}
RESULT: {"using":"xpath","value":"//a[@data-ctorig = \"https://cloud.google.com/products/calculator\"]"}
COMMAND: POST /session/b422a445905fdba7817112cef5092442/element/4f5d65a9-c625-41ea-8ffe-fb534ba081bf/click - {}
RESULT: {}
COMMAND: GET /session/b422a445905fdba7817112cef5092442/title - {}
RESULT: {}
COMMAND: POST /session/b422a445905fdba7817112cef5092442/element - {"using":"css selector","value":"#cloud-site  iframe"}
RESULT: {"using":"css selector","value":"#cloud-site  iframe"}
COMMAND: POST /session/b422a445905fdba7817112cef5092442/execute/sync - {"script":"return (function isElementDisplayed(element) {\n    function nodeIsElement(node) {\n        if (!node) {\n            return false;\n        }\n        switch (node.nodeType) {\n            case Node.ELEMEN ... (7807 more bytes)","args":[{"element-6066-11e4-a52e-4f735466cecf":"063bdd54-44c5-46b9-9df3-1ccc417c2c08","ELEMENT":"063bdd54-44c5-46b9-9df3-1ccc417c2c08"}]}
RESULT: {"script":"return (function isElementDisplayed(element) {\n    function nodeIsElement(node) {\n        if (!node) {\n            return false;\n        }\n        switch (node.nodeType) {\n            case Node.ELEMEN ... (7807 more bytes)","args":[{"element-6066-11e4-a52e-4f735466cecf":"063bdd54-44c5-46b9-9df3-1ccc417c2c08","ELEMENT":"063bdd54-44c5-46b9-9df3-1ccc417c2c08"}]}
COMMAND: POST /session/b422a445905fdba7817112cef5092442/element - {"using":"css selector","value":"#cloud-site  iframe"}
RESULT: {"using":"css selector","value":"#cloud-site  iframe"}
COMMAND: POST /session/b422a445905fdba7817112cef5092442/frame - {"id":{"sessionId":"b422a445905fdba7817112cef5092442","elementId":"063bdd54-44c5-46b9-9df3-1ccc417c2c08","element-6066-11e4-a52e-4f735466cecf":"063bdd54-44c5-46b9-9df3-1ccc417c2c08","selector":"#cloud-site  iframe","parent":{"capabilities":{"acceptInsecureCerts":true,"browserName":"chrome","browserVersion":"110.0.5481.104","chrome":{"chromedriverVersion":"109.0.5414.74 (e7c5703604daa9cc128ccf5a5d3e993513758913-refs/branch-heads/5414@{#1172})","userDataDir":"C:\\Users\\E3RA\\AppData\\Local\\Temp\\scoped_dir18116_594960850"},"goog:chromeOptions":{"debuggerAddress":"localhost:57095"},"networkConnectionEnabled":false,"pageLoadStrategy":"normal","platformName":"windows","proxy":{},"setWindowRect":true,"_":"6 more keys: [\"strictFileInteractability\",\"timeouts\",\"unhandledPromptBehavior\",\"webauthn:extension:credBlob\",\"webauthn:extension:largeBlob\",\"webauthn:virtualAuthenticators\"]"}},"isReactElement":false}}
RESULT: {"id":{"sessionId":"b422a445905fdba7817112cef5092442","elementId":"063bdd54-44c5-46b9-9df3-1ccc417c2c08","element-6066-11e4-a52e-4f735466cecf":"063bdd54-44c5-46b9-9df3-1ccc417c2c08","selector":"#cloud-site  iframe","parent":{"capabilities":{"acceptInsecureCerts":true,"browserName":"chrome","browserVersion":"110.0.5481.104","chrome":{"chromedriverVersion":"109.0.5414.74 (e7c5703604daa9cc128ccf5a5d3e993513758913-refs/branch-heads/5414@{#1172})","userDataDir":"C:\\Users\\E3RA\\AppData\\Local\\Temp\\scoped_dir18116_594960850"},"goog:chromeOptions":{"debuggerAddress":"localhost:57095"},"networkConnectionEnabled":false,"pageLoadStrategy":"normal","platformName":"windows","proxy":{},"setWindowRect":true,"_":"6 more keys: [\"strictFileInteractability\",\"timeouts\",\"unhandledPromptBehavior\",\"webauthn:extension:credBlob\",\"webauthn:extension:largeBlob\",\"webauthn:virtualAuthenticators\"]"}},"isReactElement":false}}
COMMAND: POST /session/b422a445905fdba7817112cef5092442/element - {"using":"css selector","value":"#myFrame"}
RESULT: {"using":"css selector","value":"#myFrame"}
COMMAND: POST /session/b422a445905fdba7817112cef5092442/execute/sync - {"script":"return (function isElementDisplayed(element) {\n    function nodeIsElement(node) {\n        if (!node) {\n            return false;\n        }\n        switch (node.nodeType) {\n            case Node.ELEMEN ... (7807 more bytes)","args":[{"element-6066-11e4-a52e-4f735466cecf":"4ec8982e-306e-4b71-89b6-977d766904db","ELEMENT":"4ec8982e-306e-4b71-89b6-977d766904db"}]}
RESULT: {"script":"return (function isElementDisplayed(element) {\n    function nodeIsElement(node) {\n        if (!node) {\n            return false;\n        }\n        switch (node.nodeType) {\n            case Node.ELEMEN ... (7807 more bytes)","args":[{"element-6066-11e4-a52e-4f735466cecf":"4ec8982e-306e-4b71-89b6-977d766904db","ELEMENT":"4ec8982e-306e-4b71-89b6-977d766904db"}]}
COMMAND: POST /session/b422a445905fdba7817112cef5092442/element - {"using":"css selector","value":"#myFrame"}
RESULT: {"using":"css selector","value":"#myFrame"}
COMMAND: POST /session/b422a445905fdba7817112cef5092442/frame - {"id":{"sessionId":"b422a445905fdba7817112cef5092442","elementId":"4ec8982e-306e-4b71-89b6-977d766904db","element-6066-11e4-a52e-4f735466cecf":"4ec8982e-306e-4b71-89b6-977d766904db","selector":"#myFrame","parent":{"capabilities":{"acceptInsecureCerts":true,"browserName":"chrome","browserVersion":"110.0.5481.104","chrome":{"chromedriverVersion":"109.0.5414.74 (e7c5703604daa9cc128ccf5a5d3e993513758913-refs/branch-heads/5414@{#1172})","userDataDir":"C:\\Users\\E3RA\\AppData\\Local\\Temp\\scoped_dir18116_594960850"},"goog:chromeOptions":{"debuggerAddress":"localhost:57095"},"networkConnectionEnabled":false,"pageLoadStrategy":"normal","platformName":"windows","proxy":{},"setWindowRect":true,"_":"6 more keys: [\"strictFileInteractability\",\"timeouts\",\"unhandledPromptBehavior\",\"webauthn:extension:credBlob\",\"webauthn:extension:largeBlob\",\"webauthn:virtualAuthenticators\"]"}},"isReactElement":false}}
RESULT: {"id":{"sessionId":"b422a445905fdba7817112cef5092442","elementId":"4ec8982e-306e-4b71-89b6-977d766904db","element-6066-11e4-a52e-4f735466cecf":"4ec8982e-306e-4b71-89b6-977d766904db","selector":"#myFrame","parent":{"capabilities":{"acceptInsecureCerts":true,"browserName":"chrome","browserVersion":"110.0.5481.104","chrome":{"chromedriverVersion":"109.0.5414.74 (e7c5703604daa9cc128ccf5a5d3e993513758913-refs/branch-heads/5414@{#1172})","userDataDir":"C:\\Users\\E3RA\\AppData\\Local\\Temp\\scoped_dir18116_594960850"},"goog:chromeOptions":{"debuggerAddress":"localhost:57095"},"networkConnectionEnabled":false,"pageLoadStrategy":"normal","platformName":"windows","proxy":{},"setWindowRect":true,"_":"6 more keys: [\"strictFileInteractability\",\"timeouts\",\"unhandledPromptBehavior\",\"webauthn:extension:credBlob\",\"webauthn:extension:largeBlob\",\"webauthn:virtualAuthenticators\"]"}},"isReactElement":false}}
COMMAND: POST /session/b422a445905fdba7817112cef5092442/element - {"using":"css selector","value":"#input_92"}
RESULT: {"using":"css selector","value":"#input_92"}
COMMAND: POST /session/b422a445905fdba7817112cef5092442/element/f7ae8288-a955-43aa-a21c-f31dda3f3069/click - {}
RESULT: {}
COMMAND: POST /session/b422a445905fdba7817112cef5092442/element - {"using":"css selector","value":"#input_92"}
RESULT: {"using":"css selector","value":"#input_92"}
COMMAND: POST /session/b422a445905fdba7817112cef5092442/element/f7ae8288-a955-43aa-a21c-f31dda3f3069/clear - {}
RESULT: {}
COMMAND: POST /session/b422a445905fdba7817112cef5092442/element/f7ae8288-a955-43aa-a21c-f31dda3f3069/value - {"text":"4"}
RESULT: {"text":"4"}
COMMAND: POST /session/b422a445905fdba7817112cef5092442/element - {"using":"css selector","value":"#select_value_label_87"}
RESULT: {"using":"css selector","value":"#select_value_label_87"}
COMMAND: POST /session/b422a445905fdba7817112cef5092442/element/6fb08e9b-a4fc-4274-8806-9c2162c82132/click - {}
RESULT: {}
COMMAND: POST /session/b422a445905fdba7817112cef5092442/element - {"using":"xpath","value":"//div[contains (text(), \"N1\")]"}
RESULT: {"using":"xpath","value":"//div[contains (text(), \"N1\")]"}
COMMAND: POST /session/b422a445905fdba7817112cef5092442/execute/sync - {"script":"return (function isElementDisplayed(element) {\n    function nodeIsElement(node) {\n        if (!node) {\n            return false;\n        }\n        switch (node.nodeType) {\n            case Node.ELEMEN ... (7807 more bytes)","args":[{"element-6066-11e4-a52e-4f735466cecf":"1d462089-f533-42b0-930d-1e123c7d1f84","ELEMENT":"1d462089-f533-42b0-930d-1e123c7d1f84"}]}
RESULT: {"script":"return (function isElementDisplayed(element) {\n    function nodeIsElement(node) {\n        if (!node) {\n            return false;\n        }\n        switch (node.nodeType) {\n            case Node.ELEMEN ... (7807 more bytes)","args":[{"element-6066-11e4-a52e-4f735466cecf":"1d462089-f533-42b0-930d-1e123c7d1f84","ELEMENT":"1d462089-f533-42b0-930d-1e123c7d1f84"}]}
COMMAND: POST /session/b422a445905fdba7817112cef5092442/execute/sync - {"script":"return (function isElementDisplayed(element) {\n    function nodeIsElement(node) {\n        if (!node) {\n            return false;\n        }\n        switch (node.nodeType) {\n            case Node.ELEMEN ... (7807 more bytes)","args":[{"element-6066-11e4-a52e-4f735466cecf":"1d462089-f533-42b0-930d-1e123c7d1f84","ELEMENT":"1d462089-f533-42b0-930d-1e123c7d1f84"}]}
RESULT: {"script":"return (function isElementDisplayed(element) {\n    function nodeIsElement(node) {\n        if (!node) {\n            return false;\n        }\n        switch (node.nodeType) {\n            case Node.ELEMEN ... (7807 more bytes)","args":[{"element-6066-11e4-a52e-4f735466cecf":"1d462089-f533-42b0-930d-1e123c7d1f84","ELEMENT":"1d462089-f533-42b0-930d-1e123c7d1f84"}]}
COMMAND: POST /session/b422a445905fdba7817112cef5092442/element - {"using":"xpath","value":"//div[contains (text(), \"N1\")]"}
RESULT: {"using":"xpath","value":"//div[contains (text(), \"N1\")]"}
COMMAND: POST /session/b422a445905fdba7817112cef5092442/element/1d462089-f533-42b0-930d-1e123c7d1f84/click - {}
RESULT: {}
COMMAND: POST /session/b422a445905fdba7817112cef5092442/element - {"using":"css selector","value":"#select_value_label_88"}
RESULT: {"using":"css selector","value":"#select_value_label_88"}
COMMAND: POST /session/b422a445905fdba7817112cef5092442/element/05260f16-b0a9-48d6-887c-e08d910f3f2c/click - {}
RESULT: {}
COMMAND: POST /session/b422a445905fdba7817112cef5092442/element - {"using":"xpath","value":"//div[contains (text(), \"n1-standard-8 (vCPUs: 8, RAM: 30GB\")]"}
RESULT: {"using":"xpath","value":"//div[contains (text(), \"n1-standard-8 (vCPUs: 8, RAM: 30GB\")]"}
COMMAND: POST /session/b422a445905fdba7817112cef5092442/elements - {"using":"xpath","value":"//div[contains (text(), \"n1-standard-8 (vCPUs: 8, RAM: 30GB\")]"}
RESULT: {"using":"xpath","value":"//div[contains (text(), \"n1-standard-8 (vCPUs: 8, RAM: 30GB\")]"}
COMMAND: POST /session/b422a445905fdba7817112cef5092442/element - {"using":"xpath","value":"//div[contains (text(), \"n1-standard-8 (vCPUs: 8, RAM: 30GB\")]"}
RESULT: {"using":"xpath","value":"//div[contains (text(), \"n1-standard-8 (vCPUs: 8, RAM: 30GB\")]"}
COMMAND: POST /session/b422a445905fdba7817112cef5092442/element/b15567a8-f9cd-4781-96dc-6ea1762c338b/click - {}
RESULT: {}
COMMAND: POST /session/b422a445905fdba7817112cef5092442/element - {"using":"xpath","value":"//md-checkbox[@ng-disabled = \"!listingCtrl.isGpuOptionAvailable('computeServer')\"]"}
RESULT: {"using":"xpath","value":"//md-checkbox[@ng-disabled = \"!listingCtrl.isGpuOptionAvailable('computeServer')\"]"}
COMMAND: POST /session/b422a445905fdba7817112cef5092442/element/62c9ce87-111e-44a9-96ab-d02b9ac65414/click - {}
RESULT: {}
COMMAND: POST /session/b422a445905fdba7817112cef5092442/element - {"using":"xpath","value":"//md-select[@placeholder =\"GPU type\"]"}
RESULT: {"using":"xpath","value":"//md-select[@placeholder =\"GPU type\"]"}
COMMAND: POST /session/b422a445905fdba7817112cef5092442/execute/sync - {"script":"return (function isElementDisplayed(element) {\n    function nodeIsElement(node) {\n        if (!node) {\n            return false;\n        }\n        switch (node.nodeType) {\n            case Node.ELEMEN ... (7807 more bytes)","args":[{"element-6066-11e4-a52e-4f735466cecf":"4bd32f6f-c903-481a-a41f-311f8e1a8d1b","ELEMENT":"4bd32f6f-c903-481a-a41f-311f8e1a8d1b"}]}
RESULT: {"script":"return (function isElementDisplayed(element) {\n    function nodeIsElement(node) {\n        if (!node) {\n            return false;\n        }\n        switch (node.nodeType) {\n            case Node.ELEMEN ... (7807 more bytes)","args":[{"element-6066-11e4-a52e-4f735466cecf":"4bd32f6f-c903-481a-a41f-311f8e1a8d1b","ELEMENT":"4bd32f6f-c903-481a-a41f-311f8e1a8d1b"}]}
COMMAND: POST /session/b422a445905fdba7817112cef5092442/element - {"using":"xpath","value":"//md-select[@placeholder = \"Number of GPUs\"]"}
RESULT: {"using":"xpath","value":"//md-select[@placeholder = \"Number of GPUs\"]"}
COMMAND: POST /session/b422a445905fdba7817112cef5092442/execute/sync - {"script":"return (function isElementDisplayed(element) {\n    function nodeIsElement(node) {\n        if (!node) {\n            return false;\n        }\n        switch (node.nodeType) {\n            case Node.ELEMEN ... (7807 more bytes)","args":[{"element-6066-11e4-a52e-4f735466cecf":"5e6139e7-3bb1-479d-b65f-b0bb3dd9af7a","ELEMENT":"5e6139e7-3bb1-479d-b65f-b0bb3dd9af7a"}]}
RESULT: {"script":"return (function isElementDisplayed(element) {\n    function nodeIsElement(node) {\n        if (!node) {\n            return false;\n        }\n        switch (node.nodeType) {\n            case Node.ELEMEN ... (7807 more bytes)","args":[{"element-6066-11e4-a52e-4f735466cecf":"5e6139e7-3bb1-479d-b65f-b0bb3dd9af7a","ELEMENT":"5e6139e7-3bb1-479d-b65f-b0bb3dd9af7a"}]}
COMMAND: POST /session/b422a445905fdba7817112cef5092442/element - {"using":"xpath","value":"//md-select[@placeholder =\"GPU type\"]"}
RESULT: {"using":"xpath","value":"//md-select[@placeholder =\"GPU type\"]"}
COMMAND: POST /session/b422a445905fdba7817112cef5092442/element/4bd32f6f-c903-481a-a41f-311f8e1a8d1b/click - {}
RESULT: {}
COMMAND: POST /session/b422a445905fdba7817112cef5092442/element - {"using":"xpath","value":"//div[contains (text(), \"NVIDIA Tesla V100\")]"}
RESULT: {"using":"xpath","value":"//div[contains (text(), \"NVIDIA Tesla V100\")]"}
COMMAND: POST /session/b422a445905fdba7817112cef5092442/execute/sync - {"script":"return (function isElementDisplayed(element) {\n    function nodeIsElement(node) {\n        if (!node) {\n            return false;\n        }\n        switch (node.nodeType) {\n            case Node.ELEMEN ... (7807 more bytes)","args":[{"element-6066-11e4-a52e-4f735466cecf":"e069ad5e-5509-442c-b853-7b618782946f","ELEMENT":"e069ad5e-5509-442c-b853-7b618782946f"}]}
RESULT: {"script":"return (function isElementDisplayed(element) {\n    function nodeIsElement(node) {\n        if (!node) {\n            return false;\n        }\n        switch (node.nodeType) {\n            case Node.ELEMEN ... (7807 more bytes)","args":[{"element-6066-11e4-a52e-4f735466cecf":"e069ad5e-5509-442c-b853-7b618782946f","ELEMENT":"e069ad5e-5509-442c-b853-7b618782946f"}]}
COMMAND: POST /session/b422a445905fdba7817112cef5092442/execute/sync - {"script":"return (function isElementDisplayed(element) {\n    function nodeIsElement(node) {\n        if (!node) {\n            return false;\n        }\n        switch (node.nodeType) {\n            case Node.ELEMEN ... (7807 more bytes)","args":[{"element-6066-11e4-a52e-4f735466cecf":"e069ad5e-5509-442c-b853-7b618782946f","ELEMENT":"e069ad5e-5509-442c-b853-7b618782946f"}]}
RESULT: {"script":"return (function isElementDisplayed(element) {\n    function nodeIsElement(node) {\n        if (!node) {\n            return false;\n        }\n        switch (node.nodeType) {\n            case Node.ELEMEN ... (7807 more bytes)","args":[{"element-6066-11e4-a52e-4f735466cecf":"e069ad5e-5509-442c-b853-7b618782946f","ELEMENT":"e069ad5e-5509-442c-b853-7b618782946f"}]}
COMMAND: POST /session/b422a445905fdba7817112cef5092442/element - {"using":"xpath","value":"//div[contains (text(), \"NVIDIA Tesla V100\")]"}
RESULT: {"using":"xpath","value":"//div[contains (text(), \"NVIDIA Tesla V100\")]"}
COMMAND: POST /session/b422a445905fdba7817112cef5092442/element/e069ad5e-5509-442c-b853-7b618782946f/click - {}
RESULT: {}
COMMAND: POST /session/b422a445905fdba7817112cef5092442/element - {"using":"xpath","value":"//md-select[@placeholder = \"Number of GPUs\"]"}
RESULT: {"using":"xpath","value":"//md-select[@placeholder = \"Number of GPUs\"]"}
COMMAND: POST /session/b422a445905fdba7817112cef5092442/element/5e6139e7-3bb1-479d-b65f-b0bb3dd9af7a/click - {}
RESULT: {}
COMMAND: POST /session/b422a445905fdba7817112cef5092442/element - {"using":"xpath","value":"//md-option[@ng-disabled=\"item.value != 0 && item.value < listingCtrl.minGPU\"][@value = \"1\"]"}
RESULT: {"using":"xpath","value":"//md-option[@ng-disabled=\"item.value != 0 && item.value < listingCtrl.minGPU\"][@value = \"1\"]"}
COMMAND: POST /session/b422a445905fdba7817112cef5092442/execute/sync - {"script":"return (function isElementDisplayed(element) {\n    function nodeIsElement(node) {\n        if (!node) {\n            return false;\n        }\n        switch (node.nodeType) {\n            case Node.ELEMEN ... (7807 more bytes)","args":[{"element-6066-11e4-a52e-4f735466cecf":"8e40df78-9767-48d4-b0dd-2297741d338c","ELEMENT":"8e40df78-9767-48d4-b0dd-2297741d338c"}]}
RESULT: {"script":"return (function isElementDisplayed(element) {\n    function nodeIsElement(node) {\n        if (!node) {\n            return false;\n        }\n        switch (node.nodeType) {\n            case Node.ELEMEN ... (7807 more bytes)","args":[{"element-6066-11e4-a52e-4f735466cecf":"8e40df78-9767-48d4-b0dd-2297741d338c","ELEMENT":"8e40df78-9767-48d4-b0dd-2297741d338c"}]}
COMMAND: POST /session/b422a445905fdba7817112cef5092442/execute/sync - {"script":"return (function isElementDisplayed(element) {\n    function nodeIsElement(node) {\n        if (!node) {\n            return false;\n        }\n        switch (node.nodeType) {\n            case Node.ELEMEN ... (7807 more bytes)","args":[{"element-6066-11e4-a52e-4f735466cecf":"8e40df78-9767-48d4-b0dd-2297741d338c","ELEMENT":"8e40df78-9767-48d4-b0dd-2297741d338c"}]}
RESULT: {"script":"return (function isElementDisplayed(element) {\n    function nodeIsElement(node) {\n        if (!node) {\n            return false;\n        }\n        switch (node.nodeType) {\n            case Node.ELEMEN ... (7807 more bytes)","args":[{"element-6066-11e4-a52e-4f735466cecf":"8e40df78-9767-48d4-b0dd-2297741d338c","ELEMENT":"8e40df78-9767-48d4-b0dd-2297741d338c"}]}
COMMAND: POST /session/b422a445905fdba7817112cef5092442/element - {"using":"xpath","value":"//md-option[@ng-disabled=\"item.value != 0 && item.value < listingCtrl.minGPU\"][@value = \"1\"]"}
RESULT: {"using":"xpath","value":"//md-option[@ng-disabled=\"item.value != 0 && item.value < listingCtrl.minGPU\"][@value = \"1\"]"}
COMMAND: POST /session/b422a445905fdba7817112cef5092442/element/8e40df78-9767-48d4-b0dd-2297741d338c/click - {}
RESULT: {}
COMMAND: POST /session/b422a445905fdba7817112cef5092442/element - {"using":"xpath","value":"//md-select[@ng-model = \"listingCtrl.computeServer.ssd\"]"}
RESULT: {"using":"xpath","value":"//md-select[@ng-model = \"listingCtrl.computeServer.ssd\"]"}
COMMAND: POST /session/b422a445905fdba7817112cef5092442/element/fbd907ff-fda9-43d6-922a-4022c35f5d85/click - {}
RESULT: {}
COMMAND: POST /session/b422a445905fdba7817112cef5092442/element - {"using":"xpath","value":"//div[contains(text(), \"2x375 GB\")]"}
RESULT: {"using":"xpath","value":"//div[contains(text(), \"2x375 GB\")]"}
COMMAND: POST /session/b422a445905fdba7817112cef5092442/execute/sync - {"script":"return (function isElementDisplayed(element) {\n    function nodeIsElement(node) {\n        if (!node) {\n            return false;\n        }\n        switch (node.nodeType) {\n            case Node.ELEMEN ... (7807 more bytes)","args":[{"element-6066-11e4-a52e-4f735466cecf":"16a8d78b-b275-4b88-85c2-fd4820c0d240","ELEMENT":"16a8d78b-b275-4b88-85c2-fd4820c0d240"}]}
RESULT: {"script":"return (function isElementDisplayed(element) {\n    function nodeIsElement(node) {\n        if (!node) {\n            return false;\n        }\n        switch (node.nodeType) {\n            case Node.ELEMEN ... (7807 more bytes)","args":[{"element-6066-11e4-a52e-4f735466cecf":"16a8d78b-b275-4b88-85c2-fd4820c0d240","ELEMENT":"16a8d78b-b275-4b88-85c2-fd4820c0d240"}]}
COMMAND: POST /session/b422a445905fdba7817112cef5092442/execute/sync - {"script":"return (function isElementDisplayed(element) {\n    function nodeIsElement(node) {\n        if (!node) {\n            return false;\n        }\n        switch (node.nodeType) {\n            case Node.ELEMEN ... (7807 more bytes)","args":[{"element-6066-11e4-a52e-4f735466cecf":"16a8d78b-b275-4b88-85c2-fd4820c0d240","ELEMENT":"16a8d78b-b275-4b88-85c2-fd4820c0d240"}]}
RESULT: {"script":"return (function isElementDisplayed(element) {\n    function nodeIsElement(node) {\n        if (!node) {\n            return false;\n        }\n        switch (node.nodeType) {\n            case Node.ELEMEN ... (7807 more bytes)","args":[{"element-6066-11e4-a52e-4f735466cecf":"16a8d78b-b275-4b88-85c2-fd4820c0d240","ELEMENT":"16a8d78b-b275-4b88-85c2-fd4820c0d240"}]}
COMMAND: POST /session/b422a445905fdba7817112cef5092442/element - {"using":"xpath","value":"//div[contains(text(), \"2x375 GB\")]"}
RESULT: {"using":"xpath","value":"//div[contains(text(), \"2x375 GB\")]"}
COMMAND: POST /session/b422a445905fdba7817112cef5092442/element/16a8d78b-b275-4b88-85c2-fd4820c0d240/click - {}
RESULT: {}
COMMAND: POST /session/b422a445905fdba7817112cef5092442/element - {"using":"xpath","value":"//md-select[@ng-model = \"listingCtrl.computeServer.location\"]"}
RESULT: {"using":"xpath","value":"//md-select[@ng-model = \"listingCtrl.computeServer.location\"]"}
COMMAND: POST /session/b422a445905fdba7817112cef5092442/element/9eb9c268-fd47-4a65-b603-e112c85e8b74/click - {}
RESULT: {}
COMMAND: POST /session/b422a445905fdba7817112cef5092442/element - {"using":"xpath","value":"//md-option[@id=\"select_option_230\"]"}
RESULT: {"using":"xpath","value":"//md-option[@id=\"select_option_230\"]"}
COMMAND: POST /session/b422a445905fdba7817112cef5092442/execute/sync - {"script":"return (function isElementDisplayed(element) {\n    function nodeIsElement(node) {\n        if (!node) {\n            return false;\n        }\n        switch (node.nodeType) {\n            case Node.ELEMEN ... (7807 more bytes)","args":[{"element-6066-11e4-a52e-4f735466cecf":"9e691e65-38a4-4a99-800d-ab5ed667a627","ELEMENT":"9e691e65-38a4-4a99-800d-ab5ed667a627"}]}
RESULT: {"script":"return (function isElementDisplayed(element) {\n    function nodeIsElement(node) {\n        if (!node) {\n            return false;\n        }\n        switch (node.nodeType) {\n            case Node.ELEMEN ... (7807 more bytes)","args":[{"element-6066-11e4-a52e-4f735466cecf":"9e691e65-38a4-4a99-800d-ab5ed667a627","ELEMENT":"9e691e65-38a4-4a99-800d-ab5ed667a627"}]}
COMMAND: POST /session/b422a445905fdba7817112cef5092442/execute/sync - {"script":"return (function isElementDisplayed(element) {\n    function nodeIsElement(node) {\n        if (!node) {\n            return false;\n        }\n        switch (node.nodeType) {\n            case Node.ELEMEN ... (7807 more bytes)","args":[{"element-6066-11e4-a52e-4f735466cecf":"9e691e65-38a4-4a99-800d-ab5ed667a627","ELEMENT":"9e691e65-38a4-4a99-800d-ab5ed667a627"}]}
RESULT: {"script":"return (function isElementDisplayed(element) {\n    function nodeIsElement(node) {\n        if (!node) {\n            return false;\n        }\n        switch (node.nodeType) {\n            case Node.ELEMEN ... (7807 more bytes)","args":[{"element-6066-11e4-a52e-4f735466cecf":"9e691e65-38a4-4a99-800d-ab5ed667a627","ELEMENT":"9e691e65-38a4-4a99-800d-ab5ed667a627"}]}
COMMAND: POST /session/b422a445905fdba7817112cef5092442/element - {"using":"xpath","value":"//md-option[@id=\"select_option_230\"]"}
RESULT: {"using":"xpath","value":"//md-option[@id=\"select_option_230\"]"}
COMMAND: POST /session/b422a445905fdba7817112cef5092442/element/9e691e65-38a4-4a99-800d-ab5ed667a627/click - {}
RESULT: {}
COMMAND: POST /session/b422a445905fdba7817112cef5092442/element - {"using":"xpath","value":"//md-select[@id=\"select_132\"]"}
RESULT: {"using":"xpath","value":"//md-select[@id=\"select_132\"]"}
COMMAND: POST /session/b422a445905fdba7817112cef5092442/element/e46991e3-9b24-455f-a734-6da95997caf2/click - {}
RESULT: {}
COMMAND: POST /session/b422a445905fdba7817112cef5092442/element - {"using":"xpath","value":"//md-option[@id = \"select_option_130\"]"}
RESULT: {"using":"xpath","value":"//md-option[@id = \"select_option_130\"]"}
COMMAND: POST /session/b422a445905fdba7817112cef5092442/execute/sync - {"script":"return (function isElementDisplayed(element) {\n    function nodeIsElement(node) {\n        if (!node) {\n            return false;\n        }\n        switch (node.nodeType) {\n            case Node.ELEMEN ... (7807 more bytes)","args":[{"element-6066-11e4-a52e-4f735466cecf":"40b4aba8-55ee-4f9e-b6aa-dfe09d4429fd","ELEMENT":"40b4aba8-55ee-4f9e-b6aa-dfe09d4429fd"}]}
RESULT: {"script":"return (function isElementDisplayed(element) {\n    function nodeIsElement(node) {\n        if (!node) {\n            return false;\n        }\n        switch (node.nodeType) {\n            case Node.ELEMEN ... (7807 more bytes)","args":[{"element-6066-11e4-a52e-4f735466cecf":"40b4aba8-55ee-4f9e-b6aa-dfe09d4429fd","ELEMENT":"40b4aba8-55ee-4f9e-b6aa-dfe09d4429fd"}]}
COMMAND: POST /session/b422a445905fdba7817112cef5092442/execute/sync - {"script":"return (function isElementDisplayed(element) {\n    function nodeIsElement(node) {\n        if (!node) {\n            return false;\n        }\n        switch (node.nodeType) {\n            case Node.ELEMEN ... (7807 more bytes)","args":[{"element-6066-11e4-a52e-4f735466cecf":"40b4aba8-55ee-4f9e-b6aa-dfe09d4429fd","ELEMENT":"40b4aba8-55ee-4f9e-b6aa-dfe09d4429fd"}]}
RESULT: {"script":"return (function isElementDisplayed(element) {\n    function nodeIsElement(node) {\n        if (!node) {\n            return false;\n        }\n        switch (node.nodeType) {\n            case Node.ELEMEN ... (7807 more bytes)","args":[{"element-6066-11e4-a52e-4f735466cecf":"40b4aba8-55ee-4f9e-b6aa-dfe09d4429fd","ELEMENT":"40b4aba8-55ee-4f9e-b6aa-dfe09d4429fd"}]}
COMMAND: POST /session/b422a445905fdba7817112cef5092442/element - {"using":"xpath","value":"//md-option[@id = \"select_option_130\"]"}
RESULT: {"using":"xpath","value":"//md-option[@id = \"select_option_130\"]"}
COMMAND: POST /session/b422a445905fdba7817112cef5092442/element/40b4aba8-55ee-4f9e-b6aa-dfe09d4429fd/click - {}
RESULT: {}
COMMAND: POST /session/b422a445905fdba7817112cef5092442/element - {"using":"xpath","value":"//button[@ng-click=\"listingCtrl.addComputeServer(ComputeEngineForm);\"]"}
RESULT: {"using":"xpath","value":"//button[@ng-click=\"listingCtrl.addComputeServer(ComputeEngineForm);\"]"}
COMMAND: POST /session/b422a445905fdba7817112cef5092442/element/f09c2926-fa67-4e61-b3e3-ac24bb467102/click - {}
RESULT: {}
COMMAND: POST /session/b422a445905fdba7817112cef5092442/element - {"using":"xpath","value":"//md-card-content[@class = \"flex-sm-100 flex-gt-sm-40\"]"}
RESULT: {"using":"xpath","value":"//md-card-content[@class = \"flex-sm-100 flex-gt-sm-40\"]"}
COMMAND: POST /session/b422a445905fdba7817112cef5092442/elements - {"using":"xpath","value":"//md-card-content[@class = \"flex-sm-100 flex-gt-sm-40\"]"}
RESULT: {"using":"xpath","value":"//md-card-content[@class = \"flex-sm-100 flex-gt-sm-40\"]"}
COMMAND: POST /session/b422a445905fdba7817112cef5092442/element - {"using":"xpath","value":"//md-card-content[@class = \"flex-sm-100 flex-gt-sm-40\"]"}
RESULT: {"using":"xpath","value":"//md-card-content[@class = \"flex-sm-100 flex-gt-sm-40\"]"}
COMMAND: GET /session/b422a445905fdba7817112cef5092442/element/f5882b3e-bd71-402b-8b79-dbf73b8a7547/text - {}
RESULT: {}
COMMAND: POST /session/b422a445905fdba7817112cef5092442/element - {"using":"xpath","value":"//md-card-content[@class = \"flex-sm-100 flex-gt-sm-40\"]"}
RESULT: {"using":"xpath","value":"//md-card-content[@class = \"flex-sm-100 flex-gt-sm-40\"]"}
COMMAND: GET /session/b422a445905fdba7817112cef5092442/element/f5882b3e-bd71-402b-8b79-dbf73b8a7547/text - {}
RESULT: {}
COMMAND: POST /session/b422a445905fdba7817112cef5092442/element - {"using":"xpath","value":"//md-card-content[@class = \"flex-sm-100 flex-gt-sm-40\"]"}
RESULT: {"using":"xpath","value":"//md-card-content[@class = \"flex-sm-100 flex-gt-sm-40\"]"}
COMMAND: GET /session/b422a445905fdba7817112cef5092442/element/f5882b3e-bd71-402b-8b79-dbf73b8a7547/text - {}
RESULT: {}
COMMAND: POST /session/b422a445905fdba7817112cef5092442/element - {"using":"xpath","value":"//md-card-content[@class = \"flex-sm-100 flex-gt-sm-40\"]"}
RESULT: {"using":"xpath","value":"//md-card-content[@class = \"flex-sm-100 flex-gt-sm-40\"]"}
COMMAND: GET /session/b422a445905fdba7817112cef5092442/element/f5882b3e-bd71-402b-8b79-dbf73b8a7547/text - {}
RESULT: {}
COMMAND: POST /session/b422a445905fdba7817112cef5092442/element - {"using":"xpath","value":"//md-card-content[@class = \"flex-sm-100 flex-gt-sm-40\"]"}
RESULT: {"using":"xpath","value":"//md-card-content[@class = \"flex-sm-100 flex-gt-sm-40\"]"}
COMMAND: GET /session/b422a445905fdba7817112cef5092442/element/f5882b3e-bd71-402b-8b79-dbf73b8a7547/text - {}
RESULT: {}
COMMAND: POST /session/b422a445905fdba7817112cef5092442/element - {"using":"xpath","value":"//md-card-content[@class = \"flex-sm-100 flex-gt-sm-40\"]"}
RESULT: {"using":"xpath","value":"//md-card-content[@class = \"flex-sm-100 flex-gt-sm-40\"]"}
COMMAND: GET /session/b422a445905fdba7817112cef5092442/element/f5882b3e-bd71-402b-8b79-dbf73b8a7547/text - {}
RESULT: {}
COMMAND: POST /session/b422a445905fdba7817112cef5092442/element - {"using":"xpath","value":"//md-card-content[@class = \"flex-sm-100 flex-gt-sm-40\"]"}
RESULT: {"using":"xpath","value":"//md-card-content[@class = \"flex-sm-100 flex-gt-sm-40\"]"}
COMMAND: GET /session/b422a445905fdba7817112cef5092442/element/f5882b3e-bd71-402b-8b79-dbf73b8a7547/text - {}
RESULT: {}
]]></system-out>
    </testcase>
    <testcase classname="chrome.110_0_5481_104.windows.Test_suite" name="Hardcore" time="13.226">
      <system-out><![CDATA[
COMMAND: POST /session/b422a445905fdba7817112cef5092442/window/maximize - {}
COMMAND: GET /session/b422a445905fdba7817112cef5092442/window - {}
RESULT: {}
RESULT: {}
COMMAND: GET /session/b422a445905fdba7817112cef5092442/window/handles - {}
RESULT: {}
COMMAND: POST /session/b422a445905fdba7817112cef5092442/execute/sync - {"script":"return (function newWindow(url, windowName, windowFeatures) {\n    window.open(url, windowName || '', windowFeatures || '');\n}).apply(null, arguments)","args":["https://etempmail.net/10minutemail","",""]}
RESULT: {"script":"return (function newWindow(url, windowName, windowFeatures) {\n    window.open(url, windowName || '', windowFeatures || '');\n}).apply(null, arguments)","args":["https://etempmail.net/10minutemail","",""]}
COMMAND: GET /session/b422a445905fdba7817112cef5092442/window/handles - {}
RESULT: {}
COMMAND: GET /session/b422a445905fdba7817112cef5092442/window/handles - {}
RESULT: {}
COMMAND: POST /session/b422a445905fdba7817112cef5092442/window - {"handle":"CDwindow-E3EF2DED57605E91AEDBC201C3DA6566"}
RESULT: {"handle":"CDwindow-E3EF2DED57605E91AEDBC201C3DA6566"}
COMMAND: POST /session/b422a445905fdba7817112cef5092442/element - {"using":"xpath","value":"//div[@id = \"btn_copy\"]"}
RESULT: {"using":"xpath","value":"//div[@id = \"btn_copy\"]"}
COMMAND: POST /session/b422a445905fdba7817112cef5092442/element/55ba5d65-9ea2-42e1-83ff-e81dee0b8555/click - {}
RESULT: {}
COMMAND: GET /session/b422a445905fdba7817112cef5092442/window - {}
RESULT: {}
COMMAND: POST /session/b422a445905fdba7817112cef5092442/window - {"handle":"CDwindow-9C205E2578D5AC3DA90253C9BAF53421"}
RESULT: {"handle":"CDwindow-9C205E2578D5AC3DA90253C9BAF53421"}
COMMAND: POST /session/b422a445905fdba7817112cef5092442/element - {"using":"css selector","value":"#cloud-site  iframe"}
RESULT: {"using":"css selector","value":"#cloud-site  iframe"}
COMMAND: POST /session/b422a445905fdba7817112cef5092442/execute/sync - {"script":"return (function isElementDisplayed(element) {\n    function nodeIsElement(node) {\n        if (!node) {\n            return false;\n        }\n        switch (node.nodeType) {\n            case Node.ELEMEN ... (7807 more bytes)","args":[{"element-6066-11e4-a52e-4f735466cecf":"063bdd54-44c5-46b9-9df3-1ccc417c2c08","ELEMENT":"063bdd54-44c5-46b9-9df3-1ccc417c2c08"}]}
RESULT: {"script":"return (function isElementDisplayed(element) {\n    function nodeIsElement(node) {\n        if (!node) {\n            return false;\n        }\n        switch (node.nodeType) {\n            case Node.ELEMEN ... (7807 more bytes)","args":[{"element-6066-11e4-a52e-4f735466cecf":"063bdd54-44c5-46b9-9df3-1ccc417c2c08","ELEMENT":"063bdd54-44c5-46b9-9df3-1ccc417c2c08"}]}
COMMAND: POST /session/b422a445905fdba7817112cef5092442/element - {"using":"css selector","value":"#cloud-site  iframe"}
RESULT: {"using":"css selector","value":"#cloud-site  iframe"}
COMMAND: POST /session/b422a445905fdba7817112cef5092442/frame - {"id":{"sessionId":"b422a445905fdba7817112cef5092442","elementId":"063bdd54-44c5-46b9-9df3-1ccc417c2c08","element-6066-11e4-a52e-4f735466cecf":"063bdd54-44c5-46b9-9df3-1ccc417c2c08","selector":"#cloud-site  iframe","parent":{"capabilities":{"acceptInsecureCerts":true,"browserName":"chrome","browserVersion":"110.0.5481.104","chrome":{"chromedriverVersion":"109.0.5414.74 (e7c5703604daa9cc128ccf5a5d3e993513758913-refs/branch-heads/5414@{#1172})","userDataDir":"C:\\Users\\E3RA\\AppData\\Local\\Temp\\scoped_dir18116_594960850"},"goog:chromeOptions":{"debuggerAddress":"localhost:57095"},"networkConnectionEnabled":false,"pageLoadStrategy":"normal","platformName":"windows","proxy":{},"setWindowRect":true,"_":"6 more keys: [\"strictFileInteractability\",\"timeouts\",\"unhandledPromptBehavior\",\"webauthn:extension:credBlob\",\"webauthn:extension:largeBlob\",\"webauthn:virtualAuthenticators\"]"}},"isReactElement":false}}
RESULT: {"id":{"sessionId":"b422a445905fdba7817112cef5092442","elementId":"063bdd54-44c5-46b9-9df3-1ccc417c2c08","element-6066-11e4-a52e-4f735466cecf":"063bdd54-44c5-46b9-9df3-1ccc417c2c08","selector":"#cloud-site  iframe","parent":{"capabilities":{"acceptInsecureCerts":true,"browserName":"chrome","browserVersion":"110.0.5481.104","chrome":{"chromedriverVersion":"109.0.5414.74 (e7c5703604daa9cc128ccf5a5d3e993513758913-refs/branch-heads/5414@{#1172})","userDataDir":"C:\\Users\\E3RA\\AppData\\Local\\Temp\\scoped_dir18116_594960850"},"goog:chromeOptions":{"debuggerAddress":"localhost:57095"},"networkConnectionEnabled":false,"pageLoadStrategy":"normal","platformName":"windows","proxy":{},"setWindowRect":true,"_":"6 more keys: [\"strictFileInteractability\",\"timeouts\",\"unhandledPromptBehavior\",\"webauthn:extension:credBlob\",\"webauthn:extension:largeBlob\",\"webauthn:virtualAuthenticators\"]"}},"isReactElement":false}}
COMMAND: POST /session/b422a445905fdba7817112cef5092442/element - {"using":"css selector","value":"#myFrame"}
RESULT: {"using":"css selector","value":"#myFrame"}
COMMAND: POST /session/b422a445905fdba7817112cef5092442/execute/sync - {"script":"return (function isElementDisplayed(element) {\n    function nodeIsElement(node) {\n        if (!node) {\n            return false;\n        }\n        switch (node.nodeType) {\n            case Node.ELEMEN ... (7807 more bytes)","args":[{"element-6066-11e4-a52e-4f735466cecf":"4ec8982e-306e-4b71-89b6-977d766904db","ELEMENT":"4ec8982e-306e-4b71-89b6-977d766904db"}]}
RESULT: {"script":"return (function isElementDisplayed(element) {\n    function nodeIsElement(node) {\n        if (!node) {\n            return false;\n        }\n        switch (node.nodeType) {\n            case Node.ELEMEN ... (7807 more bytes)","args":[{"element-6066-11e4-a52e-4f735466cecf":"4ec8982e-306e-4b71-89b6-977d766904db","ELEMENT":"4ec8982e-306e-4b71-89b6-977d766904db"}]}
COMMAND: POST /session/b422a445905fdba7817112cef5092442/element - {"using":"css selector","value":"#myFrame"}
RESULT: {"using":"css selector","value":"#myFrame"}
COMMAND: POST /session/b422a445905fdba7817112cef5092442/frame - {"id":{"sessionId":"b422a445905fdba7817112cef5092442","elementId":"4ec8982e-306e-4b71-89b6-977d766904db","element-6066-11e4-a52e-4f735466cecf":"4ec8982e-306e-4b71-89b6-977d766904db","selector":"#myFrame","parent":{"capabilities":{"acceptInsecureCerts":true,"browserName":"chrome","browserVersion":"110.0.5481.104","chrome":{"chromedriverVersion":"109.0.5414.74 (e7c5703604daa9cc128ccf5a5d3e993513758913-refs/branch-heads/5414@{#1172})","userDataDir":"C:\\Users\\E3RA\\AppData\\Local\\Temp\\scoped_dir18116_594960850"},"goog:chromeOptions":{"debuggerAddress":"localhost:57095"},"networkConnectionEnabled":false,"pageLoadStrategy":"normal","platformName":"windows","proxy":{},"setWindowRect":true,"_":"6 more keys: [\"strictFileInteractability\",\"timeouts\",\"unhandledPromptBehavior\",\"webauthn:extension:credBlob\",\"webauthn:extension:largeBlob\",\"webauthn:virtualAuthenticators\"]"}},"isReactElement":false}}
RESULT: {"id":{"sessionId":"b422a445905fdba7817112cef5092442","elementId":"4ec8982e-306e-4b71-89b6-977d766904db","element-6066-11e4-a52e-4f735466cecf":"4ec8982e-306e-4b71-89b6-977d766904db","selector":"#myFrame","parent":{"capabilities":{"acceptInsecureCerts":true,"browserName":"chrome","browserVersion":"110.0.5481.104","chrome":{"chromedriverVersion":"109.0.5414.74 (e7c5703604daa9cc128ccf5a5d3e993513758913-refs/branch-heads/5414@{#1172})","userDataDir":"C:\\Users\\E3RA\\AppData\\Local\\Temp\\scoped_dir18116_594960850"},"goog:chromeOptions":{"debuggerAddress":"localhost:57095"},"networkConnectionEnabled":false,"pageLoadStrategy":"normal","platformName":"windows","proxy":{},"setWindowRect":true,"_":"6 more keys: [\"strictFileInteractability\",\"timeouts\",\"unhandledPromptBehavior\",\"webauthn:extension:credBlob\",\"webauthn:extension:largeBlob\",\"webauthn:virtualAuthenticators\"]"}},"isReactElement":false}}
COMMAND: POST /session/b422a445905fdba7817112cef5092442/element - {"using":"xpath","value":"//button[@id = \"Email Estimate\"]"}
RESULT: {"using":"xpath","value":"//button[@id = \"Email Estimate\"]"}
COMMAND: POST /session/b422a445905fdba7817112cef5092442/elements - {"using":"xpath","value":"//button[@id = \"Email Estimate\"]"}
RESULT: {"using":"xpath","value":"//button[@id = \"Email Estimate\"]"}
COMMAND: POST /session/b422a445905fdba7817112cef5092442/element - {"using":"xpath","value":"//button[@id = \"Email Estimate\"]"}
RESULT: {"using":"xpath","value":"//button[@id = \"Email Estimate\"]"}
COMMAND: POST /session/b422a445905fdba7817112cef5092442/element/c7e08acc-c6ed-4437-985c-826d56436be1/click - {}
RESULT: {}
COMMAND: POST /session/b422a445905fdba7817112cef5092442/element - {"using":"css selector","value":"body div.md-dialog-container.ng-scope"}
RESULT: {"using":"css selector","value":"body div.md-dialog-container.ng-scope"}
COMMAND: POST /session/b422a445905fdba7817112cef5092442/execute/sync - {"script":"return (function isElementDisplayed(element) {\n    function nodeIsElement(node) {\n        if (!node) {\n            return false;\n        }\n        switch (node.nodeType) {\n            case Node.ELEMEN ... (7807 more bytes)","args":[{"element-6066-11e4-a52e-4f735466cecf":"18311f2d-7306-4c6b-ae37-c8861baf1565","ELEMENT":"18311f2d-7306-4c6b-ae37-c8861baf1565"}]}
RESULT: {"script":"return (function isElementDisplayed(element) {\n    function nodeIsElement(node) {\n        if (!node) {\n            return false;\n        }\n        switch (node.nodeType) {\n            case Node.ELEMEN ... (7807 more bytes)","args":[{"element-6066-11e4-a52e-4f735466cecf":"18311f2d-7306-4c6b-ae37-c8861baf1565","ELEMENT":"18311f2d-7306-4c6b-ae37-c8861baf1565"}]}
COMMAND: POST /session/b422a445905fdba7817112cef5092442/element - {"using":"xpath","value":"//input[@ng-model = \"emailQuote.user.email\"]"}
RESULT: {"using":"xpath","value":"//input[@ng-model = \"emailQuote.user.email\"]"}
COMMAND: POST /session/b422a445905fdba7817112cef5092442/elements - {"using":"xpath","value":"//input[@ng-model = \"emailQuote.user.email\"]"}
RESULT: {"using":"xpath","value":"//input[@ng-model = \"emailQuote.user.email\"]"}
COMMAND: POST /session/b422a445905fdba7817112cef5092442/element - {"using":"xpath","value":"//input[@ng-model = \"emailQuote.user.email\"]"}
RESULT: {"using":"xpath","value":"//input[@ng-model = \"emailQuote.user.email\"]"}
COMMAND: POST /session/b422a445905fdba7817112cef5092442/element/9b2f28b0-8dd2-4ec9-919e-46fa2f7498cd/clear - {}
RESULT: {}
COMMAND: POST /session/b422a445905fdba7817112cef5092442/element/9b2f28b0-8dd2-4ec9-919e-46fa2f7498cd/value - {"text":""}
RESULT: {"text":""}
COMMAND: POST /session/b422a445905fdba7817112cef5092442/actions - {"actions":[{"id":"action1","type":"key","parameters":{},"actions":[{"type":"keyDown","value":""},{"type":"keyDown","value":"v"},{"type":"pause","duration":10},{"type":"keyUp","value":""},{"type":"keyUp","value":"v"}]}]}
RESULT: {"actions":[{"id":"action1","type":"key","parameters":{},"actions":[{"type":"keyDown","value":""},{"type":"keyDown","value":"v"},{"type":"pause","duration":10},{"type":"keyUp","value":""},{"type":"keyUp","value":"v"}]}]}
COMMAND: DELETE /session/b422a445905fdba7817112cef5092442/actions - {}
RESULT: {}
COMMAND: POST /session/b422a445905fdba7817112cef5092442/element - {"using":"xpath","value":"//button[contains (text() , \"Send Email\")]"}
RESULT: {"using":"xpath","value":"//button[contains (text() , \"Send Email\")]"}
COMMAND: POST /session/b422a445905fdba7817112cef5092442/execute/sync - {"script":"return (function isElementDisplayed(element) {\n    function nodeIsElement(node) {\n        if (!node) {\n            return false;\n        }\n        switch (node.nodeType) {\n            case Node.ELEMEN ... (7807 more bytes)","args":[{"element-6066-11e4-a52e-4f735466cecf":"f1d52c8c-6dff-4bf3-950a-d8246726972b","ELEMENT":"f1d52c8c-6dff-4bf3-950a-d8246726972b"}]}
RESULT: {"script":"return (function isElementDisplayed(element) {\n    function nodeIsElement(node) {\n        if (!node) {\n            return false;\n        }\n        switch (node.nodeType) {\n            case Node.ELEMEN ... (7807 more bytes)","args":[{"element-6066-11e4-a52e-4f735466cecf":"f1d52c8c-6dff-4bf3-950a-d8246726972b","ELEMENT":"f1d52c8c-6dff-4bf3-950a-d8246726972b"}]}
COMMAND: POST /session/b422a445905fdba7817112cef5092442/element - {"using":"xpath","value":"//button[contains (text() , \"Send Email\")]"}
RESULT: {"using":"xpath","value":"//button[contains (text() , \"Send Email\")]"}
COMMAND: POST /session/b422a445905fdba7817112cef5092442/element/f1d52c8c-6dff-4bf3-950a-d8246726972b/click - {}
RESULT: {}
COMMAND: POST /session/b422a445905fdba7817112cef5092442/window - {"handle":"CDwindow-E3EF2DED57605E91AEDBC201C3DA6566"}
RESULT: {"handle":"CDwindow-E3EF2DED57605E91AEDBC201C3DA6566"}
COMMAND: POST /session/b422a445905fdba7817112cef5092442/element - {"using":"xpath","value":"//div[contains (text(), \"gcp-estimate@cloudpricingcalculator.appspotmail.com\")]"}
RESULT: {"using":"xpath","value":"//div[contains (text(), \"gcp-estimate@cloudpricingcalculator.appspotmail.com\")]"}
COMMAND: POST /session/b422a445905fdba7817112cef5092442/element - {"using":"xpath","value":"//div[contains (text(), \"gcp-estimate@cloudpricingcalculator.appspotmail.com\")]"}
RESULT: {"using":"xpath","value":"//div[contains (text(), \"gcp-estimate@cloudpricingcalculator.appspotmail.com\")]"}
COMMAND: POST /session/b422a445905fdba7817112cef5092442/element - {"using":"xpath","value":"//div[contains (text(), \"gcp-estimate@cloudpricingcalculator.appspotmail.com\")]"}
RESULT: {"using":"xpath","value":"//div[contains (text(), \"gcp-estimate@cloudpricingcalculator.appspotmail.com\")]"}
COMMAND: POST /session/b422a445905fdba7817112cef5092442/element - {"using":"xpath","value":"//div[contains (text(), \"gcp-estimate@cloudpricingcalculator.appspotmail.com\")]"}
RESULT: {"using":"xpath","value":"//div[contains (text(), \"gcp-estimate@cloudpricingcalculator.appspotmail.com\")]"}
COMMAND: POST /session/b422a445905fdba7817112cef5092442/element - {"using":"xpath","value":"//div[contains (text(), \"gcp-estimate@cloudpricingcalculator.appspotmail.com\")]"}
RESULT: {"using":"xpath","value":"//div[contains (text(), \"gcp-estimate@cloudpricingcalculator.appspotmail.com\")]"}
COMMAND: POST /session/b422a445905fdba7817112cef5092442/element - {"using":"xpath","value":"//div[contains (text(), \"gcp-estimate@cloudpricingcalculator.appspotmail.com\")]"}
RESULT: {"using":"xpath","value":"//div[contains (text(), \"gcp-estimate@cloudpricingcalculator.appspotmail.com\")]"}
COMMAND: POST /session/b422a445905fdba7817112cef5092442/element - {"using":"xpath","value":"//div[contains (text(), \"gcp-estimate@cloudpricingcalculator.appspotmail.com\")]"}
RESULT: {"using":"xpath","value":"//div[contains (text(), \"gcp-estimate@cloudpricingcalculator.appspotmail.com\")]"}
COMMAND: POST /session/b422a445905fdba7817112cef5092442/element - {"using":"xpath","value":"//div[contains (text(), \"gcp-estimate@cloudpricingcalculator.appspotmail.com\")]"}
RESULT: {"using":"xpath","value":"//div[contains (text(), \"gcp-estimate@cloudpricingcalculator.appspotmail.com\")]"}
COMMAND: POST /session/b422a445905fdba7817112cef5092442/element - {"using":"xpath","value":"//div[contains (text(), \"gcp-estimate@cloudpricingcalculator.appspotmail.com\")]"}
RESULT: {"using":"xpath","value":"//div[contains (text(), \"gcp-estimate@cloudpricingcalculator.appspotmail.com\")]"}
COMMAND: POST /session/b422a445905fdba7817112cef5092442/element - {"using":"xpath","value":"//div[contains (text(), \"gcp-estimate@cloudpricingcalculator.appspotmail.com\")]"}
RESULT: {"using":"xpath","value":"//div[contains (text(), \"gcp-estimate@cloudpricingcalculator.appspotmail.com\")]"}
COMMAND: POST /session/b422a445905fdba7817112cef5092442/element - {"using":"xpath","value":"//div[contains (text(), \"gcp-estimate@cloudpricingcalculator.appspotmail.com\")]"}
RESULT: {"using":"xpath","value":"//div[contains (text(), \"gcp-estimate@cloudpricingcalculator.appspotmail.com\")]"}
COMMAND: POST /session/b422a445905fdba7817112cef5092442/element - {"using":"xpath","value":"//div[contains (text(), \"gcp-estimate@cloudpricingcalculator.appspotmail.com\")]"}
RESULT: {"using":"xpath","value":"//div[contains (text(), \"gcp-estimate@cloudpricingcalculator.appspotmail.com\")]"}
COMMAND: POST /session/b422a445905fdba7817112cef5092442/element - {"using":"xpath","value":"//div[contains (text(), \"gcp-estimate@cloudpricingcalculator.appspotmail.com\")]"}
RESULT: {"using":"xpath","value":"//div[contains (text(), \"gcp-estimate@cloudpricingcalculator.appspotmail.com\")]"}
COMMAND: POST /session/b422a445905fdba7817112cef5092442/element - {"using":"xpath","value":"//div[contains (text(), \"gcp-estimate@cloudpricingcalculator.appspotmail.com\")]"}
RESULT: {"using":"xpath","value":"//div[contains (text(), \"gcp-estimate@cloudpricingcalculator.appspotmail.com\")]"}
COMMAND: POST /session/b422a445905fdba7817112cef5092442/element - {"using":"xpath","value":"//div[contains (text(), \"gcp-estimate@cloudpricingcalculator.appspotmail.com\")]"}
RESULT: {"using":"xpath","value":"//div[contains (text(), \"gcp-estimate@cloudpricingcalculator.appspotmail.com\")]"}
COMMAND: POST /session/b422a445905fdba7817112cef5092442/element - {"using":"xpath","value":"//div[contains (text(), \"gcp-estimate@cloudpricingcalculator.appspotmail.com\")]"}
RESULT: {"using":"xpath","value":"//div[contains (text(), \"gcp-estimate@cloudpricingcalculator.appspotmail.com\")]"}
COMMAND: POST /session/b422a445905fdba7817112cef5092442/execute/sync - {"script":"return (function isElementDisplayed(element) {\n    function nodeIsElement(node) {\n        if (!node) {\n            return false;\n        }\n        switch (node.nodeType) {\n            case Node.ELEMEN ... (7807 more bytes)","args":[{"element-6066-11e4-a52e-4f735466cecf":"4f9d39e3-c322-43bd-a931-4e1dbd30e1e2","ELEMENT":"4f9d39e3-c322-43bd-a931-4e1dbd30e1e2"}]}
RESULT: {"script":"return (function isElementDisplayed(element) {\n    function nodeIsElement(node) {\n        if (!node) {\n            return false;\n        }\n        switch (node.nodeType) {\n            case Node.ELEMEN ... (7807 more bytes)","args":[{"element-6066-11e4-a52e-4f735466cecf":"4f9d39e3-c322-43bd-a931-4e1dbd30e1e2","ELEMENT":"4f9d39e3-c322-43bd-a931-4e1dbd30e1e2"}]}
COMMAND: POST /session/b422a445905fdba7817112cef5092442/element - {"using":"xpath","value":"//div[contains (text(), \"gcp-estimate@cloudpricingcalculator.appspotmail.com\")]"}
RESULT: {"using":"xpath","value":"//div[contains (text(), \"gcp-estimate@cloudpricingcalculator.appspotmail.com\")]"}
COMMAND: POST /session/b422a445905fdba7817112cef5092442/element/4f9d39e3-c322-43bd-a931-4e1dbd30e1e2/click - {}
RESULT: {}
COMMAND: POST /session/b422a445905fdba7817112cef5092442/element - {"using":"xpath","value":"//iframe[@class = \"w-full flex flex-grow min-h-tm-groot-iframe\"]"}
RESULT: {"using":"xpath","value":"//iframe[@class = \"w-full flex flex-grow min-h-tm-groot-iframe\"]"}
COMMAND: POST /session/b422a445905fdba7817112cef5092442/execute/sync - {"script":"return (function isElementDisplayed(element) {\n    function nodeIsElement(node) {\n        if (!node) {\n            return false;\n        }\n        switch (node.nodeType) {\n            case Node.ELEMEN ... (7807 more bytes)","args":[{"element-6066-11e4-a52e-4f735466cecf":"8814de65-1288-4ffe-b986-887b6b9712fc","ELEMENT":"8814de65-1288-4ffe-b986-887b6b9712fc"}]}
RESULT: {"script":"return (function isElementDisplayed(element) {\n    function nodeIsElement(node) {\n        if (!node) {\n            return false;\n        }\n        switch (node.nodeType) {\n            case Node.ELEMEN ... (7807 more bytes)","args":[{"element-6066-11e4-a52e-4f735466cecf":"8814de65-1288-4ffe-b986-887b6b9712fc","ELEMENT":"8814de65-1288-4ffe-b986-887b6b9712fc"}]}
COMMAND: POST /session/b422a445905fdba7817112cef5092442/element - {"using":"xpath","value":"//iframe[@class = \"w-full flex flex-grow min-h-tm-groot-iframe\"]"}
RESULT: {"using":"xpath","value":"//iframe[@class = \"w-full flex flex-grow min-h-tm-groot-iframe\"]"}
COMMAND: POST /session/b422a445905fdba7817112cef5092442/frame - {"id":{"sessionId":"b422a445905fdba7817112cef5092442","elementId":"8814de65-1288-4ffe-b986-887b6b9712fc","element-6066-11e4-a52e-4f735466cecf":"8814de65-1288-4ffe-b986-887b6b9712fc","selector":"//iframe[@class = \"w-full flex flex-grow min-h-tm-groot-iframe\"]","parent":{"capabilities":{"acceptInsecureCerts":true,"browserName":"chrome","browserVersion":"110.0.5481.104","chrome":{"chromedriverVersion":"109.0.5414.74 (e7c5703604daa9cc128ccf5a5d3e993513758913-refs/branch-heads/5414@{#1172})","userDataDir":"C:\\Users\\E3RA\\AppData\\Local\\Temp\\scoped_dir18116_594960850"},"goog:chromeOptions":{"debuggerAddress":"localhost:57095"},"networkConnectionEnabled":false,"pageLoadStrategy":"normal","platformName":"windows","proxy":{},"setWindowRect":true,"_":"6 more keys: [\"strictFileInteractability\",\"timeouts\",\"unhandledPromptBehavior\",\"webauthn:extension:credBlob\",\"webauthn:extension:largeBlob\",\"webauthn:virtualAuthenticators\"]"}},"isReactElement":false}}
RESULT: {"id":{"sessionId":"b422a445905fdba7817112cef5092442","elementId":"8814de65-1288-4ffe-b986-887b6b9712fc","element-6066-11e4-a52e-4f735466cecf":"8814de65-1288-4ffe-b986-887b6b9712fc","selector":"//iframe[@class = \"w-full flex flex-grow min-h-tm-groot-iframe\"]","parent":{"capabilities":{"acceptInsecureCerts":true,"browserName":"chrome","browserVersion":"110.0.5481.104","chrome":{"chromedriverVersion":"109.0.5414.74 (e7c5703604daa9cc128ccf5a5d3e993513758913-refs/branch-heads/5414@{#1172})","userDataDir":"C:\\Users\\E3RA\\AppData\\Local\\Temp\\scoped_dir18116_594960850"},"goog:chromeOptions":{"debuggerAddress":"localhost:57095"},"networkConnectionEnabled":false,"pageLoadStrategy":"normal","platformName":"windows","proxy":{},"setWindowRect":true,"_":"6 more keys: [\"strictFileInteractability\",\"timeouts\",\"unhandledPromptBehavior\",\"webauthn:extension:credBlob\",\"webauthn:extension:largeBlob\",\"webauthn:virtualAuthenticators\"]"}},"isReactElement":false}}
COMMAND: POST /session/b422a445905fdba7817112cef5092442/element - {"using":"xpath","value":"//table[@class=\"quote\"]"}
RESULT: {"using":"xpath","value":"//table[@class=\"quote\"]"}
COMMAND: POST /session/b422a445905fdba7817112cef5092442/execute/sync - {"script":"return (function isElementDisplayed(element) {\n    function nodeIsElement(node) {\n        if (!node) {\n            return false;\n        }\n        switch (node.nodeType) {\n            case Node.ELEMEN ... (7807 more bytes)","args":[{"element-6066-11e4-a52e-4f735466cecf":"10ee167b-c43a-4d8a-80f9-772eb4e949af","ELEMENT":"10ee167b-c43a-4d8a-80f9-772eb4e949af"}]}
RESULT: {"script":"return (function isElementDisplayed(element) {\n    function nodeIsElement(node) {\n        if (!node) {\n            return false;\n        }\n        switch (node.nodeType) {\n            case Node.ELEMEN ... (7807 more bytes)","args":[{"element-6066-11e4-a52e-4f735466cecf":"10ee167b-c43a-4d8a-80f9-772eb4e949af","ELEMENT":"10ee167b-c43a-4d8a-80f9-772eb4e949af"}]}
COMMAND: POST /session/b422a445905fdba7817112cef5092442/element - {"using":"xpath","value":"//table[@class=\"quote\"]"}
RESULT: {"using":"xpath","value":"//table[@class=\"quote\"]"}
COMMAND: GET /session/b422a445905fdba7817112cef5092442/element/10ee167b-c43a-4d8a-80f9-772eb4e949af/text - {}
RESULT: {}
COMMAND: POST /session/b422a445905fdba7817112cef5092442/frame/parent - {}
RESULT: {}
COMMAND: DELETE /session/b422a445905fdba7817112cef5092442 - {}
RESULT: {}
]]></system-out>
    </testcase>
  </testsuite>
</testsuites>